{"uid":"314c1ff3bd2ce899","name":"Отображение ошибки валидации для поля Объем в академических часах со значением больше 100","fullName":"OdinUiTests:OdinUiTests.Tests.Activity.ActivityDurationTests.CheckEditActivityVolumeWithIncorrectValue(System.String)","historyId":"4e8228aaffc4fac4d0ed3e32afb00762","time":{"start":1766724641224,"stop":1766724677363,"duration":36139},"status":"broken","statusMessage":"System.Reflection.TargetInvocationException : Exception has been thrown by the target of an invocation.\n  ----> OpenQA.Selenium.WebDriverTimeoutException : Timed out after 5 seconds\n  ----> OpenQA.Selenium.NoSuchElementException : no such element: Unable to locate element: {\"method\":\"css selector\",\"selector\":\"[role='alert']\"}\n  (Session info: chrome=140.0.7339.127); For documentation on this error, please visit: https://www.selenium.dev/documentation/webdriver/troubleshooting/errors#no-such-element-exception","statusTrace":"   at System.Reflection.MethodBaseInvoker.InvokeWithManyArgs(Object obj, BindingFlags invokeAttr, Binder binder, Object[] parameters, CultureInfo culture)\n   at Allure.Net.Commons.Steps.AllureStepAspectBase.Around(String name, Object[] args, Func`2 target, MethodBase metadata, Type returnType)\n   at OdinUiTests.Pages.ActivityCommonEditPage.__a$_around_CheckErrorAlertIsAppear_100666125_w_0(Object[])\n   at OdinUiTests.Pages.ActivityCommonEditPage.CheckErrorAlertIsAppear()\n   at OdinUiTests.Tests.Activity.ActivityCommon.EditVolumeWithIncorrectValue(IWebDriver driver, Boolean isTemplate, String id, String volume) in /azp/_work/2/s/Tests/Activity/ActivityCommon.cs:line 592\n   at OdinUiTests.Tests.Activity.ActivityCommon.EditVolumeWithIncorrectValueInActivity(IWebDriver driver, String activityId, String volume) in /azp/_work/2/s/Tests/Activity/ActivityCommon.cs:line 596\n   at OdinUiTests.Tests.Activity.ActivityDurationTests.CheckEditActivityVolumeWithIncorrectValue(String volume) in /azp/_work/2/s/Tests/Activity/ActivityTests.cs:line 565\n   at InvokeStub_ActivityDurationTests.CheckEditActivityVolumeWithIncorrectValue(Object, Span`1)\n   at System.Reflection.MethodBaseInvoker.InvokeWithOneArg(Object obj, BindingFlags invokeAttr, Binder binder, Object[] parameters, CultureInfo culture)\n--WebDriverTimeoutException\n   at OpenQA.Selenium.Support.UI.DefaultWait`1.ThrowTimeoutException(String exceptionMessage, Exception lastException)\n   at OpenQA.Selenium.Support.UI.DefaultWait`1.Until[TResult](Func`2 condition, CancellationToken token)\n   at OpenQA.Selenium.Support.UI.DefaultWait`1.Until[TResult](Func`2 condition)\n   at OdinUiTests.Pages.ActivityCommonEditPage.__a$_around_CheckErrorAlertIsAppear_100666125_o() in /azp/_work/2/s/Pages/ActivityCommonEditPage.cs:line 1027\n   at OdinUiTests.Pages.ActivityCommonEditPage.__a$_around_CheckErrorAlertIsAppear_100666125_u(Object[])\n   at Allure.Net.Commons.Steps.AllureAbstractStepAspect.WrapSync[T](Func`2 target, Object[] args, MethodBase metadata, String stepName, List`1 stepParameters)\n   at InvokeStub_AllureAbstractStepAspect.WrapSync(Object, Span`1)\n   at System.Reflection.MethodBaseInvoker.InvokeWithManyArgs(Object obj, BindingFlags invokeAttr, Binder binder, Object[] parameters, CultureInfo culture)\n--NoSuchElementException\n   at OpenQA.Selenium.WebDriver.UnpackAndThrowOnError(Response errorResponse, String commandToExecute)\n   at OpenQA.Selenium.WebDriver.ExecuteAsync(String driverCommandToExecute, Dictionary`2 parameters)\n   at SeleniumExtras.WaitHelpers.ExpectedConditions.<>c__DisplayClass19_0.<ElementToBeClickable>b__0(IWebDriver driver)\n   at OpenQA.Selenium.Support.UI.DefaultWait`1.Until[TResult](Func`2 condition, CancellationToken token)","flaky":false,"newFailed":false,"newBroken":false,"newPassed":false,"retriesCount":0,"retriesStatusChange":false,"beforeStages":[],"testStage":{"status":"broken","statusMessage":"System.Reflection.TargetInvocationException : Exception has been thrown by the target of an invocation.\n  ----> OpenQA.Selenium.WebDriverTimeoutException : Timed out after 5 seconds\n  ----> OpenQA.Selenium.NoSuchElementException : no such element: Unable to locate element: {\"method\":\"css selector\",\"selector\":\"[role='alert']\"}\n  (Session info: chrome=140.0.7339.127); For documentation on this error, please visit: https://www.selenium.dev/documentation/webdriver/troubleshooting/errors#no-such-element-exception","statusTrace":"   at System.Reflection.MethodBaseInvoker.InvokeWithManyArgs(Object obj, BindingFlags invokeAttr, Binder binder, Object[] parameters, CultureInfo culture)\n   at Allure.Net.Commons.Steps.AllureStepAspectBase.Around(String name, Object[] args, Func`2 target, MethodBase metadata, Type returnType)\n   at OdinUiTests.Pages.ActivityCommonEditPage.__a$_around_CheckErrorAlertIsAppear_100666125_w_0(Object[])\n   at OdinUiTests.Pages.ActivityCommonEditPage.CheckErrorAlertIsAppear()\n   at OdinUiTests.Tests.Activity.ActivityCommon.EditVolumeWithIncorrectValue(IWebDriver driver, Boolean isTemplate, String id, String volume) in /azp/_work/2/s/Tests/Activity/ActivityCommon.cs:line 592\n   at OdinUiTests.Tests.Activity.ActivityCommon.EditVolumeWithIncorrectValueInActivity(IWebDriver driver, String activityId, String volume) in /azp/_work/2/s/Tests/Activity/ActivityCommon.cs:line 596\n   at OdinUiTests.Tests.Activity.ActivityDurationTests.CheckEditActivityVolumeWithIncorrectValue(String volume) in /azp/_work/2/s/Tests/Activity/ActivityTests.cs:line 565\n   at InvokeStub_ActivityDurationTests.CheckEditActivityVolumeWithIncorrectValue(Object, Span`1)\n   at System.Reflection.MethodBaseInvoker.InvokeWithOneArg(Object obj, BindingFlags invokeAttr, Binder binder, Object[] parameters, CultureInfo culture)\n--WebDriverTimeoutException\n   at OpenQA.Selenium.Support.UI.DefaultWait`1.ThrowTimeoutException(String exceptionMessage, Exception lastException)\n   at OpenQA.Selenium.Support.UI.DefaultWait`1.Until[TResult](Func`2 condition, CancellationToken token)\n   at OpenQA.Selenium.Support.UI.DefaultWait`1.Until[TResult](Func`2 condition)\n   at OdinUiTests.Pages.ActivityCommonEditPage.__a$_around_CheckErrorAlertIsAppear_100666125_o() in /azp/_work/2/s/Pages/ActivityCommonEditPage.cs:line 1027\n   at OdinUiTests.Pages.ActivityCommonEditPage.__a$_around_CheckErrorAlertIsAppear_100666125_u(Object[])\n   at Allure.Net.Commons.Steps.AllureAbstractStepAspect.WrapSync[T](Func`2 target, Object[] args, MethodBase metadata, String stepName, List`1 stepParameters)\n   at InvokeStub_AllureAbstractStepAspect.WrapSync(Object, Span`1)\n   at System.Reflection.MethodBaseInvoker.InvokeWithManyArgs(Object obj, BindingFlags invokeAttr, Binder binder, Object[] parameters, CultureInfo culture)\n--NoSuchElementException\n   at OpenQA.Selenium.WebDriver.UnpackAndThrowOnError(Response errorResponse, String commandToExecute)\n   at OpenQA.Selenium.WebDriver.ExecuteAsync(String driverCommandToExecute, Dictionary`2 parameters)\n   at SeleniumExtras.WaitHelpers.ExpectedConditions.<>c__DisplayClass19_0.<ElementToBeClickable>b__0(IWebDriver driver)\n   at OpenQA.Selenium.Support.UI.DefaultWait`1.Until[TResult](Func`2 condition, CancellationToken token)","steps":[{"name":"Открыть страницу редактирования активности","time":{"start":1766724641224,"stop":1766724641642,"duration":418},"status":"passed","steps":[{"name":"Открыть страницу редактирования активности","time":{"start":1766724641224,"stop":1766724641642,"duration":418},"status":"passed","steps":[],"attachments":[],"parameters":[{"name":"activityId","value":"\"377\""}],"stepsCount":0,"attachmentsCount":0,"shouldDisplayMessage":false,"hasContent":true}],"attachments":[],"parameters":[{"name":"isTemplate","value":"false"},{"name":"id","value":"\"377\""}],"stepsCount":1,"attachmentsCount":0,"shouldDisplayMessage":false,"hasContent":true},{"name":"В поле 'Объем в академических часах' ввести значение 110","time":{"start":1766724641642,"stop":1766724663989,"duration":22347},"status":"passed","steps":[],"attachments":[],"parameters":[],"stepsCount":0,"attachmentsCount":0,"shouldDisplayMessage":false,"hasContent":false},{"name":"Нажать на кнопку ‘Сохранить’","time":{"start":1766724663989,"stop":1766724671907,"duration":7918},"status":"passed","steps":[{"name":"Нажать на кнопку 'Сохранить' и подтвердить сохранение","time":{"start":1766724663989,"stop":1766724671907,"duration":7918},"status":"passed","steps":[],"attachments":[],"parameters":[],"stepsCount":0,"attachmentsCount":0,"shouldDisplayMessage":false,"hasContent":false}],"attachments":[],"parameters":[{"name":"isTemplate","value":"false"}],"stepsCount":1,"attachmentsCount":0,"shouldDisplayMessage":false,"hasContent":true},{"name":"Проверка отображения ошибки валидации","time":{"start":1766724671907,"stop":1766724677157,"duration":5250},"status":"broken","statusMessage":"Timed out after 5 seconds","statusTrace":"OpenQA.Selenium.WebDriverTimeoutException: Timed out after 5 seconds\n ---> OpenQA.Selenium.NoSuchElementException: no such element: Unable to locate element: {\"method\":\"css selector\",\"selector\":\"[role='alert']\"}\n  (Session info: chrome=140.0.7339.127); For documentation on this error, please visit: https://www.selenium.dev/documentation/webdriver/troubleshooting/errors#no-such-element-exception\n   at OpenQA.Selenium.WebDriver.UnpackAndThrowOnError(Response errorResponse, String commandToExecute)\n   at OpenQA.Selenium.WebDriver.ExecuteAsync(String driverCommandToExecute, Dictionary`2 parameters)\n   at SeleniumExtras.WaitHelpers.ExpectedConditions.<>c__DisplayClass19_0.<ElementToBeClickable>b__0(IWebDriver driver)\n   at OpenQA.Selenium.Support.UI.DefaultWait`1.Until[TResult](Func`2 condition, CancellationToken token)\n   --- End of inner exception stack trace ---\n   at OpenQA.Selenium.Support.UI.DefaultWait`1.ThrowTimeoutException(String exceptionMessage, Exception lastException)\n   at OpenQA.Selenium.Support.UI.DefaultWait`1.Until[TResult](Func`2 condition, CancellationToken token)\n   at OpenQA.Selenium.Support.UI.DefaultWait`1.Until[TResult](Func`2 condition)\n   at OdinUiTests.Pages.ActivityCommonEditPage.__a$_around_CheckErrorAlertIsAppear_100666125_o() in /azp/_work/2/s/Pages/ActivityCommonEditPage.cs:line 1027\n   at OdinUiTests.Pages.ActivityCommonEditPage.__a$_around_CheckErrorAlertIsAppear_100666125_u(Object[])\n   at Allure.Net.Commons.Steps.AllureAbstractStepAspect.WrapSync[T](Func`2 target, Object[] args, MethodBase metadata, String stepName, List`1 stepParameters)","steps":[],"attachments":[],"parameters":[],"stepsCount":0,"attachmentsCount":0,"shouldDisplayMessage":true,"hasContent":true}],"attachments":[{"uid":"e6e8b2d0e2b7990","name":"CheckEditActivityVolumeWithIncorrectValue.jpg","source":"e6e8b2d0e2b7990.jpg","type":"image/jpeg","size":134501},{"uid":"c48d9cf030dd39ce","name":"Console Output","source":"c48d9cf030dd39ce.txt","type":"text/plain","size":47}],"parameters":[],"stepsCount":6,"attachmentsCount":2,"shouldDisplayMessage":true,"hasContent":true},"afterStages":[],"labels":[{"name":"thread","value":"NUnit.Fw.ParallelWorker#9"},{"name":"host","value":"b036a6efd035"},{"name":"language","value":"C#"},{"name":"framework","value":"NUnit 3"},{"name":"package","value":"OdinUiTests.Tests.Activity"},{"name":"testMethod","value":"CheckEditActivityVolumeWithIncorrectValue"},{"name":"testClass","value":"ActivityDurationTests"},{"name":"parentSuite","value":"Активность"},{"name":"suite","value":"Обычная активность"},{"name":"subSuite","value":"Редактирование активности"},{"name":"severity","value":"critical"},{"name":"tag","value":"Активность"},{"name":"tag","value":"Дежурство"},{"name":"tag","value":"Регресс"},{"name":"resultFormat","value":"allure2"}],"parameters":[{"name":"volume","value":"\">100\""}],"links":[],"hidden":true,"retry":true,"extra":{"categories":[],"tags":["Регресс","Дежурство","Активность"]},"source":"314c1ff3bd2ce899.json","parameterValues":["\">100\""]}