{"uid":"379322da1f115f79","name":"Результат тестирования в попытках зависит от настройки За последнюю попытку в индивидуальной контрольной","fullName":"OdinUiTests:OdinUiTests.Tests.Activity.TestActivityStatusWithTwoOrMoreAttemptsTests.CheckResultOfPassingDependOnSettings(System.String,System.Int32,System.String)","historyId":"aee0808ccb282d7c9685a6614eb4f54c","time":{"start":1766724941663,"stop":1766725002073,"duration":60410},"status":"broken","statusMessage":"System.Reflection.TargetInvocationException : Exception has been thrown by the target of an invocation.\n  ----> System.Reflection.TargetInvocationException : Exception has been thrown by the target of an invocation.\n  ----> OpenQA.Selenium.ElementClickInterceptedException : element click intercepted: Element <div data-v-429a08dc=\"\" class=\"pass-info_bottom__button\">...</div> is not clickable at point (1083, 263). Other element would receive the click: <div data-v-bdeb60c3=\"\" class=\"call-notifications-component full-window window-height window-width\">...</div>\n  (Session info: chrome=140.0.7339.127)","statusTrace":"   at System.Reflection.MethodBaseInvoker.InvokeWithManyArgs(Object obj, BindingFlags invokeAttr, Binder binder, Object[] parameters, CultureInfo culture)\n   at Allure.Net.Commons.Steps.AllureStepAspectBase.Around(String name, Object[] args, Func`2 target, MethodBase metadata, Type returnType)\n   at OdinUiTests.Pages.ActivityCommonPage.__a$_around_PassAnotherTestAttempt_100666142_w_0(Object[])\n   at OdinUiTests.Pages.ActivityCommonPage.PassAnotherTestAttempt()\n   at OdinUiTests.Tests.Activity.TestActivityStatusWithTwoOrMoreAttemptsTests.CheckResultOfPassingDependOnSettings(String actId, Int32 evaluation, String attemptSetting) in /azp/_work/2/s/Tests/Activity/TestActivityTests.cs:line 697\n   at InvokeStub_TestActivityStatusWithTwoOrMoreAttemptsTests.CheckResultOfPassingDependOnSettings(Object, Span`1)\n   at System.Reflection.MethodBaseInvoker.InvokeWithFewArgs(Object obj, BindingFlags invokeAttr, Binder binder, Object[] parameters, CultureInfo culture)\n--TargetInvocationException\n   at System.Reflection.MethodBaseInvoker.InvokeWithManyArgs(Object obj, BindingFlags invokeAttr, Binder binder, Object[] parameters, CultureInfo culture)\n   at Allure.Net.Commons.Steps.AllureStepAspectBase.Around(String name, Object[] args, Func`2 target, MethodBase metadata, Type returnType)\n   at OdinUiTests.Pages.ExamOptionsPage.__a$_around_ClickOnStartButton_100666930_w_0(Object[])\n   at OdinUiTests.Pages.ExamOptionsPage.ClickOnStartButton()\n   at OdinUiTests.Pages.ActivityCommonPage.__a$_around_PassAnotherTestAttempt_100666142_o() in /azp/_work/2/s/Pages/ActivityCommonPage.cs:line 164\n   at OdinUiTests.Pages.ActivityCommonPage.__a$_around_PassAnotherTestAttempt_100666142_u(Object[])\n   at Allure.Net.Commons.Steps.AllureAbstractStepAspect.WrapSync[T](Func`2 target, Object[] args, MethodBase metadata, String stepName, List`1 stepParameters)\n   at InvokeStub_AllureAbstractStepAspect.WrapSync(Object, Span`1)\n   at System.Reflection.MethodBaseInvoker.InvokeWithManyArgs(Object obj, BindingFlags invokeAttr, Binder binder, Object[] parameters, CultureInfo culture)\n--ElementClickInterceptedException\n   at OpenQA.Selenium.WebDriver.UnpackAndThrowOnError(Response errorResponse, String commandToExecute)\n   at OpenQA.Selenium.WebDriver.ExecuteAsync(String driverCommandToExecute, Dictionary`2 parameters)\n   at OpenQA.Selenium.WebDriver.InternalExecute(String driverCommandToExecute, Dictionary`2 parameters)\n   at OpenQA.Selenium.WebElement.Click()\n   at OdinUiTests.Pages.ExamOptionsPage.__a$_around_ClickOnStartButton_100666930_o() in /azp/_work/2/s/Pages/ExamOptionsPage.cs:line 59\n   at OdinUiTests.Pages.ExamOptionsPage.__a$_around_ClickOnStartButton_100666930_u(Object[])\n   at Allure.Net.Commons.Steps.AllureAbstractStepAspect.WrapSync[T](Func`2 target, Object[] args, MethodBase metadata, String stepName, List`1 stepParameters)\n   at InvokeStub_AllureAbstractStepAspect.WrapSync(Object, Span`1)\n   at System.Reflection.MethodBaseInvoker.InvokeWithManyArgs(Object obj, BindingFlags invokeAttr, Binder binder, Object[] parameters, CultureInfo culture)","flaky":false,"newFailed":false,"newBroken":false,"newPassed":false,"retriesCount":0,"retriesStatusChange":false,"beforeStages":[],"testStage":{"status":"broken","statusMessage":"System.Reflection.TargetInvocationException : Exception has been thrown by the target of an invocation.\n  ----> System.Reflection.TargetInvocationException : Exception has been thrown by the target of an invocation.\n  ----> OpenQA.Selenium.ElementClickInterceptedException : element click intercepted: Element <div data-v-429a08dc=\"\" class=\"pass-info_bottom__button\">...</div> is not clickable at point (1083, 263). Other element would receive the click: <div data-v-bdeb60c3=\"\" class=\"call-notifications-component full-window window-height window-width\">...</div>\n  (Session info: chrome=140.0.7339.127)","statusTrace":"   at System.Reflection.MethodBaseInvoker.InvokeWithManyArgs(Object obj, BindingFlags invokeAttr, Binder binder, Object[] parameters, CultureInfo culture)\n   at Allure.Net.Commons.Steps.AllureStepAspectBase.Around(String name, Object[] args, Func`2 target, MethodBase metadata, Type returnType)\n   at OdinUiTests.Pages.ActivityCommonPage.__a$_around_PassAnotherTestAttempt_100666142_w_0(Object[])\n   at OdinUiTests.Pages.ActivityCommonPage.PassAnotherTestAttempt()\n   at OdinUiTests.Tests.Activity.TestActivityStatusWithTwoOrMoreAttemptsTests.CheckResultOfPassingDependOnSettings(String actId, Int32 evaluation, String attemptSetting) in /azp/_work/2/s/Tests/Activity/TestActivityTests.cs:line 697\n   at InvokeStub_TestActivityStatusWithTwoOrMoreAttemptsTests.CheckResultOfPassingDependOnSettings(Object, Span`1)\n   at System.Reflection.MethodBaseInvoker.InvokeWithFewArgs(Object obj, BindingFlags invokeAttr, Binder binder, Object[] parameters, CultureInfo culture)\n--TargetInvocationException\n   at System.Reflection.MethodBaseInvoker.InvokeWithManyArgs(Object obj, BindingFlags invokeAttr, Binder binder, Object[] parameters, CultureInfo culture)\n   at Allure.Net.Commons.Steps.AllureStepAspectBase.Around(String name, Object[] args, Func`2 target, MethodBase metadata, Type returnType)\n   at OdinUiTests.Pages.ExamOptionsPage.__a$_around_ClickOnStartButton_100666930_w_0(Object[])\n   at OdinUiTests.Pages.ExamOptionsPage.ClickOnStartButton()\n   at OdinUiTests.Pages.ActivityCommonPage.__a$_around_PassAnotherTestAttempt_100666142_o() in /azp/_work/2/s/Pages/ActivityCommonPage.cs:line 164\n   at OdinUiTests.Pages.ActivityCommonPage.__a$_around_PassAnotherTestAttempt_100666142_u(Object[])\n   at Allure.Net.Commons.Steps.AllureAbstractStepAspect.WrapSync[T](Func`2 target, Object[] args, MethodBase metadata, String stepName, List`1 stepParameters)\n   at InvokeStub_AllureAbstractStepAspect.WrapSync(Object, Span`1)\n   at System.Reflection.MethodBaseInvoker.InvokeWithManyArgs(Object obj, BindingFlags invokeAttr, Binder binder, Object[] parameters, CultureInfo culture)\n--ElementClickInterceptedException\n   at OpenQA.Selenium.WebDriver.UnpackAndThrowOnError(Response errorResponse, String commandToExecute)\n   at OpenQA.Selenium.WebDriver.ExecuteAsync(String driverCommandToExecute, Dictionary`2 parameters)\n   at OpenQA.Selenium.WebDriver.InternalExecute(String driverCommandToExecute, Dictionary`2 parameters)\n   at OpenQA.Selenium.WebElement.Click()\n   at OdinUiTests.Pages.ExamOptionsPage.__a$_around_ClickOnStartButton_100666930_o() in /azp/_work/2/s/Pages/ExamOptionsPage.cs:line 59\n   at OdinUiTests.Pages.ExamOptionsPage.__a$_around_ClickOnStartButton_100666930_u(Object[])\n   at Allure.Net.Commons.Steps.AllureAbstractStepAspect.WrapSync[T](Func`2 target, Object[] args, MethodBase metadata, String stepName, List`1 stepParameters)\n   at InvokeStub_AllureAbstractStepAspect.WrapSync(Object, Span`1)\n   at System.Reflection.MethodBaseInvoker.InvokeWithManyArgs(Object obj, BindingFlags invokeAttr, Binder binder, Object[] parameters, CultureInfo culture)","steps":[{"name":"Открыть страницу активности","time":{"start":1766724943722,"stop":1766724945073,"duration":1351},"status":"passed","steps":[],"attachments":[],"parameters":[{"name":"activityId","value":"\"5209\""}],"stepsCount":0,"attachmentsCount":0,"shouldDisplayMessage":false,"hasContent":true},{"name":"Пройти одну попытку прохождения теста","time":{"start":1766724945073,"stop":1766724994131,"duration":49058},"status":"passed","steps":[{"name":"Нажать на кнопку 'Перейти к тесту' со страницы активности","time":{"start":1766724945073,"stop":1766724957833,"duration":12760},"status":"passed","steps":[],"attachments":[],"parameters":[],"stepsCount":0,"attachmentsCount":0,"shouldDisplayMessage":false,"hasContent":false},{"name":"Нажать на кнопку 'Приступить'","time":{"start":1766724957833,"stop":1766724964641,"duration":6808},"status":"passed","steps":[],"attachments":[],"parameters":[],"stepsCount":0,"attachmentsCount":0,"shouldDisplayMessage":false,"hasContent":false},{"name":"Ответить на все вопросы и ожидать появления фразы 'Сохранено успешно'","time":{"start":1766724964641,"stop":1766724982766,"duration":18125},"status":"passed","steps":[],"attachments":[],"parameters":[],"stepsCount":0,"attachmentsCount":0,"shouldDisplayMessage":false,"hasContent":false},{"name":"Нажать на кнопку 'Отправить на проверку'","time":{"start":1766724982766,"stop":1766724983831,"duration":1065},"status":"passed","steps":[],"attachments":[],"parameters":[],"stepsCount":0,"attachmentsCount":0,"shouldDisplayMessage":false,"hasContent":false},{"name":"Нажать на кнопку 'Отправить на проверку' в модалке","time":{"start":1766724983831,"stop":1766724991734,"duration":7903},"status":"passed","steps":[],"attachments":[],"parameters":[],"stepsCount":0,"attachmentsCount":0,"shouldDisplayMessage":false,"hasContent":false},{"name":"Нажать на кнопку 'Пройти еще раз'","time":{"start":1766724991734,"stop":1766724994131,"duration":2397},"status":"passed","steps":[],"attachments":[],"parameters":[],"stepsCount":0,"attachmentsCount":0,"shouldDisplayMessage":false,"hasContent":false}],"attachments":[],"parameters":[],"stepsCount":6,"attachmentsCount":0,"shouldDisplayMessage":false,"hasContent":true},{"name":"Пройти еще одну попытку прохождения теста","time":{"start":1766724994131,"stop":1766725001537,"duration":7406},"status":"broken","statusMessage":"Exception has been thrown by the target of an invocation.","statusTrace":"System.Reflection.TargetInvocationException: Exception has been thrown by the target of an invocation.\n ---> OpenQA.Selenium.ElementClickInterceptedException: element click intercepted: Element <div data-v-429a08dc=\"\" class=\"pass-info_bottom__button\">...</div> is not clickable at point (1083, 263). Other element would receive the click: <div data-v-bdeb60c3=\"\" class=\"call-notifications-component full-window window-height window-width\">...</div>\n  (Session info: chrome=140.0.7339.127)\n   at OpenQA.Selenium.WebDriver.UnpackAndThrowOnError(Response errorResponse, String commandToExecute)\n   at OpenQA.Selenium.WebDriver.ExecuteAsync(String driverCommandToExecute, Dictionary`2 parameters)\n   at OpenQA.Selenium.WebDriver.InternalExecute(String driverCommandToExecute, Dictionary`2 parameters)\n   at OpenQA.Selenium.WebElement.Click()\n   at OdinUiTests.Pages.ExamOptionsPage.__a$_around_ClickOnStartButton_100666930_o() in /azp/_work/2/s/Pages/ExamOptionsPage.cs:line 59\n   at OdinUiTests.Pages.ExamOptionsPage.__a$_around_ClickOnStartButton_100666930_u(Object[])\n   at Allure.Net.Commons.Steps.AllureAbstractStepAspect.WrapSync[T](Func`2 target, Object[] args, MethodBase metadata, String stepName, List`1 stepParameters)\n   at InvokeStub_AllureAbstractStepAspect.WrapSync(Object, Span`1)\n   at System.Reflection.MethodBaseInvoker.InvokeWithManyArgs(Object obj, BindingFlags invokeAttr, Binder binder, Object[] parameters, CultureInfo culture)\n   --- End of inner exception stack trace ---\n   at System.Reflection.MethodBaseInvoker.InvokeWithManyArgs(Object obj, BindingFlags invokeAttr, Binder binder, Object[] parameters, CultureInfo culture)\n   at Allure.Net.Commons.Steps.AllureStepAspectBase.Around(String name, Object[] args, Func`2 target, MethodBase metadata, Type returnType)\n   at OdinUiTests.Pages.ExamOptionsPage.__a$_around_ClickOnStartButton_100666930_w_0(Object[])\n   at OdinUiTests.Pages.ExamOptionsPage.ClickOnStartButton()\n   at OdinUiTests.Pages.ActivityCommonPage.__a$_around_PassAnotherTestAttempt_100666142_o() in /azp/_work/2/s/Pages/ActivityCommonPage.cs:line 164\n   at OdinUiTests.Pages.ActivityCommonPage.__a$_around_PassAnotherTestAttempt_100666142_u(Object[])\n   at Allure.Net.Commons.Steps.AllureAbstractStepAspect.WrapSync[T](Func`2 target, Object[] args, MethodBase metadata, String stepName, List`1 stepParameters)","steps":[{"name":"Нажать на кнопку 'Приступить'","time":{"start":1766724994131,"stop":1766725001536,"duration":7405},"status":"broken","statusMessage":"element click intercepted: Element <div data-v-429a08dc=\"\" class=\"pass-info_bottom__button\">...</div> is not clickable at point (1083, 263). Other element would receive the click: <div data-v-bdeb60c3=\"\" class=\"call-notifications-component full-window window-height window-width\">...</div>\n  (Session info: chrome=140.0.7339.127)","statusTrace":"OpenQA.Selenium.ElementClickInterceptedException: element click intercepted: Element <div data-v-429a08dc=\"\" class=\"pass-info_bottom__button\">...</div> is not clickable at point (1083, 263). Other element would receive the click: <div data-v-bdeb60c3=\"\" class=\"call-notifications-component full-window window-height window-width\">...</div>\n  (Session info: chrome=140.0.7339.127)\n   at OpenQA.Selenium.WebDriver.UnpackAndThrowOnError(Response errorResponse, String commandToExecute)\n   at OpenQA.Selenium.WebDriver.ExecuteAsync(String driverCommandToExecute, Dictionary`2 parameters)\n   at OpenQA.Selenium.WebDriver.InternalExecute(String driverCommandToExecute, Dictionary`2 parameters)\n   at OpenQA.Selenium.WebElement.Click()\n   at OdinUiTests.Pages.ExamOptionsPage.__a$_around_ClickOnStartButton_100666930_o() in /azp/_work/2/s/Pages/ExamOptionsPage.cs:line 59\n   at OdinUiTests.Pages.ExamOptionsPage.__a$_around_ClickOnStartButton_100666930_u(Object[])\n   at Allure.Net.Commons.Steps.AllureAbstractStepAspect.WrapSync[T](Func`2 target, Object[] args, MethodBase metadata, String stepName, List`1 stepParameters)","steps":[],"attachments":[],"parameters":[],"stepsCount":0,"attachmentsCount":0,"shouldDisplayMessage":true,"hasContent":true}],"attachments":[],"parameters":[],"stepsCount":1,"attachmentsCount":0,"shouldDisplayMessage":true,"hasContent":true}],"attachments":[{"uid":"744afcfa67f54103","name":"CheckResultOfPassingDependOnSettings.jpg","source":"744afcfa67f54103.jpg","type":"image/jpeg","size":97085},{"uid":"2f4aee4f50916f3","name":"Console Output","source":"2f4aee4f50916f3.txt","type":"text/plain","size":55}],"parameters":[],"stepsCount":10,"attachmentsCount":2,"shouldDisplayMessage":true,"hasContent":true},"afterStages":[],"labels":[{"name":"thread","value":"NUnit.Fw.ParallelWorker#1"},{"name":"host","value":"b036a6efd035"},{"name":"language","value":"C#"},{"name":"framework","value":"NUnit 3"},{"name":"package","value":"OdinUiTests.Tests.Activity"},{"name":"testMethod","value":"CheckResultOfPassingDependOnSettings"},{"name":"testClass","value":"TestActivityStatusWithTwoOrMoreAttemptsTests"},{"name":"parentSuite","value":"Активность"},{"name":"suite","value":"Контрольная"},{"name":"subSuite","value":"Прохождение теста"},{"name":"severity","value":"critical"},{"name":"tag","value":"Активность"},{"name":"tag","value":"Дежурство"},{"name":"tag","value":"Регресс"},{"name":"resultFormat","value":"allure2"}],"parameters":[{"name":"actId","value":"\"5209\""},{"name":"attemptSetting","value":"\"lastTry\""},{"name":"evaluation","value":"2"}],"links":[],"hidden":true,"retry":true,"extra":{"categories":[],"tags":["Регресс","Дежурство","Активность"]},"source":"379322da1f115f79.json","parameterValues":["\"5209\"","\"lastTry\"","2"]}