{"uid":"45b26adcfbe16d26","name":"Создание потока: можно создать поток, заполнив поле ‘Максимальное количество студентов’","fullName":"OdinUiTests:OdinUiTests.Tests.Cohort.CohortCreationTests.CheckCreateCohortByFillingMaxNumberOfStudents()","historyId":"f1c76767d986a2bbd3aa1ea5a94acabe","time":{"start":1767063110534,"stop":1767063188487,"duration":77953},"status":"broken","statusMessage":"OpenQA.Selenium.WebDriverTimeoutException : Timed out after 30 seconds\n  ----> OpenQA.Selenium.NoSuchElementException : no such element: Unable to locate element: {\"method\":\"xpath\",\"selector\":\"//span[contains(text(),'Студентов')]\"}\n  (Session info: chrome=140.0.7339.127); For documentation on this error, please visit: https://www.selenium.dev/documentation/webdriver/troubleshooting/errors#no-such-element-exception","statusTrace":"   at OpenQA.Selenium.Support.UI.DefaultWait`1.ThrowTimeoutException(String exceptionMessage, Exception lastException)\n   at OpenQA.Selenium.Support.UI.DefaultWait`1.Until[TResult](Func`2 condition, CancellationToken token)\n   at OpenQA.Selenium.Support.UI.DefaultWait`1.Until[TResult](Func`2 condition)\n   at OdinUiTests.Pages.CohortInfoPage.<>c__DisplayClass59_0.<CheckCohortSavedSuccessWithNumOfStudents>b__0() in /azp/_work/1/s/Pages/CohortInfoPage.cs:line 545\n   at Allure.Net.Commons.AllureApi.ExecuteAction[T](String name, Action`1 start, Func`1 action, Action`1 resolve)\n   at Allure.Net.Commons.AllureApi.Step(String name, Action action)\n   at OdinUiTests.Pages.CohortInfoPage.CheckCohortSavedSuccessWithNumOfStudents(Int32 number, Boolean editing) in /azp/_work/1/s/Pages/CohortInfoPage.cs:line 542\n   at OdinUiTests.Tests.Cohort.CohortCreationTests.CheckCreateCohortByFillingMaxNumberOfStudents() in /azp/_work/1/s/Tests/Cohort/CohortCreateEditTests.cs:line 119\n   at System.RuntimeMethodHandle.InvokeMethod(Object target, Void** arguments, Signature sig, Boolean isConstructor)\n   at System.Reflection.MethodBaseInvoker.InvokeWithNoArgs(Object obj, BindingFlags invokeAttr)\n--NoSuchElementException\n   at OpenQA.Selenium.WebDriver.UnpackAndThrowOnError(Response errorResponse, String commandToExecute)\n   at OpenQA.Selenium.WebDriver.ExecuteAsync(String driverCommandToExecute, Dictionary`2 parameters)\n   at SeleniumExtras.WaitHelpers.ExpectedConditions.<>c__DisplayClass19_0.<ElementToBeClickable>b__0(IWebDriver driver)\n   at OpenQA.Selenium.Support.UI.DefaultWait`1.Until[TResult](Func`2 condition, CancellationToken token)","flaky":false,"newFailed":false,"newBroken":false,"newPassed":false,"retriesCount":0,"retriesStatusChange":false,"beforeStages":[],"testStage":{"status":"broken","statusMessage":"OpenQA.Selenium.WebDriverTimeoutException : Timed out after 30 seconds\n  ----> OpenQA.Selenium.NoSuchElementException : no such element: Unable to locate element: {\"method\":\"xpath\",\"selector\":\"//span[contains(text(),'Студентов')]\"}\n  (Session info: chrome=140.0.7339.127); For documentation on this error, please visit: https://www.selenium.dev/documentation/webdriver/troubleshooting/errors#no-such-element-exception","statusTrace":"   at OpenQA.Selenium.Support.UI.DefaultWait`1.ThrowTimeoutException(String exceptionMessage, Exception lastException)\n   at OpenQA.Selenium.Support.UI.DefaultWait`1.Until[TResult](Func`2 condition, CancellationToken token)\n   at OpenQA.Selenium.Support.UI.DefaultWait`1.Until[TResult](Func`2 condition)\n   at OdinUiTests.Pages.CohortInfoPage.<>c__DisplayClass59_0.<CheckCohortSavedSuccessWithNumOfStudents>b__0() in /azp/_work/1/s/Pages/CohortInfoPage.cs:line 545\n   at Allure.Net.Commons.AllureApi.ExecuteAction[T](String name, Action`1 start, Func`1 action, Action`1 resolve)\n   at Allure.Net.Commons.AllureApi.Step(String name, Action action)\n   at OdinUiTests.Pages.CohortInfoPage.CheckCohortSavedSuccessWithNumOfStudents(Int32 number, Boolean editing) in /azp/_work/1/s/Pages/CohortInfoPage.cs:line 542\n   at OdinUiTests.Tests.Cohort.CohortCreationTests.CheckCreateCohortByFillingMaxNumberOfStudents() in /azp/_work/1/s/Tests/Cohort/CohortCreateEditTests.cs:line 119\n   at System.RuntimeMethodHandle.InvokeMethod(Object target, Void** arguments, Signature sig, Boolean isConstructor)\n   at System.Reflection.MethodBaseInvoker.InvokeWithNoArgs(Object obj, BindingFlags invokeAttr)\n--NoSuchElementException\n   at OpenQA.Selenium.WebDriver.UnpackAndThrowOnError(Response errorResponse, String commandToExecute)\n   at OpenQA.Selenium.WebDriver.ExecuteAsync(String driverCommandToExecute, Dictionary`2 parameters)\n   at SeleniumExtras.WaitHelpers.ExpectedConditions.<>c__DisplayClass19_0.<ElementToBeClickable>b__0(IWebDriver driver)\n   at OpenQA.Selenium.Support.UI.DefaultWait`1.Until[TResult](Func`2 condition, CancellationToken token)","steps":[{"name":"Открыть страницу создания потока","time":{"start":1767063110534,"stop":1767063111054,"duration":520},"status":"passed","steps":[],"attachments":[],"parameters":[{"name":"programId","value":"\"5\""}],"stepsCount":0,"attachmentsCount":0,"shouldDisplayMessage":false,"hasContent":true},{"name":"Вставить значение в поле 'Название'","time":{"start":1767063111054,"stop":1767063118125,"duration":7071},"status":"passed","steps":[],"attachments":[],"parameters":[],"stepsCount":0,"attachmentsCount":0,"shouldDisplayMessage":false,"hasContent":false},{"name":"Выбрать значение в поле 'Дата начала'","time":{"start":1767063118125,"stop":1767063131575,"duration":13450},"status":"passed","steps":[],"attachments":[],"parameters":[],"stepsCount":0,"attachmentsCount":0,"shouldDisplayMessage":false,"hasContent":false},{"name":"Выбрать значение в поле 'Дата окончания'","time":{"start":1767063131575,"stop":1767063146054,"duration":14479},"status":"passed","steps":[],"attachments":[],"parameters":[],"stepsCount":0,"attachmentsCount":0,"shouldDisplayMessage":false,"hasContent":false},{"name":"Вставить значение в поле ‘Максимальное количество студентов’","time":{"start":1767063146054,"stop":1767063151869,"duration":5815},"status":"passed","steps":[],"attachments":[],"parameters":[],"stepsCount":0,"attachmentsCount":0,"shouldDisplayMessage":false,"hasContent":false},{"name":"Нажать на кнопку 'Сохранить'","time":{"start":1767063151869,"stop":1767063152364,"duration":495},"status":"passed","steps":[],"attachments":[],"parameters":[],"stepsCount":0,"attachmentsCount":0,"shouldDisplayMessage":false,"hasContent":false},{"name":"Проверка корректности создания потока с заданным значением в поле ‘Максимальное количество студентов’","time":{"start":1767063152364,"stop":1767063182881,"duration":30517},"status":"broken","statusMessage":"Timed out after 30 seconds","statusTrace":"OpenQA.Selenium.WebDriverTimeoutException: Timed out after 30 seconds\n ---> OpenQA.Selenium.NoSuchElementException: no such element: Unable to locate element: {\"method\":\"xpath\",\"selector\":\"//span[contains(text(),'Студентов')]\"}\n  (Session info: chrome=140.0.7339.127); For documentation on this error, please visit: https://www.selenium.dev/documentation/webdriver/troubleshooting/errors#no-such-element-exception\n   at OpenQA.Selenium.WebDriver.UnpackAndThrowOnError(Response errorResponse, String commandToExecute)\n   at OpenQA.Selenium.WebDriver.ExecuteAsync(String driverCommandToExecute, Dictionary`2 parameters)\n   at SeleniumExtras.WaitHelpers.ExpectedConditions.<>c__DisplayClass19_0.<ElementToBeClickable>b__0(IWebDriver driver)\n   at OpenQA.Selenium.Support.UI.DefaultWait`1.Until[TResult](Func`2 condition, CancellationToken token)\n   --- End of inner exception stack trace ---\n   at OpenQA.Selenium.Support.UI.DefaultWait`1.ThrowTimeoutException(String exceptionMessage, Exception lastException)\n   at OpenQA.Selenium.Support.UI.DefaultWait`1.Until[TResult](Func`2 condition, CancellationToken token)\n   at OpenQA.Selenium.Support.UI.DefaultWait`1.Until[TResult](Func`2 condition)\n   at OdinUiTests.Pages.CohortInfoPage.<>c__DisplayClass59_0.<CheckCohortSavedSuccessWithNumOfStudents>b__0() in /azp/_work/1/s/Pages/CohortInfoPage.cs:line 545\n   at Allure.Net.Commons.AllureApi.ExecuteAction[T](String name, Action`1 start, Func`1 action, Action`1 resolve)\n   at Allure.Net.Commons.AllureApi.Step(String name, Action action)\n   at OdinUiTests.Pages.CohortInfoPage.CheckCohortSavedSuccessWithNumOfStudents(Int32 number, Boolean editing) in /azp/_work/1/s/Pages/CohortInfoPage.cs:line 542\n   at OdinUiTests.Tests.Cohort.CohortCreationTests.CheckCreateCohortByFillingMaxNumberOfStudents() in /azp/_work/1/s/Tests/Cohort/CohortCreateEditTests.cs:line 119\n   at System.RuntimeMethodHandle.InvokeMethod(Object target, Void** arguments, Signature sig, Boolean isConstructor)\n   at System.Reflection.MethodBaseInvoker.InvokeWithNoArgs(Object obj, BindingFlags invokeAttr)","steps":[],"attachments":[],"parameters":[],"stepsCount":0,"attachmentsCount":0,"shouldDisplayMessage":true,"hasContent":true}],"attachments":[{"uid":"a7d0442de1bb9b94","name":"CheckCreateCohortByFillingMaxNumberOfStudents.jpg","source":"a7d0442de1bb9b94.jpg","type":"image/jpeg","size":118245},{"uid":"e38d40af90912b88","name":"Console Output","source":"e38d40af90912b88.txt","type":"text/plain","size":87}],"parameters":[],"stepsCount":7,"attachmentsCount":2,"shouldDisplayMessage":true,"hasContent":true},"afterStages":[],"labels":[{"name":"thread","value":"NUnit.Fw.ParallelWorker#2"},{"name":"host","value":"6461c812e52f"},{"name":"language","value":"C#"},{"name":"framework","value":"NUnit 3"},{"name":"package","value":"OdinUiTests.Tests.Cohort"},{"name":"testMethod","value":"CheckCreateCohortByFillingMaxNumberOfStudents"},{"name":"testClass","value":"CohortCreationTests"},{"name":"suite","value":"Поток"},{"name":"subSuite","value":"Создание потока"},{"name":"severity","value":"normal"},{"name":"tag","value":"Дежурство"},{"name":"tag","value":"Дежурство"},{"name":"tag","value":"Поток"},{"name":"tag","value":"Регресс"},{"name":"resultFormat","value":"allure2"}],"parameters":[],"links":[],"hidden":true,"retry":true,"extra":{"categories":[],"tags":["Регресс","Дежурство","Поток"]},"source":"45b26adcfbe16d26.json","parameterValues":[]}