{"uid":"47c33f9668906bf8","name":"Результат тестирования в попытках зависит от настройки За последнюю попытку в индивидуальной контрольной","fullName":"OdinUiTests:OdinUiTests.Tests.Activity.TestActivityStatusWithTwoOrMoreAttemptsTests.CheckResultOfPassingDependOnSettings(System.String,System.Int32,System.String)","historyId":"aee0808ccb282d7c9685a6614eb4f54c","time":{"start":1767062734889,"stop":1767062808686,"duration":73797},"status":"broken","statusMessage":"System.Reflection.TargetInvocationException : Exception has been thrown by the target of an invocation.\n  ----> System.Reflection.TargetInvocationException : Exception has been thrown by the target of an invocation.\n  ----> OpenQA.Selenium.ElementClickInterceptedException : element click intercepted: Element <span class=\"block\">...</span> is not clickable at point (1332, 898). Other element would receive the click: <div data-v-bdeb60c3=\"\" class=\"call-notifications-component full-window window-height window-width\">...</div>\n  (Session info: chrome=140.0.7339.127)","statusTrace":"   at System.Reflection.MethodBaseInvoker.InvokeWithManyArgs(Object obj, BindingFlags invokeAttr, Binder binder, Object[] parameters, CultureInfo culture)\n   at Allure.Net.Commons.Steps.AllureStepAspectBase.Around(String name, Object[] args, Func`2 target, MethodBase metadata, Type returnType)\n   at OdinUiTests.Pages.ActivityCommonPage.__a$_around_PassAnotherTestAttempt_100666142_w_0(Object[])\n   at OdinUiTests.Pages.ActivityCommonPage.PassAnotherTestAttempt()\n   at OdinUiTests.Tests.Activity.TestActivityStatusWithTwoOrMoreAttemptsTests.CheckResultOfPassingDependOnSettings(String actId, Int32 evaluation, String attemptSetting) in /azp/_work/1/s/Tests/Activity/TestActivityTests.cs:line 697\n   at InvokeStub_TestActivityStatusWithTwoOrMoreAttemptsTests.CheckResultOfPassingDependOnSettings(Object, Span`1)\n   at System.Reflection.MethodBaseInvoker.InvokeWithFewArgs(Object obj, BindingFlags invokeAttr, Binder binder, Object[] parameters, CultureInfo culture)\n--TargetInvocationException\n   at System.Reflection.MethodBaseInvoker.InvokeWithManyArgs(Object obj, BindingFlags invokeAttr, Binder binder, Object[] parameters, CultureInfo culture)\n   at Allure.Net.Commons.Steps.AllureStepAspectBase.Around(String name, Object[] args, Func`2 target, MethodBase metadata, Type returnType)\n   at OdinUiTests.Pages.ExamOptionsPage.__a$_around_ClickOnSubmitForReviewButton_100666934_w_0(Object[])\n   at OdinUiTests.Pages.ExamOptionsPage.ClickOnSubmitForReviewButton()\n   at OdinUiTests.Pages.ActivityCommonPage.__a$_around_PassAnotherTestAttempt_100666142_o() in /azp/_work/1/s/Pages/ActivityCommonPage.cs:line 164\n   at OdinUiTests.Pages.ActivityCommonPage.__a$_around_PassAnotherTestAttempt_100666142_u(Object[])\n   at Allure.Net.Commons.Steps.AllureAbstractStepAspect.WrapSync[T](Func`2 target, Object[] args, MethodBase metadata, String stepName, List`1 stepParameters)\n   at InvokeStub_AllureAbstractStepAspect.WrapSync(Object, Span`1)\n   at System.Reflection.MethodBaseInvoker.InvokeWithManyArgs(Object obj, BindingFlags invokeAttr, Binder binder, Object[] parameters, CultureInfo culture)\n--ElementClickInterceptedException\n   at OpenQA.Selenium.WebDriver.UnpackAndThrowOnError(Response errorResponse, String commandToExecute)\n   at OpenQA.Selenium.WebDriver.ExecuteAsync(String driverCommandToExecute, Dictionary`2 parameters)\n   at OpenQA.Selenium.WebDriver.InternalExecute(String driverCommandToExecute, Dictionary`2 parameters)\n   at OpenQA.Selenium.WebElement.Click()\n   at OdinUiTests.Pages.ExamOptionsPage.__a$_around_ClickOnSubmitForReviewButton_100666934_o() in /azp/_work/1/s/Pages/ExamOptionsPage.cs:line 94\n   at OdinUiTests.Pages.ExamOptionsPage.__a$_around_ClickOnSubmitForReviewButton_100666934_u(Object[])\n   at Allure.Net.Commons.Steps.AllureAbstractStepAspect.WrapSync[T](Func`2 target, Object[] args, MethodBase metadata, String stepName, List`1 stepParameters)\n   at InvokeStub_AllureAbstractStepAspect.WrapSync(Object, Span`1)\n   at System.Reflection.MethodBaseInvoker.InvokeWithManyArgs(Object obj, BindingFlags invokeAttr, Binder binder, Object[] parameters, CultureInfo culture)","flaky":false,"newFailed":false,"newBroken":false,"newPassed":false,"retriesCount":0,"retriesStatusChange":false,"beforeStages":[],"testStage":{"status":"broken","statusMessage":"System.Reflection.TargetInvocationException : Exception has been thrown by the target of an invocation.\n  ----> System.Reflection.TargetInvocationException : Exception has been thrown by the target of an invocation.\n  ----> OpenQA.Selenium.ElementClickInterceptedException : element click intercepted: Element <span class=\"block\">...</span> is not clickable at point (1332, 898). Other element would receive the click: <div data-v-bdeb60c3=\"\" class=\"call-notifications-component full-window window-height window-width\">...</div>\n  (Session info: chrome=140.0.7339.127)","statusTrace":"   at System.Reflection.MethodBaseInvoker.InvokeWithManyArgs(Object obj, BindingFlags invokeAttr, Binder binder, Object[] parameters, CultureInfo culture)\n   at Allure.Net.Commons.Steps.AllureStepAspectBase.Around(String name, Object[] args, Func`2 target, MethodBase metadata, Type returnType)\n   at OdinUiTests.Pages.ActivityCommonPage.__a$_around_PassAnotherTestAttempt_100666142_w_0(Object[])\n   at OdinUiTests.Pages.ActivityCommonPage.PassAnotherTestAttempt()\n   at OdinUiTests.Tests.Activity.TestActivityStatusWithTwoOrMoreAttemptsTests.CheckResultOfPassingDependOnSettings(String actId, Int32 evaluation, String attemptSetting) in /azp/_work/1/s/Tests/Activity/TestActivityTests.cs:line 697\n   at InvokeStub_TestActivityStatusWithTwoOrMoreAttemptsTests.CheckResultOfPassingDependOnSettings(Object, Span`1)\n   at System.Reflection.MethodBaseInvoker.InvokeWithFewArgs(Object obj, BindingFlags invokeAttr, Binder binder, Object[] parameters, CultureInfo culture)\n--TargetInvocationException\n   at System.Reflection.MethodBaseInvoker.InvokeWithManyArgs(Object obj, BindingFlags invokeAttr, Binder binder, Object[] parameters, CultureInfo culture)\n   at Allure.Net.Commons.Steps.AllureStepAspectBase.Around(String name, Object[] args, Func`2 target, MethodBase metadata, Type returnType)\n   at OdinUiTests.Pages.ExamOptionsPage.__a$_around_ClickOnSubmitForReviewButton_100666934_w_0(Object[])\n   at OdinUiTests.Pages.ExamOptionsPage.ClickOnSubmitForReviewButton()\n   at OdinUiTests.Pages.ActivityCommonPage.__a$_around_PassAnotherTestAttempt_100666142_o() in /azp/_work/1/s/Pages/ActivityCommonPage.cs:line 164\n   at OdinUiTests.Pages.ActivityCommonPage.__a$_around_PassAnotherTestAttempt_100666142_u(Object[])\n   at Allure.Net.Commons.Steps.AllureAbstractStepAspect.WrapSync[T](Func`2 target, Object[] args, MethodBase metadata, String stepName, List`1 stepParameters)\n   at InvokeStub_AllureAbstractStepAspect.WrapSync(Object, Span`1)\n   at System.Reflection.MethodBaseInvoker.InvokeWithManyArgs(Object obj, BindingFlags invokeAttr, Binder binder, Object[] parameters, CultureInfo culture)\n--ElementClickInterceptedException\n   at OpenQA.Selenium.WebDriver.UnpackAndThrowOnError(Response errorResponse, String commandToExecute)\n   at OpenQA.Selenium.WebDriver.ExecuteAsync(String driverCommandToExecute, Dictionary`2 parameters)\n   at OpenQA.Selenium.WebDriver.InternalExecute(String driverCommandToExecute, Dictionary`2 parameters)\n   at OpenQA.Selenium.WebElement.Click()\n   at OdinUiTests.Pages.ExamOptionsPage.__a$_around_ClickOnSubmitForReviewButton_100666934_o() in /azp/_work/1/s/Pages/ExamOptionsPage.cs:line 94\n   at OdinUiTests.Pages.ExamOptionsPage.__a$_around_ClickOnSubmitForReviewButton_100666934_u(Object[])\n   at Allure.Net.Commons.Steps.AllureAbstractStepAspect.WrapSync[T](Func`2 target, Object[] args, MethodBase metadata, String stepName, List`1 stepParameters)\n   at InvokeStub_AllureAbstractStepAspect.WrapSync(Object, Span`1)\n   at System.Reflection.MethodBaseInvoker.InvokeWithManyArgs(Object obj, BindingFlags invokeAttr, Binder binder, Object[] parameters, CultureInfo culture)","steps":[{"name":"Открыть страницу активности","time":{"start":1767062736556,"stop":1767062737776,"duration":1220},"status":"passed","steps":[],"attachments":[],"parameters":[{"name":"activityId","value":"\"5209\""}],"stepsCount":0,"attachmentsCount":0,"shouldDisplayMessage":false,"hasContent":true},{"name":"Пройти одну попытку прохождения теста","time":{"start":1767062737776,"stop":1767062777682,"duration":39906},"status":"passed","steps":[{"name":"Нажать на кнопку 'Перейти к тесту' со страницы активности","time":{"start":1767062737776,"stop":1767062747962,"duration":10186},"status":"passed","steps":[],"attachments":[],"parameters":[],"stepsCount":0,"attachmentsCount":0,"shouldDisplayMessage":false,"hasContent":false},{"name":"Нажать на кнопку 'Приступить'","time":{"start":1767062747962,"stop":1767062754574,"duration":6612},"status":"passed","steps":[],"attachments":[],"parameters":[],"stepsCount":0,"attachmentsCount":0,"shouldDisplayMessage":false,"hasContent":false},{"name":"Ответить на все вопросы и ожидать появления фразы 'Сохранено успешно'","time":{"start":1767062754574,"stop":1767062769466,"duration":14892},"status":"passed","steps":[],"attachments":[],"parameters":[],"stepsCount":0,"attachmentsCount":0,"shouldDisplayMessage":false,"hasContent":false},{"name":"Нажать на кнопку 'Отправить на проверку'","time":{"start":1767062769466,"stop":1767062770075,"duration":609},"status":"passed","steps":[],"attachments":[],"parameters":[],"stepsCount":0,"attachmentsCount":0,"shouldDisplayMessage":false,"hasContent":false},{"name":"Нажать на кнопку 'Отправить на проверку' в модалке","time":{"start":1767062770075,"stop":1767062776191,"duration":6116},"status":"passed","steps":[],"attachments":[],"parameters":[],"stepsCount":0,"attachmentsCount":0,"shouldDisplayMessage":false,"hasContent":false},{"name":"Нажать на кнопку 'Пройти еще раз'","time":{"start":1767062776191,"stop":1767062777682,"duration":1491},"status":"passed","steps":[],"attachments":[],"parameters":[],"stepsCount":0,"attachmentsCount":0,"shouldDisplayMessage":false,"hasContent":false}],"attachments":[],"parameters":[],"stepsCount":6,"attachmentsCount":0,"shouldDisplayMessage":false,"hasContent":true},{"name":"Пройти еще одну попытку прохождения теста","time":{"start":1767062777682,"stop":1767062807971,"duration":30289},"status":"broken","statusMessage":"Exception has been thrown by the target of an invocation.","statusTrace":"System.Reflection.TargetInvocationException: Exception has been thrown by the target of an invocation.\n ---> OpenQA.Selenium.ElementClickInterceptedException: element click intercepted: Element <span class=\"block\">...</span> is not clickable at point (1332, 898). Other element would receive the click: <div data-v-bdeb60c3=\"\" class=\"call-notifications-component full-window window-height window-width\">...</div>\n  (Session info: chrome=140.0.7339.127)\n   at OpenQA.Selenium.WebDriver.UnpackAndThrowOnError(Response errorResponse, String commandToExecute)\n   at OpenQA.Selenium.WebDriver.ExecuteAsync(String driverCommandToExecute, Dictionary`2 parameters)\n   at OpenQA.Selenium.WebDriver.InternalExecute(String driverCommandToExecute, Dictionary`2 parameters)\n   at OpenQA.Selenium.WebElement.Click()\n   at OdinUiTests.Pages.ExamOptionsPage.__a$_around_ClickOnSubmitForReviewButton_100666934_o() in /azp/_work/1/s/Pages/ExamOptionsPage.cs:line 94\n   at OdinUiTests.Pages.ExamOptionsPage.__a$_around_ClickOnSubmitForReviewButton_100666934_u(Object[])\n   at Allure.Net.Commons.Steps.AllureAbstractStepAspect.WrapSync[T](Func`2 target, Object[] args, MethodBase metadata, String stepName, List`1 stepParameters)\n   at InvokeStub_AllureAbstractStepAspect.WrapSync(Object, Span`1)\n   at System.Reflection.MethodBaseInvoker.InvokeWithManyArgs(Object obj, BindingFlags invokeAttr, Binder binder, Object[] parameters, CultureInfo culture)\n   --- End of inner exception stack trace ---\n   at System.Reflection.MethodBaseInvoker.InvokeWithManyArgs(Object obj, BindingFlags invokeAttr, Binder binder, Object[] parameters, CultureInfo culture)\n   at Allure.Net.Commons.Steps.AllureStepAspectBase.Around(String name, Object[] args, Func`2 target, MethodBase metadata, Type returnType)\n   at OdinUiTests.Pages.ExamOptionsPage.__a$_around_ClickOnSubmitForReviewButton_100666934_w_0(Object[])\n   at OdinUiTests.Pages.ExamOptionsPage.ClickOnSubmitForReviewButton()\n   at OdinUiTests.Pages.ActivityCommonPage.__a$_around_PassAnotherTestAttempt_100666142_o() in /azp/_work/1/s/Pages/ActivityCommonPage.cs:line 164\n   at OdinUiTests.Pages.ActivityCommonPage.__a$_around_PassAnotherTestAttempt_100666142_u(Object[])\n   at Allure.Net.Commons.Steps.AllureAbstractStepAspect.WrapSync[T](Func`2 target, Object[] args, MethodBase metadata, String stepName, List`1 stepParameters)","steps":[{"name":"Нажать на кнопку 'Приступить'","time":{"start":1767062777682,"stop":1767062784664,"duration":6982},"status":"passed","steps":[],"attachments":[],"parameters":[],"stepsCount":0,"attachmentsCount":0,"shouldDisplayMessage":false,"hasContent":false},{"name":"Ответить на все вопросы и ожидать появления фразы 'Сохранено успешно'","time":{"start":1767062784665,"stop":1767062805489,"duration":20824},"status":"passed","steps":[],"attachments":[],"parameters":[],"stepsCount":0,"attachmentsCount":0,"shouldDisplayMessage":false,"hasContent":false},{"name":"Нажать на кнопку 'Отправить на проверку'","time":{"start":1767062805489,"stop":1767062807971,"duration":2482},"status":"broken","statusMessage":"element click intercepted: Element <span class=\"block\">...</span> is not clickable at point (1332, 898). Other element would receive the click: <div data-v-bdeb60c3=\"\" class=\"call-notifications-component full-window window-height window-width\">...</div>\n  (Session info: chrome=140.0.7339.127)","statusTrace":"OpenQA.Selenium.ElementClickInterceptedException: element click intercepted: Element <span class=\"block\">...</span> is not clickable at point (1332, 898). Other element would receive the click: <div data-v-bdeb60c3=\"\" class=\"call-notifications-component full-window window-height window-width\">...</div>\n  (Session info: chrome=140.0.7339.127)\n   at OpenQA.Selenium.WebDriver.UnpackAndThrowOnError(Response errorResponse, String commandToExecute)\n   at OpenQA.Selenium.WebDriver.ExecuteAsync(String driverCommandToExecute, Dictionary`2 parameters)\n   at OpenQA.Selenium.WebDriver.InternalExecute(String driverCommandToExecute, Dictionary`2 parameters)\n   at OpenQA.Selenium.WebElement.Click()\n   at OdinUiTests.Pages.ExamOptionsPage.__a$_around_ClickOnSubmitForReviewButton_100666934_o() in /azp/_work/1/s/Pages/ExamOptionsPage.cs:line 94\n   at OdinUiTests.Pages.ExamOptionsPage.__a$_around_ClickOnSubmitForReviewButton_100666934_u(Object[])\n   at Allure.Net.Commons.Steps.AllureAbstractStepAspect.WrapSync[T](Func`2 target, Object[] args, MethodBase metadata, String stepName, List`1 stepParameters)","steps":[],"attachments":[],"parameters":[],"stepsCount":0,"attachmentsCount":0,"shouldDisplayMessage":true,"hasContent":true}],"attachments":[],"parameters":[],"stepsCount":3,"attachmentsCount":0,"shouldDisplayMessage":true,"hasContent":true}],"attachments":[{"uid":"24ffbd2ee9c82ec0","name":"CheckResultOfPassingDependOnSettings.jpg","source":"24ffbd2ee9c82ec0.jpg","type":"image/jpeg","size":140317},{"uid":"27b8b536c3ce0b32","name":"Console Output","source":"27b8b536c3ce0b32.txt","type":"text/plain","size":55}],"parameters":[],"stepsCount":12,"attachmentsCount":2,"shouldDisplayMessage":true,"hasContent":true},"afterStages":[],"labels":[{"name":"thread","value":"NUnit.Fw.ParallelWorker#4"},{"name":"host","value":"6461c812e52f"},{"name":"language","value":"C#"},{"name":"framework","value":"NUnit 3"},{"name":"package","value":"OdinUiTests.Tests.Activity"},{"name":"testMethod","value":"CheckResultOfPassingDependOnSettings"},{"name":"testClass","value":"TestActivityStatusWithTwoOrMoreAttemptsTests"},{"name":"parentSuite","value":"Активность"},{"name":"suite","value":"Контрольная"},{"name":"subSuite","value":"Прохождение теста"},{"name":"severity","value":"critical"},{"name":"tag","value":"Активность"},{"name":"tag","value":"Дежурство"},{"name":"tag","value":"Регресс"},{"name":"resultFormat","value":"allure2"}],"parameters":[{"name":"actId","value":"\"5209\""},{"name":"attemptSetting","value":"\"lastTry\""},{"name":"evaluation","value":"2"}],"links":[],"hidden":true,"retry":true,"extra":{"categories":[],"tags":["Регресс","Дежурство","Активность"]},"source":"47c33f9668906bf8.json","parameterValues":["\"5209\"","\"lastTry\"","2"]}