{"uid":"4f849b2bba3d588e","name":"Страница активности: нет доступа к кнопке Открыть чат дисциплины, если чат отключен","fullName":"OdinUiTests:OdinUiTests.Tests.Discipline.DisciplineChatBlockTests.CheckNotAccessOpenChatActivity()","historyId":"4f86e9572a0b9d94f550ff70583eae90","time":{"start":1767064212184,"stop":1767064244494,"duration":32310},"status":"broken","statusMessage":"System.Reflection.TargetInvocationException : Exception has been thrown by the target of an invocation.\n  ----> OpenQA.Selenium.WebDriverTimeoutException : Timed out after 30 seconds\n  ----> OpenQA.Selenium.NoSuchElementException : no such element: Unable to locate element: {\"method\":\"css selector\",\"selector\":\"[href*='Activity/Info']\"}\n  (Session info: chrome=140.0.7339.127); For documentation on this error, please visit: https://www.selenium.dev/documentation/webdriver/troubleshooting/errors#no-such-element-exception","statusTrace":"   at System.Reflection.MethodBaseInvoker.InvokeWithManyArgs(Object obj, BindingFlags invokeAttr, Binder binder, Object[] parameters, CultureInfo culture)\n   at Allure.Net.Commons.Steps.AllureStepAspectBase.Around(String name, Object[] args, Func`2 target, MethodBase metadata, Type returnType)\n   at OdinUiTests.Pages.DisCommonInfoPage.__a$_around_OpenRandomActivity_100666775_w_0(Object[])\n   at OdinUiTests.Pages.DisCommonInfoPage.OpenRandomActivity()\n   at OdinUiTests.Tests.Discipline.DisciplineChatBlockTests.CheckNotAccessOpenChatActivity() in /azp/_work/1/s/Tests/Discipline/DisCreateEditTests.cs:line 1356\n   at System.RuntimeMethodHandle.InvokeMethod(Object target, Void** arguments, Signature sig, Boolean isConstructor)\n   at System.Reflection.MethodBaseInvoker.InvokeWithNoArgs(Object obj, BindingFlags invokeAttr)\n--WebDriverTimeoutException\n   at OpenQA.Selenium.Support.UI.DefaultWait`1.ThrowTimeoutException(String exceptionMessage, Exception lastException)\n   at OpenQA.Selenium.Support.UI.DefaultWait`1.Until[TResult](Func`2 condition, CancellationToken token)\n   at OpenQA.Selenium.Support.UI.DefaultWait`1.Until[TResult](Func`2 condition)\n   at OdinUiTests.Pages.DisCommonInfoPage.__a$_around_OpenRandomActivity_100666775_o() in /azp/_work/1/s/Pages/DisCommonInfoPage.cs:line 698\n   at OdinUiTests.Pages.DisCommonInfoPage.__a$_around_OpenRandomActivity_100666775_u(Object[])\n   at Allure.Net.Commons.Steps.AllureAbstractStepAspect.WrapSync[T](Func`2 target, Object[] args, MethodBase metadata, String stepName, List`1 stepParameters)\n   at System.RuntimeMethodHandle.InvokeMethod(Object target, Void** arguments, Signature sig, Boolean isConstructor)\n   at System.Reflection.MethodBaseInvoker.InvokeWithManyArgs(Object obj, BindingFlags invokeAttr, Binder binder, Object[] parameters, CultureInfo culture)\n--NoSuchElementException\n   at OpenQA.Selenium.WebDriver.UnpackAndThrowOnError(Response errorResponse, String commandToExecute)\n   at OpenQA.Selenium.WebDriver.ExecuteAsync(String driverCommandToExecute, Dictionary`2 parameters)\n   at SeleniumExtras.WaitHelpers.ExpectedConditions.<>c__DisplayClass19_0.<ElementToBeClickable>b__0(IWebDriver driver)\n   at OpenQA.Selenium.Support.UI.DefaultWait`1.Until[TResult](Func`2 condition, CancellationToken token)","flaky":false,"newFailed":false,"newBroken":true,"newPassed":false,"retriesCount":1,"retriesStatusChange":true,"beforeStages":[],"testStage":{"status":"broken","statusMessage":"System.Reflection.TargetInvocationException : Exception has been thrown by the target of an invocation.\n  ----> OpenQA.Selenium.WebDriverTimeoutException : Timed out after 30 seconds\n  ----> OpenQA.Selenium.NoSuchElementException : no such element: Unable to locate element: {\"method\":\"css selector\",\"selector\":\"[href*='Activity/Info']\"}\n  (Session info: chrome=140.0.7339.127); For documentation on this error, please visit: https://www.selenium.dev/documentation/webdriver/troubleshooting/errors#no-such-element-exception","statusTrace":"   at System.Reflection.MethodBaseInvoker.InvokeWithManyArgs(Object obj, BindingFlags invokeAttr, Binder binder, Object[] parameters, CultureInfo culture)\n   at Allure.Net.Commons.Steps.AllureStepAspectBase.Around(String name, Object[] args, Func`2 target, MethodBase metadata, Type returnType)\n   at OdinUiTests.Pages.DisCommonInfoPage.__a$_around_OpenRandomActivity_100666775_w_0(Object[])\n   at OdinUiTests.Pages.DisCommonInfoPage.OpenRandomActivity()\n   at OdinUiTests.Tests.Discipline.DisciplineChatBlockTests.CheckNotAccessOpenChatActivity() in /azp/_work/1/s/Tests/Discipline/DisCreateEditTests.cs:line 1356\n   at System.RuntimeMethodHandle.InvokeMethod(Object target, Void** arguments, Signature sig, Boolean isConstructor)\n   at System.Reflection.MethodBaseInvoker.InvokeWithNoArgs(Object obj, BindingFlags invokeAttr)\n--WebDriverTimeoutException\n   at OpenQA.Selenium.Support.UI.DefaultWait`1.ThrowTimeoutException(String exceptionMessage, Exception lastException)\n   at OpenQA.Selenium.Support.UI.DefaultWait`1.Until[TResult](Func`2 condition, CancellationToken token)\n   at OpenQA.Selenium.Support.UI.DefaultWait`1.Until[TResult](Func`2 condition)\n   at OdinUiTests.Pages.DisCommonInfoPage.__a$_around_OpenRandomActivity_100666775_o() in /azp/_work/1/s/Pages/DisCommonInfoPage.cs:line 698\n   at OdinUiTests.Pages.DisCommonInfoPage.__a$_around_OpenRandomActivity_100666775_u(Object[])\n   at Allure.Net.Commons.Steps.AllureAbstractStepAspect.WrapSync[T](Func`2 target, Object[] args, MethodBase metadata, String stepName, List`1 stepParameters)\n   at System.RuntimeMethodHandle.InvokeMethod(Object target, Void** arguments, Signature sig, Boolean isConstructor)\n   at System.Reflection.MethodBaseInvoker.InvokeWithManyArgs(Object obj, BindingFlags invokeAttr, Binder binder, Object[] parameters, CultureInfo culture)\n--NoSuchElementException\n   at OpenQA.Selenium.WebDriver.UnpackAndThrowOnError(Response errorResponse, String commandToExecute)\n   at OpenQA.Selenium.WebDriver.ExecuteAsync(String driverCommandToExecute, Dictionary`2 parameters)\n   at SeleniumExtras.WaitHelpers.ExpectedConditions.<>c__DisplayClass19_0.<ElementToBeClickable>b__0(IWebDriver driver)\n   at OpenQA.Selenium.Support.UI.DefaultWait`1.Until[TResult](Func`2 condition, CancellationToken token)","steps":[{"name":"Открыть страницу дисциплины","time":{"start":1767064212185,"stop":1767064214085,"duration":1900},"status":"passed","steps":[],"attachments":[],"parameters":[{"name":"disciplineId","value":"\"289\""}],"stepsCount":0,"attachmentsCount":0,"shouldDisplayMessage":false,"hasContent":true},{"name":"Открыть первую доступную активность","time":{"start":1767064214086,"stop":1767064244346,"duration":30260},"status":"broken","statusMessage":"Timed out after 30 seconds","statusTrace":"OpenQA.Selenium.WebDriverTimeoutException: Timed out after 30 seconds\n ---> OpenQA.Selenium.NoSuchElementException: no such element: Unable to locate element: {\"method\":\"css selector\",\"selector\":\"[href*='Activity/Info']\"}\n  (Session info: chrome=140.0.7339.127); For documentation on this error, please visit: https://www.selenium.dev/documentation/webdriver/troubleshooting/errors#no-such-element-exception\n   at OpenQA.Selenium.WebDriver.UnpackAndThrowOnError(Response errorResponse, String commandToExecute)\n   at OpenQA.Selenium.WebDriver.ExecuteAsync(String driverCommandToExecute, Dictionary`2 parameters)\n   at SeleniumExtras.WaitHelpers.ExpectedConditions.<>c__DisplayClass19_0.<ElementToBeClickable>b__0(IWebDriver driver)\n   at OpenQA.Selenium.Support.UI.DefaultWait`1.Until[TResult](Func`2 condition, CancellationToken token)\n   --- End of inner exception stack trace ---\n   at OpenQA.Selenium.Support.UI.DefaultWait`1.ThrowTimeoutException(String exceptionMessage, Exception lastException)\n   at OpenQA.Selenium.Support.UI.DefaultWait`1.Until[TResult](Func`2 condition, CancellationToken token)\n   at OpenQA.Selenium.Support.UI.DefaultWait`1.Until[TResult](Func`2 condition)\n   at OdinUiTests.Pages.DisCommonInfoPage.__a$_around_OpenRandomActivity_100666775_o() in /azp/_work/1/s/Pages/DisCommonInfoPage.cs:line 698\n   at OdinUiTests.Pages.DisCommonInfoPage.__a$_around_OpenRandomActivity_100666775_u(Object[])\n   at Allure.Net.Commons.Steps.AllureAbstractStepAspect.WrapSync[T](Func`2 target, Object[] args, MethodBase metadata, String stepName, List`1 stepParameters)","steps":[],"attachments":[],"parameters":[],"stepsCount":0,"attachmentsCount":0,"shouldDisplayMessage":true,"hasContent":true}],"attachments":[{"uid":"b74f29e67393a860","name":"CheckNotAccessOpenChatActivity.jpg","source":"b74f29e67393a860.jpg","type":"image/jpeg","size":8532},{"uid":"6975467c95d9ffe7","name":"Console Output","source":"6975467c95d9ffe7.txt","type":"text/plain","size":49}],"parameters":[],"stepsCount":2,"attachmentsCount":2,"shouldDisplayMessage":true,"hasContent":true},"afterStages":[],"labels":[{"name":"thread","value":"NUnit.Fw.ParallelWorker#6"},{"name":"host","value":"6461c812e52f"},{"name":"language","value":"C#"},{"name":"framework","value":"NUnit 3"},{"name":"package","value":"OdinUiTests.Tests.Discipline"},{"name":"testMethod","value":"CheckNotAccessOpenChatActivity"},{"name":"testClass","value":"DisciplineChatBlockTests"},{"name":"suite","value":"Дисциплина"},{"name":"subSuite","value":"Настройка чата дисциплины"},{"name":"severity","value":"critical"},{"name":"tag","value":"Дисциплина"},{"name":"tag","value":"Дежурство"},{"name":"tag","value":"Регресс"},{"name":"resultFormat","value":"allure2"}],"parameters":[],"links":[],"hidden":false,"retry":false,"extra":{"severity":"critical","retries":[{"uid":"7b5c72452c25f203","status":"failed","statusDetails":"  Чат дисциплины не отключен\nAssert.That(condition, Is.True)\n  Expected: True\n  But was:  False\n","time":{"start":1767063079355,"stop":1767063088719,"duration":9364}}],"categories":[{"name":"Test defects","matchedStatuses":[],"flaky":false}],"history":{"statistic":{"failed":0,"broken":1,"skipped":0,"passed":16,"unknown":0,"total":17},"items":[{"uid":"4b9ff0626b6e8bf1","status":"passed","time":{"start":1767053410446,"stop":1767053427348,"duration":16902}},{"uid":"ded95ad19c8d4e8a","status":"passed","time":{"start":1766980188495,"stop":1766980204008,"duration":15513}},{"uid":"3bc4d909216ecaf9","status":"passed","time":{"start":1766725323853,"stop":1766725356852,"duration":32999}},{"uid":"112f98cbbf484aa0","status":"passed","time":{"start":1766718105899,"stop":1766718124108,"duration":18209}},{"uid":"2722056884e5555c","status":"passed","time":{"start":1766650125437,"stop":1766650141072,"duration":15635}},{"uid":"e206a1acd63e2723","status":"passed","time":{"start":1766554746747,"stop":1766554764769,"duration":18022}},{"uid":"109658c17b01b51d","status":"passed","time":{"start":1766549916336,"stop":1766549934544,"duration":18208}},{"uid":"9868c7dc6c79224","status":"passed","time":{"start":1766030138966,"stop":1766030153170,"duration":14204}},{"uid":"eb7d4392a05b41bc","status":"passed","time":{"start":1761544137704,"stop":1761544159157,"duration":21453}},{"uid":"2085d4c72b159d5f","status":"passed","time":{"start":1760922661280,"stop":1760922676409,"duration":15129}},{"uid":"9d8d68c8afc88571","status":"passed","time":{"start":1759904364164,"stop":1759904376359,"duration":12195}},{"uid":"2020a8ba2179e663","status":"passed","time":{"start":1759871798447,"stop":1759871814454,"duration":16007}},{"uid":"7acb4b0efd4ceb30","status":"passed","time":{"start":1759820408983,"stop":1759820415003,"duration":6020}},{"uid":"dc832b407890773f","status":"passed","time":{"start":1759804039496,"stop":1759804051594,"duration":12098}},{"uid":"d4d36a5f80fcc8b7","status":"passed","time":{"start":1759473972792,"stop":1759473991697,"duration":18905}},{"uid":"5c0fd3eeb5435f1e","status":"passed","time":{"start":1759283728108,"stop":1759283745105,"duration":16997}}]},"tags":["Регресс","Дежурство","Дисциплина"]},"source":"4f849b2bba3d588e.json","parameterValues":[]}