{"uid":"8f1f9f21755c8ca1","name":"Можно добавить новый групповой чат для групп и студентов","fullName":"OdinUiTests:OdinUiTests.Tests.Chat.GroupChatTests.CheckAddGroupChatWithUsers()","historyId":"9f70348833465ec9075236a1dac4b6b8","time":{"start":1766717874101,"stop":1766717923297,"duration":49196},"status":"broken","statusMessage":"System.Reflection.TargetInvocationException : Exception has been thrown by the target of an invocation.\n  ----> OpenQA.Selenium.WebDriverTimeoutException : Timed out after 30 seconds\n  ----> OpenQA.Selenium.NoSuchElementException : no such element: Unable to locate element: {\"method\":\"css selector\",\"selector\":\"[aria-label='Пользователи']\"}\n  (Session info: chrome=140.0.7339.127); For documentation on this error, please visit: https://www.selenium.dev/documentation/webdriver/troubleshooting/errors#no-such-element-exception","statusTrace":"   at System.Reflection.MethodBaseInvoker.InvokeWithManyArgs(Object obj, BindingFlags invokeAttr, Binder binder, Object[] parameters, CultureInfo culture)\n   at Allure.Net.Commons.Steps.AllureStepAspectBase.Around(String name, Object[] args, Func`2 target, MethodBase metadata, Type returnType)\n   at OdinUiTests.Pages.ChatCommonPage.__a$_around_FillCohortAndGroupsAndUsersField_100666413_w_0(Object[])\n   at OdinUiTests.Pages.ChatCommonPage.FillCohortAndGroupsAndUsersField(String cohortName, String groupName, String userName)\n   at OdinUiTests.Tests.Chat.ChatCommon.AddGroupChatWithUsers(IWebDriver driver, Int32 cohortId, Int32 groupId) in /azp/_work/1/s/Tests/Chat/ChatCommon.cs:line 757\n   at OdinUiTests.Tests.Chat.GroupChatTests.CheckAddGroupChatWithUsers() in /azp/_work/1/s/Tests/Chat/ChatTests.cs:line 788\n   at System.RuntimeMethodHandle.InvokeMethod(Object target, Void** arguments, Signature sig, Boolean isConstructor)\n   at System.Reflection.MethodBaseInvoker.InvokeWithNoArgs(Object obj, BindingFlags invokeAttr)\n--WebDriverTimeoutException\n   at OpenQA.Selenium.Support.UI.DefaultWait`1.ThrowTimeoutException(String exceptionMessage, Exception lastException)\n   at OpenQA.Selenium.Support.UI.DefaultWait`1.Until[TResult](Func`2 condition, CancellationToken token)\n   at OpenQA.Selenium.Support.UI.DefaultWait`1.Until[TResult](Func`2 condition)\n   at OdinUiTests.Pages.ChatCommonPage.FillContingentField(String contingent, String name) in /azp/_work/1/s/Pages/ChatCommonPage.cs:line 910\n   at OdinUiTests.Pages.ChatCommonPage.__a$_around_FillCohortAndGroupsAndUsersField_100666413_o(String cohortName, String groupName, String userName) in /azp/_work/1/s/Pages/ChatCommonPage.cs:line 935\n   at OdinUiTests.Pages.ChatCommonPage.__a$_around_FillCohortAndGroupsAndUsersField_100666413_u(Object[])\n   at Allure.Net.Commons.Steps.AllureAbstractStepAspect.WrapSync[T](Func`2 target, Object[] args, MethodBase metadata, String stepName, List`1 stepParameters)\n   at InvokeStub_AllureAbstractStepAspect.WrapSync(Object, Span`1)\n   at System.Reflection.MethodBaseInvoker.InvokeWithManyArgs(Object obj, BindingFlags invokeAttr, Binder binder, Object[] parameters, CultureInfo culture)\n--NoSuchElementException\n   at OpenQA.Selenium.WebDriver.UnpackAndThrowOnError(Response errorResponse, String commandToExecute)\n   at OpenQA.Selenium.WebDriver.ExecuteAsync(String driverCommandToExecute, Dictionary`2 parameters)\n   at SeleniumExtras.WaitHelpers.ExpectedConditions.<>c__DisplayClass19_0.<ElementToBeClickable>b__0(IWebDriver driver)\n   at OpenQA.Selenium.Support.UI.DefaultWait`1.Until[TResult](Func`2 condition, CancellationToken token)","flaky":false,"newFailed":false,"newBroken":false,"newPassed":false,"retriesCount":0,"retriesStatusChange":false,"beforeStages":[],"testStage":{"status":"broken","statusMessage":"System.Reflection.TargetInvocationException : Exception has been thrown by the target of an invocation.\n  ----> OpenQA.Selenium.WebDriverTimeoutException : Timed out after 30 seconds\n  ----> OpenQA.Selenium.NoSuchElementException : no such element: Unable to locate element: {\"method\":\"css selector\",\"selector\":\"[aria-label='Пользователи']\"}\n  (Session info: chrome=140.0.7339.127); For documentation on this error, please visit: https://www.selenium.dev/documentation/webdriver/troubleshooting/errors#no-such-element-exception","statusTrace":"   at System.Reflection.MethodBaseInvoker.InvokeWithManyArgs(Object obj, BindingFlags invokeAttr, Binder binder, Object[] parameters, CultureInfo culture)\n   at Allure.Net.Commons.Steps.AllureStepAspectBase.Around(String name, Object[] args, Func`2 target, MethodBase metadata, Type returnType)\n   at OdinUiTests.Pages.ChatCommonPage.__a$_around_FillCohortAndGroupsAndUsersField_100666413_w_0(Object[])\n   at OdinUiTests.Pages.ChatCommonPage.FillCohortAndGroupsAndUsersField(String cohortName, String groupName, String userName)\n   at OdinUiTests.Tests.Chat.ChatCommon.AddGroupChatWithUsers(IWebDriver driver, Int32 cohortId, Int32 groupId) in /azp/_work/1/s/Tests/Chat/ChatCommon.cs:line 757\n   at OdinUiTests.Tests.Chat.GroupChatTests.CheckAddGroupChatWithUsers() in /azp/_work/1/s/Tests/Chat/ChatTests.cs:line 788\n   at System.RuntimeMethodHandle.InvokeMethod(Object target, Void** arguments, Signature sig, Boolean isConstructor)\n   at System.Reflection.MethodBaseInvoker.InvokeWithNoArgs(Object obj, BindingFlags invokeAttr)\n--WebDriverTimeoutException\n   at OpenQA.Selenium.Support.UI.DefaultWait`1.ThrowTimeoutException(String exceptionMessage, Exception lastException)\n   at OpenQA.Selenium.Support.UI.DefaultWait`1.Until[TResult](Func`2 condition, CancellationToken token)\n   at OpenQA.Selenium.Support.UI.DefaultWait`1.Until[TResult](Func`2 condition)\n   at OdinUiTests.Pages.ChatCommonPage.FillContingentField(String contingent, String name) in /azp/_work/1/s/Pages/ChatCommonPage.cs:line 910\n   at OdinUiTests.Pages.ChatCommonPage.__a$_around_FillCohortAndGroupsAndUsersField_100666413_o(String cohortName, String groupName, String userName) in /azp/_work/1/s/Pages/ChatCommonPage.cs:line 935\n   at OdinUiTests.Pages.ChatCommonPage.__a$_around_FillCohortAndGroupsAndUsersField_100666413_u(Object[])\n   at Allure.Net.Commons.Steps.AllureAbstractStepAspect.WrapSync[T](Func`2 target, Object[] args, MethodBase metadata, String stepName, List`1 stepParameters)\n   at InvokeStub_AllureAbstractStepAspect.WrapSync(Object, Span`1)\n   at System.Reflection.MethodBaseInvoker.InvokeWithManyArgs(Object obj, BindingFlags invokeAttr, Binder binder, Object[] parameters, CultureInfo culture)\n--NoSuchElementException\n   at OpenQA.Selenium.WebDriver.UnpackAndThrowOnError(Response errorResponse, String commandToExecute)\n   at OpenQA.Selenium.WebDriver.ExecuteAsync(String driverCommandToExecute, Dictionary`2 parameters)\n   at SeleniumExtras.WaitHelpers.ExpectedConditions.<>c__DisplayClass19_0.<ElementToBeClickable>b__0(IWebDriver driver)\n   at OpenQA.Selenium.Support.UI.DefaultWait`1.Until[TResult](Func`2 condition, CancellationToken token)","steps":[{"name":"Открыть список чатов","time":{"start":1766717876809,"stop":1766717878112,"duration":1303},"status":"passed","steps":[],"attachments":[],"parameters":[],"stepsCount":0,"attachmentsCount":0,"shouldDisplayMessage":false,"hasContent":false},{"name":"Нажать на кнопку добавления чата","time":{"start":1766717878112,"stop":1766717883009,"duration":4897},"status":"passed","steps":[],"attachments":[],"parameters":[],"stepsCount":0,"attachmentsCount":0,"shouldDisplayMessage":false,"hasContent":false},{"name":"Выбрать групповой чат","time":{"start":1766717883009,"stop":1766717884010,"duration":1001},"status":"passed","steps":[],"attachments":[],"parameters":[],"stepsCount":0,"attachmentsCount":0,"shouldDisplayMessage":false,"hasContent":false},{"name":"Ввести значение в поле 'Название чата' в появившемся окне","time":{"start":1766717884010,"stop":1766717884711,"duration":701},"status":"passed","steps":[],"attachments":[],"parameters":[],"stepsCount":0,"attachmentsCount":0,"shouldDisplayMessage":false,"hasContent":false},{"name":"Заполнить поля 'Поток', 'Группы', 'Пользователи'","time":{"start":1766717884712,"stop":1766717922286,"duration":37574},"status":"broken","statusMessage":"Timed out after 30 seconds","statusTrace":"OpenQA.Selenium.WebDriverTimeoutException: Timed out after 30 seconds\n ---> OpenQA.Selenium.NoSuchElementException: no such element: Unable to locate element: {\"method\":\"css selector\",\"selector\":\"[aria-label='Пользователи']\"}\n  (Session info: chrome=140.0.7339.127); For documentation on this error, please visit: https://www.selenium.dev/documentation/webdriver/troubleshooting/errors#no-such-element-exception\n   at OpenQA.Selenium.WebDriver.UnpackAndThrowOnError(Response errorResponse, String commandToExecute)\n   at OpenQA.Selenium.WebDriver.ExecuteAsync(String driverCommandToExecute, Dictionary`2 parameters)\n   at SeleniumExtras.WaitHelpers.ExpectedConditions.<>c__DisplayClass19_0.<ElementToBeClickable>b__0(IWebDriver driver)\n   at OpenQA.Selenium.Support.UI.DefaultWait`1.Until[TResult](Func`2 condition, CancellationToken token)\n   --- End of inner exception stack trace ---\n   at OpenQA.Selenium.Support.UI.DefaultWait`1.ThrowTimeoutException(String exceptionMessage, Exception lastException)\n   at OpenQA.Selenium.Support.UI.DefaultWait`1.Until[TResult](Func`2 condition, CancellationToken token)\n   at OpenQA.Selenium.Support.UI.DefaultWait`1.Until[TResult](Func`2 condition)\n   at OdinUiTests.Pages.ChatCommonPage.FillContingentField(String contingent, String name) in /azp/_work/1/s/Pages/ChatCommonPage.cs:line 910\n   at OdinUiTests.Pages.ChatCommonPage.__a$_around_FillCohortAndGroupsAndUsersField_100666413_o(String cohortName, String groupName, String userName) in /azp/_work/1/s/Pages/ChatCommonPage.cs:line 935\n   at OdinUiTests.Pages.ChatCommonPage.__a$_around_FillCohortAndGroupsAndUsersField_100666413_u(Object[])\n   at Allure.Net.Commons.Steps.AllureAbstractStepAspect.WrapSync[T](Func`2 target, Object[] args, MethodBase metadata, String stepName, List`1 stepParameters)","steps":[],"attachments":[],"parameters":[{"name":"cohortName","value":"\"23-09 Первый поток\""},{"name":"groupName","value":"\"Группа для удаления\""},{"name":"userName","value":"\"Иванов Иван\""}],"stepsCount":0,"attachmentsCount":0,"shouldDisplayMessage":true,"hasContent":true}],"attachments":[{"uid":"32ec73ec9dee0225","name":"CheckAddGroupChatWithUsers.jpg","source":"32ec73ec9dee0225.jpg","type":"image/jpeg","size":464145},{"uid":"16829cf23615e690","name":"Console Output","source":"16829cf23615e690.txt","type":"text/plain","size":41}],"parameters":[],"stepsCount":5,"attachmentsCount":2,"shouldDisplayMessage":true,"hasContent":true},"afterStages":[],"labels":[{"name":"thread","value":"NUnit.Fw.ParallelWorker#2"},{"name":"host","value":"ad0b787872fb"},{"name":"language","value":"C#"},{"name":"framework","value":"NUnit 3"},{"name":"package","value":"OdinUiTests.Tests.Chat"},{"name":"testMethod","value":"CheckAddGroupChatWithUsers"},{"name":"testClass","value":"GroupChatTests"},{"name":"suite","value":"Чат"},{"name":"subSuite","value":"Групповой чат"},{"name":"severity","value":"normal"},{"name":"tag","value":"Чат"},{"name":"tag","value":"Дежурство"},{"name":"tag","value":"Регресс"},{"name":"resultFormat","value":"allure2"}],"parameters":[],"links":[],"hidden":true,"retry":true,"extra":{"categories":[],"tags":["Регресс","Дежурство","Чат"]},"source":"8f1f9f21755c8ca1.json","parameterValues":[]}