{"uid":"a7f72bfcd1a39f4c","name":"Можно очистить теги знаний","fullName":"OdinUiTests:OdinUiTests.Tests.Activity.ActivityEditingTests.CheckClearAddedTagFromActivity()","historyId":"d98906138f4de93f44b101e6088a5a1f","time":{"start":1766134781510,"stop":1766134813374,"duration":31864},"status":"broken","statusMessage":"System.Reflection.TargetInvocationException : Exception has been thrown by the target of an invocation.\n  ----> OpenQA.Selenium.WebDriverTimeoutException : Timed out after 30 seconds\n  ----> OpenQA.Selenium.NoSuchElementException : no such element: Unable to locate element: {\"method\":\"xpath\",\"selector\":\"//div[contains(@class,'knowledge-label-chip-avatar')]\"}\n  (Session info: chrome=140.0.7339.127); For documentation on this error, please visit: https://www.selenium.dev/documentation/webdriver/troubleshooting/errors#no-such-element-exception","statusTrace":"   at System.Reflection.MethodBaseInvoker.InvokeWithManyArgs(Object obj, BindingFlags invokeAttr, Binder binder, Object[] parameters, CultureInfo culture)\n   at Allure.Net.Commons.Steps.AllureStepAspectBase.Around(String name, Object[] args, Func`2 target, MethodBase metadata, Type returnType)\n   at OdinUiTests.Pages.ActivityCommonEditPage.__a$_around_ClearTagFromActivity_100666061_w_0(Object[])\n   at OdinUiTests.Pages.ActivityCommonEditPage.ClearTagFromActivity()\n   at OdinUiTests.Pages.ActivityCommonEditPage.ClearTagFromActivity(Boolean isTemplate) in /azp/_work/2/s/Pages/ActivityCommonEditPage.cs:line 386\n   at OdinUiTests.Tests.Activity.ActivityCommon.ClearTag(IWebDriver driver, Boolean isTemplate, String id) in /azp/_work/2/s/Tests/Activity/ActivityCommon.cs:line 469\n   at OdinUiTests.Tests.Activity.ActivityCommon.ClearTagFromActivity(IWebDriver driver, String activityId) in /azp/_work/2/s/Tests/Activity/ActivityCommon.cs:line 479\n   at OdinUiTests.Tests.Activity.ActivityEditingTests.CheckClearAddedTagFromActivity() in /azp/_work/2/s/Tests/Activity/ActivityTests.cs:line 158\n   at System.RuntimeMethodHandle.InvokeMethod(Object target, Void** arguments, Signature sig, Boolean isConstructor)\n   at System.Reflection.MethodBaseInvoker.InvokeWithNoArgs(Object obj, BindingFlags invokeAttr)\n--WebDriverTimeoutException\n   at OpenQA.Selenium.Support.UI.DefaultWait`1.ThrowTimeoutException(String exceptionMessage, Exception lastException)\n   at OpenQA.Selenium.Support.UI.DefaultWait`1.Until[TResult](Func`2 condition, CancellationToken token)\n   at OpenQA.Selenium.Support.UI.DefaultWait`1.Until[TResult](Func`2 condition)\n   at OdinUiTests.Services.CommonService.ClearTag(IWebDriver driver) in /azp/_work/2/s/Services/CommonService.cs:line 394\n   at OdinUiTests.Pages.ActivityCommonEditPage.__a$_around_ClearTagFromActivity_100666061_o() in /azp/_work/2/s/Pages/ActivityCommonEditPage.cs:line 373\n   at OdinUiTests.Pages.ActivityCommonEditPage.__a$_around_ClearTagFromActivity_100666061_u(Object[])\n   at Allure.Net.Commons.Steps.AllureAbstractStepAspect.WrapSync[T](Func`2 target, Object[] args, MethodBase metadata, String stepName, List`1 stepParameters)\n   at InvokeStub_AllureAbstractStepAspect.WrapSync(Object, Span`1)\n   at System.Reflection.MethodBaseInvoker.InvokeWithManyArgs(Object obj, BindingFlags invokeAttr, Binder binder, Object[] parameters, CultureInfo culture)\n--NoSuchElementException\n   at OpenQA.Selenium.WebDriver.UnpackAndThrowOnError(Response errorResponse, String commandToExecute)\n   at OpenQA.Selenium.WebDriver.ExecuteAsync(String driverCommandToExecute, Dictionary`2 parameters)\n   at SeleniumExtras.WaitHelpers.ExpectedConditions.<>c__DisplayClass19_0.<ElementToBeClickable>b__0(IWebDriver driver)\n   at OpenQA.Selenium.Support.UI.DefaultWait`1.Until[TResult](Func`2 condition, CancellationToken token)","flaky":false,"newFailed":false,"newBroken":false,"newPassed":false,"retriesCount":0,"retriesStatusChange":false,"beforeStages":[],"testStage":{"status":"broken","statusMessage":"System.Reflection.TargetInvocationException : Exception has been thrown by the target of an invocation.\n  ----> OpenQA.Selenium.WebDriverTimeoutException : Timed out after 30 seconds\n  ----> OpenQA.Selenium.NoSuchElementException : no such element: Unable to locate element: {\"method\":\"xpath\",\"selector\":\"//div[contains(@class,'knowledge-label-chip-avatar')]\"}\n  (Session info: chrome=140.0.7339.127); For documentation on this error, please visit: https://www.selenium.dev/documentation/webdriver/troubleshooting/errors#no-such-element-exception","statusTrace":"   at System.Reflection.MethodBaseInvoker.InvokeWithManyArgs(Object obj, BindingFlags invokeAttr, Binder binder, Object[] parameters, CultureInfo culture)\n   at Allure.Net.Commons.Steps.AllureStepAspectBase.Around(String name, Object[] args, Func`2 target, MethodBase metadata, Type returnType)\n   at OdinUiTests.Pages.ActivityCommonEditPage.__a$_around_ClearTagFromActivity_100666061_w_0(Object[])\n   at OdinUiTests.Pages.ActivityCommonEditPage.ClearTagFromActivity()\n   at OdinUiTests.Pages.ActivityCommonEditPage.ClearTagFromActivity(Boolean isTemplate) in /azp/_work/2/s/Pages/ActivityCommonEditPage.cs:line 386\n   at OdinUiTests.Tests.Activity.ActivityCommon.ClearTag(IWebDriver driver, Boolean isTemplate, String id) in /azp/_work/2/s/Tests/Activity/ActivityCommon.cs:line 469\n   at OdinUiTests.Tests.Activity.ActivityCommon.ClearTagFromActivity(IWebDriver driver, String activityId) in /azp/_work/2/s/Tests/Activity/ActivityCommon.cs:line 479\n   at OdinUiTests.Tests.Activity.ActivityEditingTests.CheckClearAddedTagFromActivity() in /azp/_work/2/s/Tests/Activity/ActivityTests.cs:line 158\n   at System.RuntimeMethodHandle.InvokeMethod(Object target, Void** arguments, Signature sig, Boolean isConstructor)\n   at System.Reflection.MethodBaseInvoker.InvokeWithNoArgs(Object obj, BindingFlags invokeAttr)\n--WebDriverTimeoutException\n   at OpenQA.Selenium.Support.UI.DefaultWait`1.ThrowTimeoutException(String exceptionMessage, Exception lastException)\n   at OpenQA.Selenium.Support.UI.DefaultWait`1.Until[TResult](Func`2 condition, CancellationToken token)\n   at OpenQA.Selenium.Support.UI.DefaultWait`1.Until[TResult](Func`2 condition)\n   at OdinUiTests.Services.CommonService.ClearTag(IWebDriver driver) in /azp/_work/2/s/Services/CommonService.cs:line 394\n   at OdinUiTests.Pages.ActivityCommonEditPage.__a$_around_ClearTagFromActivity_100666061_o() in /azp/_work/2/s/Pages/ActivityCommonEditPage.cs:line 373\n   at OdinUiTests.Pages.ActivityCommonEditPage.__a$_around_ClearTagFromActivity_100666061_u(Object[])\n   at Allure.Net.Commons.Steps.AllureAbstractStepAspect.WrapSync[T](Func`2 target, Object[] args, MethodBase metadata, String stepName, List`1 stepParameters)\n   at InvokeStub_AllureAbstractStepAspect.WrapSync(Object, Span`1)\n   at System.Reflection.MethodBaseInvoker.InvokeWithManyArgs(Object obj, BindingFlags invokeAttr, Binder binder, Object[] parameters, CultureInfo culture)\n--NoSuchElementException\n   at OpenQA.Selenium.WebDriver.UnpackAndThrowOnError(Response errorResponse, String commandToExecute)\n   at OpenQA.Selenium.WebDriver.ExecuteAsync(String driverCommandToExecute, Dictionary`2 parameters)\n   at SeleniumExtras.WaitHelpers.ExpectedConditions.<>c__DisplayClass19_0.<ElementToBeClickable>b__0(IWebDriver driver)\n   at OpenQA.Selenium.Support.UI.DefaultWait`1.Until[TResult](Func`2 condition, CancellationToken token)","steps":[{"name":"Открыть страницу редактирования активности","time":{"start":1766134782744,"stop":1766134783203,"duration":459},"status":"passed","steps":[{"name":"Открыть страницу редактирования активности","time":{"start":1766134782744,"stop":1766134783203,"duration":459},"status":"passed","steps":[],"attachments":[],"parameters":[{"name":"activityId","value":"\"447\""}],"stepsCount":0,"attachmentsCount":0,"shouldDisplayMessage":false,"hasContent":true}],"attachments":[],"parameters":[{"name":"isTemplate","value":"false"},{"name":"id","value":"\"447\""}],"stepsCount":1,"attachmentsCount":0,"shouldDisplayMessage":false,"hasContent":true},{"name":"Очистить теги в активности","time":{"start":1766134783204,"stop":1766134813232,"duration":30028},"status":"broken","statusMessage":"Timed out after 30 seconds","statusTrace":"OpenQA.Selenium.WebDriverTimeoutException: Timed out after 30 seconds\n ---> OpenQA.Selenium.NoSuchElementException: no such element: Unable to locate element: {\"method\":\"xpath\",\"selector\":\"//div[contains(@class,'knowledge-label-chip-avatar')]\"}\n  (Session info: chrome=140.0.7339.127); For documentation on this error, please visit: https://www.selenium.dev/documentation/webdriver/troubleshooting/errors#no-such-element-exception\n   at OpenQA.Selenium.WebDriver.UnpackAndThrowOnError(Response errorResponse, String commandToExecute)\n   at OpenQA.Selenium.WebDriver.ExecuteAsync(String driverCommandToExecute, Dictionary`2 parameters)\n   at SeleniumExtras.WaitHelpers.ExpectedConditions.<>c__DisplayClass19_0.<ElementToBeClickable>b__0(IWebDriver driver)\n   at OpenQA.Selenium.Support.UI.DefaultWait`1.Until[TResult](Func`2 condition, CancellationToken token)\n   --- End of inner exception stack trace ---\n   at OpenQA.Selenium.Support.UI.DefaultWait`1.ThrowTimeoutException(String exceptionMessage, Exception lastException)\n   at OpenQA.Selenium.Support.UI.DefaultWait`1.Until[TResult](Func`2 condition, CancellationToken token)\n   at OpenQA.Selenium.Support.UI.DefaultWait`1.Until[TResult](Func`2 condition)\n   at OdinUiTests.Services.CommonService.ClearTag(IWebDriver driver) in /azp/_work/2/s/Services/CommonService.cs:line 394\n   at OdinUiTests.Pages.ActivityCommonEditPage.__a$_around_ClearTagFromActivity_100666061_o() in /azp/_work/2/s/Pages/ActivityCommonEditPage.cs:line 373\n   at OdinUiTests.Pages.ActivityCommonEditPage.__a$_around_ClearTagFromActivity_100666061_u(Object[])\n   at Allure.Net.Commons.Steps.AllureAbstractStepAspect.WrapSync[T](Func`2 target, Object[] args, MethodBase metadata, String stepName, List`1 stepParameters)","steps":[],"attachments":[],"parameters":[],"stepsCount":0,"attachmentsCount":0,"shouldDisplayMessage":true,"hasContent":true}],"attachments":[{"uid":"90b8736f03f4b6a7","name":"CheckClearAddedTagFromActivity.jpg","source":"90b8736f03f4b6a7.jpg","type":"image/jpeg","size":105322},{"uid":"8dc9f5925bb7926f","name":"Console Output","source":"8dc9f5925bb7926f.txt","type":"text/plain","size":47}],"parameters":[],"stepsCount":3,"attachmentsCount":2,"shouldDisplayMessage":true,"hasContent":true},"afterStages":[],"labels":[{"name":"thread","value":"NUnit.Fw.ParallelWorker#6"},{"name":"host","value":"522f23568f3d"},{"name":"language","value":"C#"},{"name":"framework","value":"NUnit 3"},{"name":"package","value":"OdinUiTests.Tests.Activity"},{"name":"testMethod","value":"CheckClearAddedTagFromActivity"},{"name":"testClass","value":"ActivityEditingTests"},{"name":"parentSuite","value":"Активность"},{"name":"suite","value":"Обычная активность"},{"name":"subSuite","value":"Редактирование активности"},{"name":"severity","value":"critical"},{"name":"tag","value":"Активность"},{"name":"tag","value":"Дежурство"},{"name":"tag","value":"Регресс"},{"name":"resultFormat","value":"allure2"}],"parameters":[],"links":[],"hidden":true,"retry":true,"extra":{"categories":[],"tags":["Регресс","Дежурство","Активность"]},"source":"a7f72bfcd1a39f4c.json","parameterValues":[]}