{"uid":"ab43fc30c864bcd7","name":"Результат тестирования в попытках зависит от настройки За лучшую попытку в командной контрольной","fullName":"OdinUiTests:OdinUiTests.Tests.Activity.TestActivityStatusWithTwoOrMoreAttemptsTests.CheckResultOfPassingDependOnSettings(System.String,System.Int32,System.String)","historyId":"e07382eff34b6bb42bc64fcf1f44d210","time":{"start":1767072950899,"stop":1767073008422,"duration":57523},"status":"broken","statusMessage":"System.Reflection.TargetInvocationException : Exception has been thrown by the target of an invocation.\n  ----> System.Reflection.TargetInvocationException : Exception has been thrown by the target of an invocation.\n  ----> OpenQA.Selenium.WebDriverTimeoutException : Timed out after 30 seconds\n  ----> OpenQA.Selenium.NoSuchElementException : no such element: Unable to locate element: {\"method\":\"xpath\",\"selector\":\"//span[contains(text(),'Пройти еще раз')]\"}\n  (Session info: chrome=140.0.7339.127); For documentation on this error, please visit: https://www.selenium.dev/documentation/webdriver/troubleshooting/errors#no-such-element-exception","statusTrace":"   at System.Reflection.MethodBaseInvoker.InvokeWithManyArgs(Object obj, BindingFlags invokeAttr, Binder binder, Object[] parameters, CultureInfo culture)\n   at Allure.Net.Commons.Steps.AllureStepAspectBase.Around(String name, Object[] args, Func`2 target, MethodBase metadata, Type returnType)\n   at OdinUiTests.Pages.ActivityCommonPage.__a$_around_PassOneTestAttempt_100666141_w_0(Object[])\n   at OdinUiTests.Pages.ActivityCommonPage.PassOneTestAttempt()\n   at OdinUiTests.Tests.Activity.TestActivityStatusWithTwoOrMoreAttemptsTests.CheckResultOfPassingDependOnSettings(String actId, Int32 evaluation, String attemptSetting) in /azp/_work/1/s/Tests/Activity/TestActivityTests.cs:line 697\n   at InvokeStub_TestActivityStatusWithTwoOrMoreAttemptsTests.CheckResultOfPassingDependOnSettings(Object, Span`1)\n   at System.Reflection.MethodBaseInvoker.InvokeWithFewArgs(Object obj, BindingFlags invokeAttr, Binder binder, Object[] parameters, CultureInfo culture)\n--TargetInvocationException\n   at System.Reflection.MethodBaseInvoker.InvokeWithManyArgs(Object obj, BindingFlags invokeAttr, Binder binder, Object[] parameters, CultureInfo culture)\n   at Allure.Net.Commons.Steps.AllureStepAspectBase.Around(String name, Object[] args, Func`2 target, MethodBase metadata, Type returnType)\n   at OdinUiTests.Pages.ExamOptionsPage.__a$_around_ClickOnGoThroughAgainButton_100666941_w_0(Object[])\n   at OdinUiTests.Pages.ExamOptionsPage.ClickOnGoThroughAgainButton()\n   at OdinUiTests.Pages.ActivityCommonPage.__a$_around_PassOneTestAttempt_100666141_o() in /azp/_work/1/s/Pages/ActivityCommonPage.cs:line 152\n   at OdinUiTests.Pages.ActivityCommonPage.__a$_around_PassOneTestAttempt_100666141_u(Object[])\n   at Allure.Net.Commons.Steps.AllureAbstractStepAspect.WrapSync[T](Func`2 target, Object[] args, MethodBase metadata, String stepName, List`1 stepParameters)\n   at InvokeStub_AllureAbstractStepAspect.WrapSync(Object, Span`1)\n   at System.Reflection.MethodBaseInvoker.InvokeWithManyArgs(Object obj, BindingFlags invokeAttr, Binder binder, Object[] parameters, CultureInfo culture)\n--WebDriverTimeoutException\n   at OpenQA.Selenium.Support.UI.DefaultWait`1.ThrowTimeoutException(String exceptionMessage, Exception lastException)\n   at OpenQA.Selenium.Support.UI.DefaultWait`1.Until[TResult](Func`2 condition, CancellationToken token)\n   at OpenQA.Selenium.Support.UI.DefaultWait`1.Until[TResult](Func`2 condition)\n   at OdinUiTests.Pages.ExamOptionsPage.__a$_around_ClickOnGoThroughAgainButton_100666941_o() in /azp/_work/1/s/Pages/ExamOptionsPage.cs:line 224\n   at OdinUiTests.Pages.ExamOptionsPage.__a$_around_ClickOnGoThroughAgainButton_100666941_u(Object[])\n   at Allure.Net.Commons.Steps.AllureAbstractStepAspect.WrapSync[T](Func`2 target, Object[] args, MethodBase metadata, String stepName, List`1 stepParameters)\n   at InvokeStub_AllureAbstractStepAspect.WrapSync(Object, Span`1)\n   at System.Reflection.MethodBaseInvoker.InvokeWithManyArgs(Object obj, BindingFlags invokeAttr, Binder binder, Object[] parameters, CultureInfo culture)\n--NoSuchElementException\n   at OpenQA.Selenium.WebDriver.UnpackAndThrowOnError(Response errorResponse, String commandToExecute)\n   at OpenQA.Selenium.WebDriver.ExecuteAsync(String driverCommandToExecute, Dictionary`2 parameters)\n   at SeleniumExtras.WaitHelpers.ExpectedConditions.<>c__DisplayClass19_0.<ElementToBeClickable>b__0(IWebDriver driver)\n   at OpenQA.Selenium.Support.UI.DefaultWait`1.Until[TResult](Func`2 condition, CancellationToken token)","flaky":false,"newFailed":false,"newBroken":false,"newPassed":false,"retriesCount":1,"retriesStatusChange":false,"beforeStages":[],"testStage":{"status":"broken","statusMessage":"System.Reflection.TargetInvocationException : Exception has been thrown by the target of an invocation.\n  ----> System.Reflection.TargetInvocationException : Exception has been thrown by the target of an invocation.\n  ----> OpenQA.Selenium.WebDriverTimeoutException : Timed out after 30 seconds\n  ----> OpenQA.Selenium.NoSuchElementException : no such element: Unable to locate element: {\"method\":\"xpath\",\"selector\":\"//span[contains(text(),'Пройти еще раз')]\"}\n  (Session info: chrome=140.0.7339.127); For documentation on this error, please visit: https://www.selenium.dev/documentation/webdriver/troubleshooting/errors#no-such-element-exception","statusTrace":"   at System.Reflection.MethodBaseInvoker.InvokeWithManyArgs(Object obj, BindingFlags invokeAttr, Binder binder, Object[] parameters, CultureInfo culture)\n   at Allure.Net.Commons.Steps.AllureStepAspectBase.Around(String name, Object[] args, Func`2 target, MethodBase metadata, Type returnType)\n   at OdinUiTests.Pages.ActivityCommonPage.__a$_around_PassOneTestAttempt_100666141_w_0(Object[])\n   at OdinUiTests.Pages.ActivityCommonPage.PassOneTestAttempt()\n   at OdinUiTests.Tests.Activity.TestActivityStatusWithTwoOrMoreAttemptsTests.CheckResultOfPassingDependOnSettings(String actId, Int32 evaluation, String attemptSetting) in /azp/_work/1/s/Tests/Activity/TestActivityTests.cs:line 697\n   at InvokeStub_TestActivityStatusWithTwoOrMoreAttemptsTests.CheckResultOfPassingDependOnSettings(Object, Span`1)\n   at System.Reflection.MethodBaseInvoker.InvokeWithFewArgs(Object obj, BindingFlags invokeAttr, Binder binder, Object[] parameters, CultureInfo culture)\n--TargetInvocationException\n   at System.Reflection.MethodBaseInvoker.InvokeWithManyArgs(Object obj, BindingFlags invokeAttr, Binder binder, Object[] parameters, CultureInfo culture)\n   at Allure.Net.Commons.Steps.AllureStepAspectBase.Around(String name, Object[] args, Func`2 target, MethodBase metadata, Type returnType)\n   at OdinUiTests.Pages.ExamOptionsPage.__a$_around_ClickOnGoThroughAgainButton_100666941_w_0(Object[])\n   at OdinUiTests.Pages.ExamOptionsPage.ClickOnGoThroughAgainButton()\n   at OdinUiTests.Pages.ActivityCommonPage.__a$_around_PassOneTestAttempt_100666141_o() in /azp/_work/1/s/Pages/ActivityCommonPage.cs:line 152\n   at OdinUiTests.Pages.ActivityCommonPage.__a$_around_PassOneTestAttempt_100666141_u(Object[])\n   at Allure.Net.Commons.Steps.AllureAbstractStepAspect.WrapSync[T](Func`2 target, Object[] args, MethodBase metadata, String stepName, List`1 stepParameters)\n   at InvokeStub_AllureAbstractStepAspect.WrapSync(Object, Span`1)\n   at System.Reflection.MethodBaseInvoker.InvokeWithManyArgs(Object obj, BindingFlags invokeAttr, Binder binder, Object[] parameters, CultureInfo culture)\n--WebDriverTimeoutException\n   at OpenQA.Selenium.Support.UI.DefaultWait`1.ThrowTimeoutException(String exceptionMessage, Exception lastException)\n   at OpenQA.Selenium.Support.UI.DefaultWait`1.Until[TResult](Func`2 condition, CancellationToken token)\n   at OpenQA.Selenium.Support.UI.DefaultWait`1.Until[TResult](Func`2 condition)\n   at OdinUiTests.Pages.ExamOptionsPage.__a$_around_ClickOnGoThroughAgainButton_100666941_o() in /azp/_work/1/s/Pages/ExamOptionsPage.cs:line 224\n   at OdinUiTests.Pages.ExamOptionsPage.__a$_around_ClickOnGoThroughAgainButton_100666941_u(Object[])\n   at Allure.Net.Commons.Steps.AllureAbstractStepAspect.WrapSync[T](Func`2 target, Object[] args, MethodBase metadata, String stepName, List`1 stepParameters)\n   at InvokeStub_AllureAbstractStepAspect.WrapSync(Object, Span`1)\n   at System.Reflection.MethodBaseInvoker.InvokeWithManyArgs(Object obj, BindingFlags invokeAttr, Binder binder, Object[] parameters, CultureInfo culture)\n--NoSuchElementException\n   at OpenQA.Selenium.WebDriver.UnpackAndThrowOnError(Response errorResponse, String commandToExecute)\n   at OpenQA.Selenium.WebDriver.ExecuteAsync(String driverCommandToExecute, Dictionary`2 parameters)\n   at SeleniumExtras.WaitHelpers.ExpectedConditions.<>c__DisplayClass19_0.<ElementToBeClickable>b__0(IWebDriver driver)\n   at OpenQA.Selenium.Support.UI.DefaultWait`1.Until[TResult](Func`2 condition, CancellationToken token)","steps":[{"name":"Открыть страницу активности","time":{"start":1767072953078,"stop":1767072953780,"duration":702},"status":"passed","steps":[],"attachments":[],"parameters":[{"name":"activityId","value":"\"571\""}],"stepsCount":0,"attachmentsCount":0,"shouldDisplayMessage":false,"hasContent":true},{"name":"Пройти одну попытку прохождения теста","time":{"start":1767072953780,"stop":1767073008287,"duration":54507},"status":"broken","statusMessage":"Exception has been thrown by the target of an invocation.","statusTrace":"System.Reflection.TargetInvocationException: Exception has been thrown by the target of an invocation.\n ---> OpenQA.Selenium.WebDriverTimeoutException: Timed out after 30 seconds\n ---> OpenQA.Selenium.NoSuchElementException: no such element: Unable to locate element: {\"method\":\"xpath\",\"selector\":\"//span[contains(text(),'Пройти еще раз')]\"}\n  (Session info: chrome=140.0.7339.127); For documentation on this error, please visit: https://www.selenium.dev/documentation/webdriver/troubleshooting/errors#no-such-element-exception\n   at OpenQA.Selenium.WebDriver.UnpackAndThrowOnError(Response errorResponse, String commandToExecute)\n   at OpenQA.Selenium.WebDriver.ExecuteAsync(String driverCommandToExecute, Dictionary`2 parameters)\n   at SeleniumExtras.WaitHelpers.ExpectedConditions.<>c__DisplayClass19_0.<ElementToBeClickable>b__0(IWebDriver driver)\n   at OpenQA.Selenium.Support.UI.DefaultWait`1.Until[TResult](Func`2 condition, CancellationToken token)\n   --- End of inner exception stack trace ---\n   at OpenQA.Selenium.Support.UI.DefaultWait`1.ThrowTimeoutException(String exceptionMessage, Exception lastException)\n   at OpenQA.Selenium.Support.UI.DefaultWait`1.Until[TResult](Func`2 condition, CancellationToken token)\n   at OpenQA.Selenium.Support.UI.DefaultWait`1.Until[TResult](Func`2 condition)\n   at OdinUiTests.Pages.ExamOptionsPage.__a$_around_ClickOnGoThroughAgainButton_100666941_o() in /azp/_work/1/s/Pages/ExamOptionsPage.cs:line 224\n   at OdinUiTests.Pages.ExamOptionsPage.__a$_around_ClickOnGoThroughAgainButton_100666941_u(Object[])\n   at Allure.Net.Commons.Steps.AllureAbstractStepAspect.WrapSync[T](Func`2 target, Object[] args, MethodBase metadata, String stepName, List`1 stepParameters)\n   at InvokeStub_AllureAbstractStepAspect.WrapSync(Object, Span`1)\n   at System.Reflection.MethodBaseInvoker.InvokeWithManyArgs(Object obj, BindingFlags invokeAttr, Binder binder, Object[] parameters, CultureInfo culture)\n   --- End of inner exception stack trace ---\n   at System.Reflection.MethodBaseInvoker.InvokeWithManyArgs(Object obj, BindingFlags invokeAttr, Binder binder, Object[] parameters, CultureInfo culture)\n   at Allure.Net.Commons.Steps.AllureStepAspectBase.Around(String name, Object[] args, Func`2 target, MethodBase metadata, Type returnType)\n   at OdinUiTests.Pages.ExamOptionsPage.__a$_around_ClickOnGoThroughAgainButton_100666941_w_0(Object[])\n   at OdinUiTests.Pages.ExamOptionsPage.ClickOnGoThroughAgainButton()\n   at OdinUiTests.Pages.ActivityCommonPage.__a$_around_PassOneTestAttempt_100666141_o() in /azp/_work/1/s/Pages/ActivityCommonPage.cs:line 152\n   at OdinUiTests.Pages.ActivityCommonPage.__a$_around_PassOneTestAttempt_100666141_u(Object[])\n   at Allure.Net.Commons.Steps.AllureAbstractStepAspect.WrapSync[T](Func`2 target, Object[] args, MethodBase metadata, String stepName, List`1 stepParameters)","steps":[{"name":"Нажать на кнопку 'Перейти к тесту' со страницы активности","time":{"start":1767072953780,"stop":1767072956965,"duration":3185},"status":"passed","steps":[],"attachments":[],"parameters":[],"stepsCount":0,"attachmentsCount":0,"shouldDisplayMessage":false,"hasContent":false},{"name":"Нажать на кнопку 'Приступить'","time":{"start":1767072956966,"stop":1767072963370,"duration":6404},"status":"passed","steps":[],"attachments":[],"parameters":[],"stepsCount":0,"attachmentsCount":0,"shouldDisplayMessage":false,"hasContent":false},{"name":"Ответить на все вопросы и ожидать появления фразы 'Сохранено успешно'","time":{"start":1767072963370,"stop":1767072971784,"duration":8414},"status":"passed","steps":[],"attachments":[],"parameters":[],"stepsCount":0,"attachmentsCount":0,"shouldDisplayMessage":false,"hasContent":false},{"name":"Нажать на кнопку 'Отправить на проверку'","time":{"start":1767072971784,"stop":1767072971981,"duration":197},"status":"passed","steps":[],"attachments":[],"parameters":[],"stepsCount":0,"attachmentsCount":0,"shouldDisplayMessage":false,"hasContent":false},{"name":"Нажать на кнопку 'Отправить на проверку' в модалке","time":{"start":1767072971981,"stop":1767072977947,"duration":5966},"status":"passed","steps":[],"attachments":[],"parameters":[],"stepsCount":0,"attachmentsCount":0,"shouldDisplayMessage":false,"hasContent":false},{"name":"Нажать на кнопку 'Пройти еще раз'","time":{"start":1767072977947,"stop":1767073008286,"duration":30339},"status":"broken","statusMessage":"Timed out after 30 seconds","statusTrace":"OpenQA.Selenium.WebDriverTimeoutException: Timed out after 30 seconds\n ---> OpenQA.Selenium.NoSuchElementException: no such element: Unable to locate element: {\"method\":\"xpath\",\"selector\":\"//span[contains(text(),'Пройти еще раз')]\"}\n  (Session info: chrome=140.0.7339.127); For documentation on this error, please visit: https://www.selenium.dev/documentation/webdriver/troubleshooting/errors#no-such-element-exception\n   at OpenQA.Selenium.WebDriver.UnpackAndThrowOnError(Response errorResponse, String commandToExecute)\n   at OpenQA.Selenium.WebDriver.ExecuteAsync(String driverCommandToExecute, Dictionary`2 parameters)\n   at SeleniumExtras.WaitHelpers.ExpectedConditions.<>c__DisplayClass19_0.<ElementToBeClickable>b__0(IWebDriver driver)\n   at OpenQA.Selenium.Support.UI.DefaultWait`1.Until[TResult](Func`2 condition, CancellationToken token)\n   --- End of inner exception stack trace ---\n   at OpenQA.Selenium.Support.UI.DefaultWait`1.ThrowTimeoutException(String exceptionMessage, Exception lastException)\n   at OpenQA.Selenium.Support.UI.DefaultWait`1.Until[TResult](Func`2 condition, CancellationToken token)\n   at OpenQA.Selenium.Support.UI.DefaultWait`1.Until[TResult](Func`2 condition)\n   at OdinUiTests.Pages.ExamOptionsPage.__a$_around_ClickOnGoThroughAgainButton_100666941_o() in /azp/_work/1/s/Pages/ExamOptionsPage.cs:line 224\n   at OdinUiTests.Pages.ExamOptionsPage.__a$_around_ClickOnGoThroughAgainButton_100666941_u(Object[])\n   at Allure.Net.Commons.Steps.AllureAbstractStepAspect.WrapSync[T](Func`2 target, Object[] args, MethodBase metadata, String stepName, List`1 stepParameters)","steps":[],"attachments":[],"parameters":[],"stepsCount":0,"attachmentsCount":0,"shouldDisplayMessage":true,"hasContent":true}],"attachments":[],"parameters":[],"stepsCount":6,"attachmentsCount":0,"shouldDisplayMessage":true,"hasContent":true}],"attachments":[{"uid":"692095e81e45d240","name":"CheckResultOfPassingDependOnSettings.jpg","source":"692095e81e45d240.jpg","type":"image/jpeg","size":96046},{"uid":"3194825279b047e0","name":"Console Output","source":"3194825279b047e0.txt","type":"text/plain","size":69}],"parameters":[],"stepsCount":8,"attachmentsCount":2,"shouldDisplayMessage":true,"hasContent":true},"afterStages":[],"labels":[{"name":"thread","value":"NUnit.Fw.ParallelWorker#5"},{"name":"host","value":"63824a4f5373"},{"name":"language","value":"C#"},{"name":"framework","value":"NUnit 3"},{"name":"package","value":"OdinUiTests.Tests.Activity"},{"name":"testMethod","value":"CheckResultOfPassingDependOnSettings"},{"name":"testClass","value":"TestActivityStatusWithTwoOrMoreAttemptsTests"},{"name":"parentSuite","value":"Активность"},{"name":"suite","value":"Контрольная"},{"name":"subSuite","value":"Прохождение теста"},{"name":"severity","value":"critical"},{"name":"tag","value":"Активность"},{"name":"tag","value":"Дежурство"},{"name":"tag","value":"Регресс"},{"name":"resultFormat","value":"allure2"}],"parameters":[{"name":"actId","value":"\"571\""},{"name":"attemptSetting","value":"\"bestTry\""},{"name":"evaluation","value":"1"}],"links":[],"hidden":false,"retry":false,"extra":{"severity":"critical","retries":[{"uid":"b751adcfd92ec7ad","status":"broken","statusDetails":"System.Reflection.TargetInvocationException : Exception has been thrown by the target of an invocation.\n  ----> System.Reflection.TargetInvocationException : Exception has been thrown by the target of an invocation.\n  ----> OpenQA.Selenium.WebDriverTimeoutException : Timed out after 30 seconds\n  ----> OpenQA.Selenium.NoSuchElementException : no such element: Unable to locate element: {\"method\":\"xpath\",\"selector\":\"//span[contains(text(),'Пройти еще раз')]\"}\n  (Session info: chrome=140.0.7339.127); For documentation on this error, please visit: https://www.selenium.dev/documentation/webdriver/troubleshooting/errors#no-such-element-exception","time":{"start":1767066626663,"stop":1767066690106,"duration":63443}}],"categories":[{"name":"Test defects","matchedStatuses":[],"flaky":false}],"history":{"statistic":{"failed":0,"broken":8,"skipped":0,"passed":12,"unknown":0,"total":20},"items":[{"uid":"a1e8d9e90bc97865","status":"broken","statusDetails":"System.Reflection.TargetInvocationException : Exception has been thrown by the target of an invocation.\n  ----> System.Reflection.TargetInvocationException : Exception has been thrown by the target of an invocation.\n  ----> OpenQA.Selenium.WebDriverTimeoutException : Timed out after 30 seconds\n  ----> OpenQA.Selenium.NoSuchElementException : no such element: Unable to locate element: {\"method\":\"xpath\",\"selector\":\"//span[contains(text(),'Пройти еще раз')]\"}\n  (Session info: chrome=140.0.7339.127); For documentation on this error, please visit: https://www.selenium.dev/documentation/webdriver/troubleshooting/errors#no-such-element-exception","time":{"start":1767064277937,"stop":1767064325790,"duration":47853}},{"uid":"c481020495e2479d","status":"broken","statusDetails":"System.Reflection.TargetInvocationException : Exception has been thrown by the target of an invocation.\n  ----> System.Reflection.TargetInvocationException : Exception has been thrown by the target of an invocation.\n  ----> OpenQA.Selenium.WebDriverTimeoutException : Timed out after 30 seconds\n  ----> OpenQA.Selenium.NoSuchElementException : no such element: Unable to locate element: {\"method\":\"xpath\",\"selector\":\"//span[contains(text(),'Пройти еще раз')]\"}\n  (Session info: chrome=140.0.7339.127); For documentation on this error, please visit: https://www.selenium.dev/documentation/webdriver/troubleshooting/errors#no-such-element-exception","time":{"start":1767054747215,"stop":1767054809158,"duration":61943}},{"uid":"808f286adf79d270","status":"broken","statusDetails":"System.Reflection.TargetInvocationException : Exception has been thrown by the target of an invocation.\n  ----> System.Reflection.TargetInvocationException : Exception has been thrown by the target of an invocation.\n  ----> OpenQA.Selenium.WebDriverTimeoutException : Timed out after 30 seconds\n  ----> OpenQA.Selenium.NoSuchElementException : no such element: Unable to locate element: {\"method\":\"xpath\",\"selector\":\"//span[contains(text(),'Пройти еще раз')]\"}\n  (Session info: chrome=140.0.7339.127); For documentation on this error, please visit: https://www.selenium.dev/documentation/webdriver/troubleshooting/errors#no-such-element-exception","time":{"start":1766981358059,"stop":1766981408788,"duration":50729}},{"uid":"fa459521520681ec","status":"broken","statusDetails":"System.Reflection.TargetInvocationException : Exception has been thrown by the target of an invocation.\n  ----> System.Reflection.TargetInvocationException : Exception has been thrown by the target of an invocation.\n  ----> OpenQA.Selenium.WebDriverTimeoutException : Timed out after 30 seconds\n  ----> OpenQA.Selenium.NoSuchElementException : no such element: Unable to locate element: {\"method\":\"xpath\",\"selector\":\"//span[contains(text(),'Пройти еще раз')]\"}\n  (Session info: chrome=140.0.7339.127); For documentation on this error, please visit: https://www.selenium.dev/documentation/webdriver/troubleshooting/errors#no-such-element-exception","time":{"start":1766726600150,"stop":1766726653539,"duration":53389}},{"uid":"558ab7076a8bca68","status":"broken","statusDetails":"System.Reflection.TargetInvocationException : Exception has been thrown by the target of an invocation.\n  ----> System.Reflection.TargetInvocationException : Exception has been thrown by the target of an invocation.\n  ----> OpenQA.Selenium.WebDriverTimeoutException : Timed out after 30 seconds\n  ----> OpenQA.Selenium.NoSuchElementException : no such element: Unable to locate element: {\"method\":\"xpath\",\"selector\":\"//span[contains(text(),'Пройти еще раз')]\"}\n  (Session info: chrome=140.0.7339.127); For documentation on this error, please visit: https://www.selenium.dev/documentation/webdriver/troubleshooting/errors#no-such-element-exception","time":{"start":1766719556723,"stop":1766719612548,"duration":55825}},{"uid":"1a64f678cd3faf3f","status":"broken","statusDetails":"System.Reflection.TargetInvocationException : Exception has been thrown by the target of an invocation.\n  ----> System.Reflection.TargetInvocationException : Exception has been thrown by the target of an invocation.\n  ----> OpenQA.Selenium.WebDriverTimeoutException : Timed out after 30 seconds\n  ----> OpenQA.Selenium.NoSuchElementException : no such element: Unable to locate element: {\"method\":\"xpath\",\"selector\":\"//span[contains(text(),'Пройти еще раз')]\"}\n  (Session info: chrome=140.0.7339.127); For documentation on this error, please visit: https://www.selenium.dev/documentation/webdriver/troubleshooting/errors#no-such-element-exception","time":{"start":1766651479142,"stop":1766651538731,"duration":59589}},{"uid":"1919f0fe1705ae3e","status":"broken","statusDetails":"System.Reflection.TargetInvocationException : Exception has been thrown by the target of an invocation.\n  ----> System.Reflection.TargetInvocationException : Exception has been thrown by the target of an invocation.\n  ----> OpenQA.Selenium.WebDriverTimeoutException : Timed out after 30 seconds\n  ----> OpenQA.Selenium.NoSuchElementException : no such element: Unable to locate element: {\"method\":\"xpath\",\"selector\":\"//span[contains(text(),'Пройти еще раз')]\"}\n  (Session info: chrome=140.0.7339.127); For documentation on this error, please visit: https://www.selenium.dev/documentation/webdriver/troubleshooting/errors#no-such-element-exception","time":{"start":1766556067477,"stop":1766556116433,"duration":48956}},{"uid":"5078d20256b1252c","status":"passed","time":{"start":1766135039051,"stop":1766135094603,"duration":55552}},{"uid":"b19acdfbea717bed","status":"passed","time":{"start":1766133746861,"stop":1766133811444,"duration":64583}},{"uid":"ed0f99247106f2a4","status":"passed","time":{"start":1766033472730,"stop":1766033502351,"duration":29621}},{"uid":"126d85164940ac0c","status":"passed","time":{"start":1765781627088,"stop":1765781673924,"duration":46836}},{"uid":"7847bba8846619ee","status":"passed","time":{"start":1764826453965,"stop":1764826472594,"duration":18629}},{"uid":"9297676520e6319e","status":"passed","time":{"start":1761543655253,"stop":1761543738852,"duration":83599}},{"uid":"3772dc138022ff37","status":"passed","time":{"start":1760920392627,"stop":1760920472082,"duration":79455}},{"uid":"9c045400c64b9b2","status":"passed","time":{"start":1759903248575,"stop":1759903307570,"duration":58995}},{"uid":"6c26f8eac67a191c","status":"passed","time":{"start":1759870688260,"stop":1759870765349,"duration":77089}},{"uid":"e6eb9c0531525f8a","status":"passed","time":{"start":1759818183005,"stop":1759818265920,"duration":82915}},{"uid":"76d2bf1113dd5554","status":"passed","time":{"start":1759803081567,"stop":1759803156569,"duration":75002}},{"uid":"589bf6fbe283d482","status":"passed","time":{"start":1759473433497,"stop":1759473528497,"duration":95000}}]},"tags":["Регресс","Дежурство","Активность"]},"source":"ab43fc30c864bcd7.json","parameterValues":["\"571\"","\"bestTry\"","1"]}