{"uid":"ac2239ce36431e52","name":"Успешное сохранение при корректных значениях в поле Минимальный порог баллов","fullName":"OdinUiTests:OdinUiTests.Tests.Activity.TestActivityEditingTests.CheckSuccessSaveWithCorrectValueInMinThresholdField()","historyId":"07928f39887ed44841d397219fced04b","time":{"start":1767066660680,"stop":1767066705072,"duration":44392},"status":"broken","statusMessage":"System.Reflection.TargetInvocationException : Exception has been thrown by the target of an invocation.\n  ----> OpenQA.Selenium.WebDriverTimeoutException : Timed out after 30 seconds\n  ----> OpenQA.Selenium.NoSuchElementException : no such element: Unable to locate element: {\"method\":\"xpath\",\"selector\":\"//div[contains(text(),'Порог прохождения')]/following-sibling::span\"}\n  (Session info: chrome=140.0.7339.127); For documentation on this error, please visit: https://www.selenium.dev/documentation/webdriver/troubleshooting/errors#no-such-element-exception","statusTrace":"   at System.Reflection.MethodBaseInvoker.InvokeWithManyArgs(Object obj, BindingFlags invokeAttr, Binder binder, Object[] parameters, CultureInfo culture)\n   at Allure.Net.Commons.Steps.AllureStepAspectBase.Around(String name, Object[] args, Func`2 target, MethodBase metadata, Type returnType)\n   at OdinUiTests.Pages.ActivityCommonPage.__a$_around_CheckActivityMinThresholdIsChanged_100666216_w_0(Object[])\n   at OdinUiTests.Pages.ActivityCommonPage.CheckActivityMinThresholdIsChanged(String minThreshold)\n   at OdinUiTests.Pages.ActivityCommonPage.CheckActivityMinThresholdIsChanged(String minThreshold, Boolean isTemplate) in /azp/_work/1/s/Pages/ActivityCommonPage.cs:line 926\n   at OdinUiTests.Tests.Activity.ActivityCommon.EditMinThresholdWithCorrectValue(IWebDriver driver, Boolean isTemplate, String id) in /azp/_work/1/s/Tests/Activity/ActivityCommon.cs:line 294\n   at OdinUiTests.Tests.Activity.ActivityCommon.EditMinThresholdWithCorrectValueInActivity(IWebDriver driver, String activityId) in /azp/_work/1/s/Tests/Activity/ActivityCommon.cs:line 303\n   at OdinUiTests.Tests.Activity.TestActivityEditingTests.CheckSuccessSaveWithCorrectValueInMinThresholdField() in /azp/_work/1/s/Tests/Activity/TestActivityTests.cs:line 236\n   at System.RuntimeMethodHandle.InvokeMethod(Object target, Void** arguments, Signature sig, Boolean isConstructor)\n   at System.Reflection.MethodBaseInvoker.InvokeWithNoArgs(Object obj, BindingFlags invokeAttr)\n--WebDriverTimeoutException\n   at OpenQA.Selenium.Support.UI.DefaultWait`1.ThrowTimeoutException(String exceptionMessage, Exception lastException)\n   at OpenQA.Selenium.Support.UI.DefaultWait`1.Until[TResult](Func`2 condition, CancellationToken token)\n   at OpenQA.Selenium.Support.UI.DefaultWait`1.Until[TResult](Func`2 condition)\n   at OdinUiTests.Pages.ActivityCommonPage.ActivityMinThresholdIsChanged(String minThreshold) in /azp/_work/1/s/Pages/ActivityCommonPage.cs:line 908\n   at OdinUiTests.Pages.ActivityCommonPage.__a$_around_CheckActivityMinThresholdIsChanged_100666216_o(String minThreshold) in /azp/_work/1/s/Pages/ActivityCommonPage.cs:line 915\n   at OdinUiTests.Pages.ActivityCommonPage.__a$_around_CheckActivityMinThresholdIsChanged_100666216_u(Object[])\n   at Allure.Net.Commons.Steps.AllureAbstractStepAspect.WrapSync[T](Func`2 target, Object[] args, MethodBase metadata, String stepName, List`1 stepParameters)\n   at InvokeStub_AllureAbstractStepAspect.WrapSync(Object, Span`1)\n   at System.Reflection.MethodBaseInvoker.InvokeWithManyArgs(Object obj, BindingFlags invokeAttr, Binder binder, Object[] parameters, CultureInfo culture)\n--NoSuchElementException\n   at OpenQA.Selenium.WebDriver.UnpackAndThrowOnError(Response errorResponse, String commandToExecute)\n   at OpenQA.Selenium.WebDriver.ExecuteAsync(String driverCommandToExecute, Dictionary`2 parameters)\n   at SeleniumExtras.WaitHelpers.ExpectedConditions.<>c__DisplayClass19_0.<ElementToBeClickable>b__0(IWebDriver driver)\n   at OpenQA.Selenium.Support.UI.DefaultWait`1.Until[TResult](Func`2 condition, CancellationToken token)","flaky":false,"newFailed":false,"newBroken":false,"newPassed":false,"retriesCount":0,"retriesStatusChange":false,"beforeStages":[],"testStage":{"status":"broken","statusMessage":"System.Reflection.TargetInvocationException : Exception has been thrown by the target of an invocation.\n  ----> OpenQA.Selenium.WebDriverTimeoutException : Timed out after 30 seconds\n  ----> OpenQA.Selenium.NoSuchElementException : no such element: Unable to locate element: {\"method\":\"xpath\",\"selector\":\"//div[contains(text(),'Порог прохождения')]/following-sibling::span\"}\n  (Session info: chrome=140.0.7339.127); For documentation on this error, please visit: https://www.selenium.dev/documentation/webdriver/troubleshooting/errors#no-such-element-exception","statusTrace":"   at System.Reflection.MethodBaseInvoker.InvokeWithManyArgs(Object obj, BindingFlags invokeAttr, Binder binder, Object[] parameters, CultureInfo culture)\n   at Allure.Net.Commons.Steps.AllureStepAspectBase.Around(String name, Object[] args, Func`2 target, MethodBase metadata, Type returnType)\n   at OdinUiTests.Pages.ActivityCommonPage.__a$_around_CheckActivityMinThresholdIsChanged_100666216_w_0(Object[])\n   at OdinUiTests.Pages.ActivityCommonPage.CheckActivityMinThresholdIsChanged(String minThreshold)\n   at OdinUiTests.Pages.ActivityCommonPage.CheckActivityMinThresholdIsChanged(String minThreshold, Boolean isTemplate) in /azp/_work/1/s/Pages/ActivityCommonPage.cs:line 926\n   at OdinUiTests.Tests.Activity.ActivityCommon.EditMinThresholdWithCorrectValue(IWebDriver driver, Boolean isTemplate, String id) in /azp/_work/1/s/Tests/Activity/ActivityCommon.cs:line 294\n   at OdinUiTests.Tests.Activity.ActivityCommon.EditMinThresholdWithCorrectValueInActivity(IWebDriver driver, String activityId) in /azp/_work/1/s/Tests/Activity/ActivityCommon.cs:line 303\n   at OdinUiTests.Tests.Activity.TestActivityEditingTests.CheckSuccessSaveWithCorrectValueInMinThresholdField() in /azp/_work/1/s/Tests/Activity/TestActivityTests.cs:line 236\n   at System.RuntimeMethodHandle.InvokeMethod(Object target, Void** arguments, Signature sig, Boolean isConstructor)\n   at System.Reflection.MethodBaseInvoker.InvokeWithNoArgs(Object obj, BindingFlags invokeAttr)\n--WebDriverTimeoutException\n   at OpenQA.Selenium.Support.UI.DefaultWait`1.ThrowTimeoutException(String exceptionMessage, Exception lastException)\n   at OpenQA.Selenium.Support.UI.DefaultWait`1.Until[TResult](Func`2 condition, CancellationToken token)\n   at OpenQA.Selenium.Support.UI.DefaultWait`1.Until[TResult](Func`2 condition)\n   at OdinUiTests.Pages.ActivityCommonPage.ActivityMinThresholdIsChanged(String minThreshold) in /azp/_work/1/s/Pages/ActivityCommonPage.cs:line 908\n   at OdinUiTests.Pages.ActivityCommonPage.__a$_around_CheckActivityMinThresholdIsChanged_100666216_o(String minThreshold) in /azp/_work/1/s/Pages/ActivityCommonPage.cs:line 915\n   at OdinUiTests.Pages.ActivityCommonPage.__a$_around_CheckActivityMinThresholdIsChanged_100666216_u(Object[])\n   at Allure.Net.Commons.Steps.AllureAbstractStepAspect.WrapSync[T](Func`2 target, Object[] args, MethodBase metadata, String stepName, List`1 stepParameters)\n   at InvokeStub_AllureAbstractStepAspect.WrapSync(Object, Span`1)\n   at System.Reflection.MethodBaseInvoker.InvokeWithManyArgs(Object obj, BindingFlags invokeAttr, Binder binder, Object[] parameters, CultureInfo culture)\n--NoSuchElementException\n   at OpenQA.Selenium.WebDriver.UnpackAndThrowOnError(Response errorResponse, String commandToExecute)\n   at OpenQA.Selenium.WebDriver.ExecuteAsync(String driverCommandToExecute, Dictionary`2 parameters)\n   at SeleniumExtras.WaitHelpers.ExpectedConditions.<>c__DisplayClass19_0.<ElementToBeClickable>b__0(IWebDriver driver)\n   at OpenQA.Selenium.Support.UI.DefaultWait`1.Until[TResult](Func`2 condition, CancellationToken token)","steps":[{"name":"Открыть страницу редактирования активности","time":{"start":1767066660680,"stop":1767066661490,"duration":810},"status":"passed","steps":[{"name":"Открыть страницу редактирования активности","time":{"start":1767066660680,"stop":1767066661490,"duration":810},"status":"passed","steps":[],"attachments":[],"parameters":[{"name":"activityId","value":"\"94\""}],"stepsCount":0,"attachmentsCount":0,"shouldDisplayMessage":false,"hasContent":true}],"attachments":[],"parameters":[{"name":"isTemplate","value":"false"},{"name":"id","value":"\"94\""}],"stepsCount":1,"attachmentsCount":0,"shouldDisplayMessage":false,"hasContent":true},{"name":"В поле 'Минимальный порог баллов' ввести значение 14","time":{"start":1767066661490,"stop":1767066668052,"duration":6562},"status":"passed","steps":[],"attachments":[],"parameters":[],"stepsCount":0,"attachmentsCount":0,"shouldDisplayMessage":false,"hasContent":false},{"name":"Нажать на кнопку ‘Сохранить’","time":{"start":1767066668053,"stop":1767066674558,"duration":6505},"status":"passed","steps":[{"name":"Нажать на кнопку 'Сохранить' и подтвердить сохранение","time":{"start":1767066668053,"stop":1767066674558,"duration":6505},"status":"passed","steps":[],"attachments":[],"parameters":[],"stepsCount":0,"attachmentsCount":0,"shouldDisplayMessage":false,"hasContent":false}],"attachments":[],"parameters":[{"name":"isTemplate","value":"false"}],"stepsCount":1,"attachmentsCount":0,"shouldDisplayMessage":false,"hasContent":true},{"name":"Проверка того, что на странице активности сохранено значение временного лимита","time":{"start":1767066674558,"stop":1767066704901,"duration":30343},"status":"broken","statusMessage":"Timed out after 30 seconds","statusTrace":"OpenQA.Selenium.WebDriverTimeoutException: Timed out after 30 seconds\n ---> OpenQA.Selenium.NoSuchElementException: no such element: Unable to locate element: {\"method\":\"xpath\",\"selector\":\"//div[contains(text(),'Порог прохождения')]/following-sibling::span\"}\n  (Session info: chrome=140.0.7339.127); For documentation on this error, please visit: https://www.selenium.dev/documentation/webdriver/troubleshooting/errors#no-such-element-exception\n   at OpenQA.Selenium.WebDriver.UnpackAndThrowOnError(Response errorResponse, String commandToExecute)\n   at OpenQA.Selenium.WebDriver.ExecuteAsync(String driverCommandToExecute, Dictionary`2 parameters)\n   at SeleniumExtras.WaitHelpers.ExpectedConditions.<>c__DisplayClass19_0.<ElementToBeClickable>b__0(IWebDriver driver)\n   at OpenQA.Selenium.Support.UI.DefaultWait`1.Until[TResult](Func`2 condition, CancellationToken token)\n   --- End of inner exception stack trace ---\n   at OpenQA.Selenium.Support.UI.DefaultWait`1.ThrowTimeoutException(String exceptionMessage, Exception lastException)\n   at OpenQA.Selenium.Support.UI.DefaultWait`1.Until[TResult](Func`2 condition, CancellationToken token)\n   at OpenQA.Selenium.Support.UI.DefaultWait`1.Until[TResult](Func`2 condition)\n   at OdinUiTests.Pages.ActivityCommonPage.ActivityMinThresholdIsChanged(String minThreshold) in /azp/_work/1/s/Pages/ActivityCommonPage.cs:line 908\n   at OdinUiTests.Pages.ActivityCommonPage.__a$_around_CheckActivityMinThresholdIsChanged_100666216_o(String minThreshold) in /azp/_work/1/s/Pages/ActivityCommonPage.cs:line 915\n   at OdinUiTests.Pages.ActivityCommonPage.__a$_around_CheckActivityMinThresholdIsChanged_100666216_u(Object[])\n   at Allure.Net.Commons.Steps.AllureAbstractStepAspect.WrapSync[T](Func`2 target, Object[] args, MethodBase metadata, String stepName, List`1 stepParameters)","steps":[],"attachments":[],"parameters":[{"name":"minThreshold","value":"\"14\""}],"stepsCount":0,"attachmentsCount":0,"shouldDisplayMessage":true,"hasContent":true}],"attachments":[{"uid":"f9d4487f36d151c0","name":"CheckSuccessSaveWithCorrectValueInMinThresholdField.jpg","source":"f9d4487f36d151c0.jpg","type":"image/jpeg","size":55110},{"uid":"e783032df961ece9","name":"Console Output","source":"e783032df961ece9.txt","type":"text/plain","size":46}],"parameters":[],"stepsCount":6,"attachmentsCount":2,"shouldDisplayMessage":true,"hasContent":true},"afterStages":[],"labels":[{"name":"thread","value":"NUnit.Fw.ParallelWorker#2"},{"name":"host","value":"1f0608dea750"},{"name":"language","value":"C#"},{"name":"framework","value":"NUnit 3"},{"name":"package","value":"OdinUiTests.Tests.Activity"},{"name":"testMethod","value":"CheckSuccessSaveWithCorrectValueInMinThresholdField"},{"name":"testClass","value":"TestActivityEditingTests"},{"name":"parentSuite","value":"Активность"},{"name":"suite","value":"Контрольная"},{"name":"subSuite","value":"Редактирование контрольной"},{"name":"severity","value":"critical"},{"name":"tag","value":"Активность"},{"name":"tag","value":"Дежурство"},{"name":"tag","value":"Регресс"},{"name":"resultFormat","value":"allure2"}],"parameters":[],"links":[],"hidden":true,"retry":true,"extra":{"categories":[],"tags":["Регресс","Дежурство","Активность"]},"source":"ac2239ce36431e52.json","parameterValues":[]}