{"uid":"b3d6d454062e1ccf","name":"Отсутствует поле Оценка по SCORM результату, если SCORM пакет не добавлен в шаблон активности","fullName":"OdinUiTests:OdinUiTests.Tests.Activity.TemplateAddingTests.CheckScormScoreFieldNotDisplayed()","historyId":"eb128982f60d98f88d8cf52c79697d0e","time":{"start":1764825910172,"stop":1764825943519,"duration":33347},"status":"broken","statusMessage":"System.Reflection.TargetInvocationException : Exception has been thrown by the target of an invocation.\n  ----> OpenQA.Selenium.WebDriverTimeoutException : Timed out after 30 seconds\n  ----> OpenQA.Selenium.NoSuchElementException : no such element: Unable to locate element: {\"method\":\"css selector\",\"selector\":\"input[aria-label*='Название']\"}\n  (Session info: chrome=140.0.7339.127); For documentation on this error, please visit: https://www.selenium.dev/documentation/webdriver/troubleshooting/errors#no-such-element-exception","statusTrace":"   at System.Reflection.MethodBaseInvoker.InvokeWithManyArgs(Object obj, BindingFlags invokeAttr, Binder binder, Object[] parameters, CultureInfo culture)\n   at Allure.Net.Commons.Steps.AllureStepAspectBase.Around(String name, Object[] args, Func`2 target, MethodBase metadata, Type returnType)\n   at OdinUiTests.Pages.ActivityCommonEditPage.__a$_around_CheckScormScoreFieldNotDisplayed_100666086_w_0(Object[])\n   at OdinUiTests.Pages.ActivityCommonEditPage.CheckScormScoreFieldNotDisplayed()\n   at OdinUiTests.Tests.Activity.ActivityCommon.ScormScoreFieldNotDisplayed(IWebDriver driver, Boolean isTemplate, String id, Boolean needToBeAdded) in /azp/_work/2/s/Tests/Activity/ActivityCommon.cs:line 537\n   at OdinUiTests.Tests.Activity.ActivityCommon.ScormScoreFieldNotDisplayedInActivityPlan(IWebDriver driver, String contentId, Boolean scormIsAdded) in /azp/_work/2/s/Tests/Activity/ActivityCommon.cs:line 549\n   at OdinUiTests.Tests.Activity.TemplateAddingTests.CheckScormScoreFieldNotDisplayed() in /azp/_work/2/s/Tests/Activity/TemplateTests.cs:line 134\n   at System.RuntimeMethodHandle.InvokeMethod(Object target, Void** arguments, Signature sig, Boolean isConstructor)\n   at System.Reflection.MethodBaseInvoker.InvokeWithNoArgs(Object obj, BindingFlags invokeAttr)\n--WebDriverTimeoutException\n   at OpenQA.Selenium.Support.UI.DefaultWait`1.ThrowTimeoutException(String exceptionMessage, Exception lastException)\n   at OpenQA.Selenium.Support.UI.DefaultWait`1.Until[TResult](Func`2 condition, CancellationToken token)\n   at OpenQA.Selenium.Support.UI.DefaultWait`1.Until[TResult](Func`2 condition)\n   at OdinUiTests.Pages.ActivityCommonEditPage.__a$_around_CheckScormScoreFieldNotDisplayed_100666086_o() in /azp/_work/2/s/Pages/ActivityCommonEditPage.cs:line 996\n   at OdinUiTests.Pages.ActivityCommonEditPage.__a$_around_CheckScormScoreFieldNotDisplayed_100666086_u(Object[])\n   at Allure.Net.Commons.Steps.AllureAbstractStepAspect.WrapSync[T](Func`2 target, Object[] args, MethodBase metadata, String stepName, List`1 stepParameters)\n   at InvokeStub_AllureAbstractStepAspect.WrapSync(Object, Span`1)\n   at System.Reflection.MethodBaseInvoker.InvokeWithManyArgs(Object obj, BindingFlags invokeAttr, Binder binder, Object[] parameters, CultureInfo culture)\n--NoSuchElementException\n   at OpenQA.Selenium.WebDriver.UnpackAndThrowOnError(Response errorResponse, String commandToExecute)\n   at OpenQA.Selenium.WebDriver.ExecuteAsync(String driverCommandToExecute, Dictionary`2 parameters)\n   at SeleniumExtras.WaitHelpers.ExpectedConditions.<>c__DisplayClass19_0.<ElementToBeClickable>b__0(IWebDriver driver)\n   at OpenQA.Selenium.Support.UI.DefaultWait`1.Until[TResult](Func`2 condition, CancellationToken token)","flaky":false,"newFailed":false,"newBroken":true,"newPassed":false,"retriesCount":0,"retriesStatusChange":false,"beforeStages":[],"testStage":{"status":"broken","statusMessage":"System.Reflection.TargetInvocationException : Exception has been thrown by the target of an invocation.\n  ----> OpenQA.Selenium.WebDriverTimeoutException : Timed out after 30 seconds\n  ----> OpenQA.Selenium.NoSuchElementException : no such element: Unable to locate element: {\"method\":\"css selector\",\"selector\":\"input[aria-label*='Название']\"}\n  (Session info: chrome=140.0.7339.127); For documentation on this error, please visit: https://www.selenium.dev/documentation/webdriver/troubleshooting/errors#no-such-element-exception","statusTrace":"   at System.Reflection.MethodBaseInvoker.InvokeWithManyArgs(Object obj, BindingFlags invokeAttr, Binder binder, Object[] parameters, CultureInfo culture)\n   at Allure.Net.Commons.Steps.AllureStepAspectBase.Around(String name, Object[] args, Func`2 target, MethodBase metadata, Type returnType)\n   at OdinUiTests.Pages.ActivityCommonEditPage.__a$_around_CheckScormScoreFieldNotDisplayed_100666086_w_0(Object[])\n   at OdinUiTests.Pages.ActivityCommonEditPage.CheckScormScoreFieldNotDisplayed()\n   at OdinUiTests.Tests.Activity.ActivityCommon.ScormScoreFieldNotDisplayed(IWebDriver driver, Boolean isTemplate, String id, Boolean needToBeAdded) in /azp/_work/2/s/Tests/Activity/ActivityCommon.cs:line 537\n   at OdinUiTests.Tests.Activity.ActivityCommon.ScormScoreFieldNotDisplayedInActivityPlan(IWebDriver driver, String contentId, Boolean scormIsAdded) in /azp/_work/2/s/Tests/Activity/ActivityCommon.cs:line 549\n   at OdinUiTests.Tests.Activity.TemplateAddingTests.CheckScormScoreFieldNotDisplayed() in /azp/_work/2/s/Tests/Activity/TemplateTests.cs:line 134\n   at System.RuntimeMethodHandle.InvokeMethod(Object target, Void** arguments, Signature sig, Boolean isConstructor)\n   at System.Reflection.MethodBaseInvoker.InvokeWithNoArgs(Object obj, BindingFlags invokeAttr)\n--WebDriverTimeoutException\n   at OpenQA.Selenium.Support.UI.DefaultWait`1.ThrowTimeoutException(String exceptionMessage, Exception lastException)\n   at OpenQA.Selenium.Support.UI.DefaultWait`1.Until[TResult](Func`2 condition, CancellationToken token)\n   at OpenQA.Selenium.Support.UI.DefaultWait`1.Until[TResult](Func`2 condition)\n   at OdinUiTests.Pages.ActivityCommonEditPage.__a$_around_CheckScormScoreFieldNotDisplayed_100666086_o() in /azp/_work/2/s/Pages/ActivityCommonEditPage.cs:line 996\n   at OdinUiTests.Pages.ActivityCommonEditPage.__a$_around_CheckScormScoreFieldNotDisplayed_100666086_u(Object[])\n   at Allure.Net.Commons.Steps.AllureAbstractStepAspect.WrapSync[T](Func`2 target, Object[] args, MethodBase metadata, String stepName, List`1 stepParameters)\n   at InvokeStub_AllureAbstractStepAspect.WrapSync(Object, Span`1)\n   at System.Reflection.MethodBaseInvoker.InvokeWithManyArgs(Object obj, BindingFlags invokeAttr, Binder binder, Object[] parameters, CultureInfo culture)\n--NoSuchElementException\n   at OpenQA.Selenium.WebDriver.UnpackAndThrowOnError(Response errorResponse, String commandToExecute)\n   at OpenQA.Selenium.WebDriver.ExecuteAsync(String driverCommandToExecute, Dictionary`2 parameters)\n   at SeleniumExtras.WaitHelpers.ExpectedConditions.<>c__DisplayClass19_0.<ElementToBeClickable>b__0(IWebDriver driver)\n   at OpenQA.Selenium.Support.UI.DefaultWait`1.Until[TResult](Func`2 condition, CancellationToken token)","steps":[{"name":"Открыть страницу редактирования активности","time":{"start":1764825910657,"stop":1764825910883,"duration":226},"status":"passed","steps":[{"name":"Открыть страницу редактирования шаблона активности","time":{"start":1764825910657,"stop":1764825910883,"duration":226},"status":"passed","steps":[],"attachments":[],"parameters":[{"name":"contentId","value":"\"861\""}],"stepsCount":0,"attachmentsCount":0,"shouldDisplayMessage":false,"hasContent":true}],"attachments":[],"parameters":[{"name":"isTemplate","value":"true"},{"name":"id","value":"\"861\""}],"stepsCount":1,"attachmentsCount":0,"shouldDisplayMessage":false,"hasContent":true},{"name":"Убедиться, что SCORM пакет не был добавлен","time":{"start":1764825910883,"stop":1764825913103,"duration":2220},"status":"passed","steps":[],"attachments":[],"parameters":[],"stepsCount":0,"attachmentsCount":0,"shouldDisplayMessage":false,"hasContent":false},{"name":"Проверка того, что поле 'Оценка по Scorm результату' не отображается, если не добавлен SCORM пакет","time":{"start":1764825913104,"stop":1764825943414,"duration":30310},"status":"broken","statusMessage":"Timed out after 30 seconds","statusTrace":"OpenQA.Selenium.WebDriverTimeoutException: Timed out after 30 seconds\n ---> OpenQA.Selenium.NoSuchElementException: no such element: Unable to locate element: {\"method\":\"css selector\",\"selector\":\"input[aria-label*='Название']\"}\n  (Session info: chrome=140.0.7339.127); For documentation on this error, please visit: https://www.selenium.dev/documentation/webdriver/troubleshooting/errors#no-such-element-exception\n   at OpenQA.Selenium.WebDriver.UnpackAndThrowOnError(Response errorResponse, String commandToExecute)\n   at OpenQA.Selenium.WebDriver.ExecuteAsync(String driverCommandToExecute, Dictionary`2 parameters)\n   at SeleniumExtras.WaitHelpers.ExpectedConditions.<>c__DisplayClass19_0.<ElementToBeClickable>b__0(IWebDriver driver)\n   at OpenQA.Selenium.Support.UI.DefaultWait`1.Until[TResult](Func`2 condition, CancellationToken token)\n   --- End of inner exception stack trace ---\n   at OpenQA.Selenium.Support.UI.DefaultWait`1.ThrowTimeoutException(String exceptionMessage, Exception lastException)\n   at OpenQA.Selenium.Support.UI.DefaultWait`1.Until[TResult](Func`2 condition, CancellationToken token)\n   at OpenQA.Selenium.Support.UI.DefaultWait`1.Until[TResult](Func`2 condition)\n   at OdinUiTests.Pages.ActivityCommonEditPage.__a$_around_CheckScormScoreFieldNotDisplayed_100666086_o() in /azp/_work/2/s/Pages/ActivityCommonEditPage.cs:line 996\n   at OdinUiTests.Pages.ActivityCommonEditPage.__a$_around_CheckScormScoreFieldNotDisplayed_100666086_u(Object[])\n   at Allure.Net.Commons.Steps.AllureAbstractStepAspect.WrapSync[T](Func`2 target, Object[] args, MethodBase metadata, String stepName, List`1 stepParameters)","steps":[],"attachments":[],"parameters":[],"stepsCount":0,"attachmentsCount":0,"shouldDisplayMessage":true,"hasContent":true}],"attachments":[{"uid":"e82d9c05bc68911e","name":"CheckScormScoreFieldNotDisplayed.jpg","source":"e82d9c05bc68911e.jpg","type":"image/jpeg","size":71255},{"uid":"676136efd0929631","name":"Console Output","source":"676136efd0929631.txt","type":"text/plain","size":50}],"parameters":[],"stepsCount":4,"attachmentsCount":2,"shouldDisplayMessage":true,"hasContent":true},"afterStages":[],"labels":[{"name":"thread","value":"NUnit.Fw.ParallelWorker#1"},{"name":"host","value":"fdadc9821b00"},{"name":"language","value":"C#"},{"name":"framework","value":"NUnit 3"},{"name":"package","value":"OdinUiTests.Tests.Activity"},{"name":"testMethod","value":"CheckScormScoreFieldNotDisplayed"},{"name":"testClass","value":"TemplateAddingTests"},{"name":"suite","value":"Активность"},{"name":"subSuite","value":"Обычный шаблон активности"},{"name":"severity","value":"normal"},{"name":"tag","value":"Активность"},{"name":"tag","value":"Дежурство"},{"name":"tag","value":"Регресс"},{"name":"resultFormat","value":"allure2"}],"parameters":[],"links":[],"hidden":false,"retry":false,"extra":{"severity":"normal","retries":[],"categories":[{"name":"Test defects","matchedStatuses":[],"flaky":false}],"history":{"statistic":{"failed":0,"broken":1,"skipped":0,"passed":7,"unknown":0,"total":8},"items":[{"uid":"74692b210339bbb","status":"passed","time":{"start":1761543428832,"stop":1761543446333,"duration":17501}},{"uid":"99b00f9738633d1","status":"passed","time":{"start":1760920072159,"stop":1760920086243,"duration":14084}},{"uid":"3dbb9da74e903f8a","status":"passed","time":{"start":1759903051257,"stop":1759903061365,"duration":10108}},{"uid":"de12011c61eb6eff","status":"passed","time":{"start":1759870457839,"stop":1759870467655,"duration":9816}},{"uid":"a843a42a7b416cf","status":"passed","time":{"start":1759817954327,"stop":1759817963809,"duration":9482}},{"uid":"578592c5e909f94a","status":"passed","time":{"start":1759802876077,"stop":1759802887456,"duration":11379}},{"uid":"cbbd827685ce1058","status":"passed","time":{"start":1759473193813,"stop":1759473202216,"duration":8403}}]},"tags":["Регресс","Дежурство","Активность"]},"source":"b3d6d454062e1ccf.json","parameterValues":[]}