{"uid":"b654c2fb03d82434","name":"Страница библиотеки: можно удалить шаблон дисциплины по которому была создана дисциплина","fullName":"OdinUiTests:OdinUiTests.Tests.Library.RemovingTemplatesTests.CheckDeleteDisciplineTemplateFromWhichDisciplineIsCreated()","historyId":"bc4f47aa481c86be9ca81629edb16228","time":{"start":1766650662004,"stop":1766650746908,"duration":84904},"status":"broken","statusMessage":"System.Reflection.TargetInvocationException : Exception has been thrown by the target of an invocation.\n  ----> OpenQA.Selenium.WebDriverTimeoutException : Timed out after 30 seconds\n  ----> OpenQA.Selenium.NoSuchElementException : no such element: Unable to locate element: {\"method\":\"xpath\",\"selector\":\"//div[contains(@class,'content-item')]//span[contains(text(),'Длинное название дисциплины')]\"}\n  (Session info: chrome=140.0.7339.127); For documentation on this error, please visit: https://www.selenium.dev/documentation/webdriver/troubleshooting/errors#no-such-element-exception","statusTrace":"   at System.Reflection.MethodBaseInvoker.InvokeWithManyArgs(Object obj, BindingFlags invokeAttr, Binder binder, Object[] parameters, CultureInfo culture)\n   at Allure.Net.Commons.Steps.AllureStepAspectBase.Around(String name, Object[] args, Func`2 target, MethodBase metadata, Type returnType)\n   at OdinUiTests.Pages.LibraryPage.__a$_around_RemoveMaterial_100666974_w_0(Object[])\n   at OdinUiTests.Pages.LibraryPage.RemoveMaterial(String materialName, Boolean withRightClick)\n   at OdinUiTests.Tests.Library.RemovingTemplatesTests.CheckDeleteDisciplineTemplateFromWhichDisciplineIsCreated() in /azp/_work/2/s/Tests/Library/UserLibraryTests.cs:line 580\n   at System.RuntimeMethodHandle.InvokeMethod(Object target, Void** arguments, Signature sig, Boolean isConstructor)\n   at System.Reflection.MethodBaseInvoker.InvokeWithNoArgs(Object obj, BindingFlags invokeAttr)\n--WebDriverTimeoutException\n   at OpenQA.Selenium.Support.UI.DefaultWait`1.ThrowTimeoutException(String exceptionMessage, Exception lastException)\n   at OpenQA.Selenium.Support.UI.DefaultWait`1.Until[TResult](Func`2 condition, CancellationToken token)\n   at OpenQA.Selenium.Support.UI.DefaultWait`1.Until[TResult](Func`2 condition)\n   at OdinUiTests.Pages.LibraryPage.ScrollUntilMaterialOrCatalogIsInView(Boolean isMaterial, String name) in /azp/_work/2/s/Pages/LibraryPage.cs:line 555\n   at OdinUiTests.Pages.LibraryPage.__a$_around_RemoveMaterial_100666974_o(String materialName, Boolean withRightClick) in /azp/_work/2/s/Pages/LibraryPage.cs:line 139\n   at OdinUiTests.Pages.LibraryPage.__a$_around_RemoveMaterial_100666974_u(Object[])\n   at Allure.Net.Commons.Steps.AllureAbstractStepAspect.WrapSync[T](Func`2 target, Object[] args, MethodBase metadata, String stepName, List`1 stepParameters)\n   at InvokeStub_AllureAbstractStepAspect.WrapSync(Object, Span`1)\n   at System.Reflection.MethodBaseInvoker.InvokeWithManyArgs(Object obj, BindingFlags invokeAttr, Binder binder, Object[] parameters, CultureInfo culture)\n--NoSuchElementException\n   at OpenQA.Selenium.WebDriver.UnpackAndThrowOnError(Response errorResponse, String commandToExecute)\n   at OpenQA.Selenium.WebDriver.ExecuteAsync(String driverCommandToExecute, Dictionary`2 parameters)\n   at SeleniumExtras.WaitHelpers.ExpectedConditions.<>c__DisplayClass19_0.<ElementToBeClickable>b__0(IWebDriver driver)\n   at OpenQA.Selenium.Support.UI.DefaultWait`1.Until[TResult](Func`2 condition, CancellationToken token)","flaky":false,"newFailed":false,"newBroken":false,"newPassed":false,"retriesCount":0,"retriesStatusChange":false,"beforeStages":[],"testStage":{"status":"broken","statusMessage":"System.Reflection.TargetInvocationException : Exception has been thrown by the target of an invocation.\n  ----> OpenQA.Selenium.WebDriverTimeoutException : Timed out after 30 seconds\n  ----> OpenQA.Selenium.NoSuchElementException : no such element: Unable to locate element: {\"method\":\"xpath\",\"selector\":\"//div[contains(@class,'content-item')]//span[contains(text(),'Длинное название дисциплины')]\"}\n  (Session info: chrome=140.0.7339.127); For documentation on this error, please visit: https://www.selenium.dev/documentation/webdriver/troubleshooting/errors#no-such-element-exception","statusTrace":"   at System.Reflection.MethodBaseInvoker.InvokeWithManyArgs(Object obj, BindingFlags invokeAttr, Binder binder, Object[] parameters, CultureInfo culture)\n   at Allure.Net.Commons.Steps.AllureStepAspectBase.Around(String name, Object[] args, Func`2 target, MethodBase metadata, Type returnType)\n   at OdinUiTests.Pages.LibraryPage.__a$_around_RemoveMaterial_100666974_w_0(Object[])\n   at OdinUiTests.Pages.LibraryPage.RemoveMaterial(String materialName, Boolean withRightClick)\n   at OdinUiTests.Tests.Library.RemovingTemplatesTests.CheckDeleteDisciplineTemplateFromWhichDisciplineIsCreated() in /azp/_work/2/s/Tests/Library/UserLibraryTests.cs:line 580\n   at System.RuntimeMethodHandle.InvokeMethod(Object target, Void** arguments, Signature sig, Boolean isConstructor)\n   at System.Reflection.MethodBaseInvoker.InvokeWithNoArgs(Object obj, BindingFlags invokeAttr)\n--WebDriverTimeoutException\n   at OpenQA.Selenium.Support.UI.DefaultWait`1.ThrowTimeoutException(String exceptionMessage, Exception lastException)\n   at OpenQA.Selenium.Support.UI.DefaultWait`1.Until[TResult](Func`2 condition, CancellationToken token)\n   at OpenQA.Selenium.Support.UI.DefaultWait`1.Until[TResult](Func`2 condition)\n   at OdinUiTests.Pages.LibraryPage.ScrollUntilMaterialOrCatalogIsInView(Boolean isMaterial, String name) in /azp/_work/2/s/Pages/LibraryPage.cs:line 555\n   at OdinUiTests.Pages.LibraryPage.__a$_around_RemoveMaterial_100666974_o(String materialName, Boolean withRightClick) in /azp/_work/2/s/Pages/LibraryPage.cs:line 139\n   at OdinUiTests.Pages.LibraryPage.__a$_around_RemoveMaterial_100666974_u(Object[])\n   at Allure.Net.Commons.Steps.AllureAbstractStepAspect.WrapSync[T](Func`2 target, Object[] args, MethodBase metadata, String stepName, List`1 stepParameters)\n   at InvokeStub_AllureAbstractStepAspect.WrapSync(Object, Span`1)\n   at System.Reflection.MethodBaseInvoker.InvokeWithManyArgs(Object obj, BindingFlags invokeAttr, Binder binder, Object[] parameters, CultureInfo culture)\n--NoSuchElementException\n   at OpenQA.Selenium.WebDriver.UnpackAndThrowOnError(Response errorResponse, String commandToExecute)\n   at OpenQA.Selenium.WebDriver.ExecuteAsync(String driverCommandToExecute, Dictionary`2 parameters)\n   at SeleniumExtras.WaitHelpers.ExpectedConditions.<>c__DisplayClass19_0.<ElementToBeClickable>b__0(IWebDriver driver)\n   at OpenQA.Selenium.Support.UI.DefaultWait`1.Until[TResult](Func`2 condition, CancellationToken token)","steps":[{"name":"Открыть страницу Библиотеки","time":{"start":1766650668734,"stop":1766650669129,"duration":395},"status":"passed","steps":[],"attachments":[],"parameters":[{"name":"id","value":"\"345\""}],"stepsCount":0,"attachmentsCount":0,"shouldDisplayMessage":false,"hasContent":true},{"name":"Открыть каталог по названию","time":{"start":1766650669129,"stop":1766650677033,"duration":7904},"status":"passed","steps":[],"attachments":[],"parameters":[{"name":"dirName","value":"\"Длинное название дисциплины\""}],"stepsCount":0,"attachmentsCount":0,"shouldDisplayMessage":false,"hasContent":true},{"name":"Удалить материал из Библиотеки","time":{"start":1766650677033,"stop":1766650696407,"duration":19374},"status":"passed","steps":[],"attachments":[],"parameters":[{"name":"materialName","value":"\"Длинное название дисциплины\""},{"name":"withRightClick","value":"true"}],"stepsCount":0,"attachmentsCount":0,"shouldDisplayMessage":false,"hasContent":true},{"name":"Открыть страницу Библиотеки","time":{"start":1766650696408,"stop":1766650697212,"duration":804},"status":"passed","steps":[],"attachments":[],"parameters":[{"name":"id","value":"\"18927\""}],"stepsCount":0,"attachmentsCount":0,"shouldDisplayMessage":false,"hasContent":true},{"name":"Открыть каталог по названию","time":{"start":1766650697212,"stop":1766650704489,"duration":7277},"status":"passed","steps":[],"attachments":[],"parameters":[{"name":"dirName","value":"\"Длинное название дисциплины\""}],"stepsCount":0,"attachmentsCount":0,"shouldDisplayMessage":false,"hasContent":true},{"name":"Удалить материал из Библиотеки","time":{"start":1766650704489,"stop":1766650746426,"duration":41937},"status":"broken","statusMessage":"Timed out after 30 seconds","statusTrace":"OpenQA.Selenium.WebDriverTimeoutException: Timed out after 30 seconds\n ---> OpenQA.Selenium.NoSuchElementException: no such element: Unable to locate element: {\"method\":\"xpath\",\"selector\":\"//div[contains(@class,'content-item')]//span[contains(text(),'Длинное название дисциплины')]\"}\n  (Session info: chrome=140.0.7339.127); For documentation on this error, please visit: https://www.selenium.dev/documentation/webdriver/troubleshooting/errors#no-such-element-exception\n   at OpenQA.Selenium.WebDriver.UnpackAndThrowOnError(Response errorResponse, String commandToExecute)\n   at OpenQA.Selenium.WebDriver.ExecuteAsync(String driverCommandToExecute, Dictionary`2 parameters)\n   at SeleniumExtras.WaitHelpers.ExpectedConditions.<>c__DisplayClass19_0.<ElementToBeClickable>b__0(IWebDriver driver)\n   at OpenQA.Selenium.Support.UI.DefaultWait`1.Until[TResult](Func`2 condition, CancellationToken token)\n   --- End of inner exception stack trace ---\n   at OpenQA.Selenium.Support.UI.DefaultWait`1.ThrowTimeoutException(String exceptionMessage, Exception lastException)\n   at OpenQA.Selenium.Support.UI.DefaultWait`1.Until[TResult](Func`2 condition, CancellationToken token)\n   at OpenQA.Selenium.Support.UI.DefaultWait`1.Until[TResult](Func`2 condition)\n   at OdinUiTests.Pages.LibraryPage.ScrollUntilMaterialOrCatalogIsInView(Boolean isMaterial, String name) in /azp/_work/2/s/Pages/LibraryPage.cs:line 555\n   at OdinUiTests.Pages.LibraryPage.__a$_around_RemoveMaterial_100666974_o(String materialName, Boolean withRightClick) in /azp/_work/2/s/Pages/LibraryPage.cs:line 139\n   at OdinUiTests.Pages.LibraryPage.__a$_around_RemoveMaterial_100666974_u(Object[])\n   at Allure.Net.Commons.Steps.AllureAbstractStepAspect.WrapSync[T](Func`2 target, Object[] args, MethodBase metadata, String stepName, List`1 stepParameters)","steps":[],"attachments":[],"parameters":[{"name":"materialName","value":"\"Длинное название дисциплины\""},{"name":"withRightClick","value":"true"}],"stepsCount":0,"attachmentsCount":0,"shouldDisplayMessage":true,"hasContent":true}],"attachments":[{"uid":"8ac34daa7b751f4a","name":"CheckDeleteDisciplineTemplateFromWhichDisciplineIsCreated.jpg","source":"8ac34daa7b751f4a.jpg","type":"image/jpeg","size":79630},{"uid":"cf9d7b04a1abce1a","name":"Console Output","source":"cf9d7b04a1abce1a.txt","type":"text/plain","size":59}],"parameters":[],"stepsCount":6,"attachmentsCount":2,"shouldDisplayMessage":true,"hasContent":true},"afterStages":[],"labels":[{"name":"thread","value":"NUnit.Fw.ParallelWorker#4"},{"name":"host","value":"154d1b5e2ef1"},{"name":"language","value":"C#"},{"name":"framework","value":"NUnit 3"},{"name":"package","value":"OdinUiTests.Tests.Library"},{"name":"testMethod","value":"CheckDeleteDisciplineTemplateFromWhichDisciplineIsCreated"},{"name":"testClass","value":"RemovingTemplatesTests"},{"name":"suite","value":"Библиотека"},{"name":"severity","value":"critical"},{"name":"tag","value":"Библиотека"},{"name":"tag","value":"Дежурство"},{"name":"tag","value":"Регресс"},{"name":"resultFormat","value":"allure2"}],"parameters":[],"links":[],"hidden":true,"retry":true,"extra":{"categories":[],"tags":["Регресс","Дежурство","Библиотека"]},"source":"b654c2fb03d82434.json","parameterValues":[]}