{"uid":"cf9123010f959e3c","name":"Можно выбрать созданную резолюцию в завершении обучения","fullName":"OdinUiTests:OdinUiTests.Tests.Cohort.EducationCompletionPageTests.CheckSelectCreatedResolutionToStudentLearningStatus()","historyId":"b69215ad72ea0f73a3d1e121559f1036","time":{"start":1766555938483,"stop":1766555992098,"duration":53615},"status":"broken","statusMessage":"System.Reflection.TargetInvocationException : Exception has been thrown by the target of an invocation.\n  ----> OpenQA.Selenium.WebDriverTimeoutException : Timed out after 30 seconds\n  ----> OpenQA.Selenium.NoSuchElementException : no such element: Unable to locate element: {\"method\":\"css selector\",\"selector\":\".q-notification__message\"}\n  (Session info: chrome=140.0.7339.127); For documentation on this error, please visit: https://www.selenium.dev/documentation/webdriver/troubleshooting/errors#no-such-element-exception","statusTrace":"   at System.Reflection.MethodBaseInvoker.InvokeWithManyArgs(Object obj, BindingFlags invokeAttr, Binder binder, Object[] parameters, CultureInfo culture)\n   at Allure.Net.Commons.Steps.AllureStepAspectBase.Around(String name, Object[] args, Func`2 target, MethodBase metadata, Type returnType)\n   at OdinUiTests.Pages.EducationCompletionPage.__a$_around_CheckSelectedResolutionIsSaved_100666922_w_0(Object[])\n   at OdinUiTests.Pages.EducationCompletionPage.CheckSelectedResolutionIsSaved(Dictionary`2 resInfo)\n   at OdinUiTests.Tests.Cohort.EducationCompletionPageTests.CheckSelectCreatedResolutionToStudentLearningStatus() in /azp/_work/1/s/Tests/Cohort/EducationCompletionPageTests.cs:line 73\n   at System.RuntimeMethodHandle.InvokeMethod(Object target, Void** arguments, Signature sig, Boolean isConstructor)\n   at System.Reflection.MethodBaseInvoker.InvokeWithNoArgs(Object obj, BindingFlags invokeAttr)\n--WebDriverTimeoutException\n   at OpenQA.Selenium.Support.UI.DefaultWait`1.ThrowTimeoutException(String exceptionMessage, Exception lastException)\n   at OpenQA.Selenium.Support.UI.DefaultWait`1.Until[TResult](Func`2 condition, CancellationToken token)\n   at OpenQA.Selenium.Support.UI.DefaultWait`1.Until[TResult](Func`2 condition)\n   at OdinUiTests.Pages.EducationCompletionPage.__a$_around_CheckSelectedResolutionIsSaved_100666922_o(Dictionary`2 resInfo) in /azp/_work/1/s/Pages/EducationCompletionPage.cs:line 254\n   at OdinUiTests.Pages.EducationCompletionPage.__a$_around_CheckSelectedResolutionIsSaved_100666922_u(Object[])\n   at Allure.Net.Commons.Steps.AllureAbstractStepAspect.WrapSync[T](Func`2 target, Object[] args, MethodBase metadata, String stepName, List`1 stepParameters)\n   at InvokeStub_AllureAbstractStepAspect.WrapSync(Object, Span`1)\n   at System.Reflection.MethodBaseInvoker.InvokeWithManyArgs(Object obj, BindingFlags invokeAttr, Binder binder, Object[] parameters, CultureInfo culture)\n--NoSuchElementException\n   at OpenQA.Selenium.WebDriver.UnpackAndThrowOnError(Response errorResponse, String commandToExecute)\n   at OpenQA.Selenium.WebDriver.ExecuteAsync(String driverCommandToExecute, Dictionary`2 parameters)\n   at SeleniumExtras.WaitHelpers.ExpectedConditions.<>c__DisplayClass19_0.<ElementToBeClickable>b__0(IWebDriver driver)\n   at OpenQA.Selenium.Support.UI.DefaultWait`1.Until[TResult](Func`2 condition, CancellationToken token)","flaky":false,"newFailed":false,"newBroken":true,"newPassed":false,"retriesCount":1,"retriesStatusChange":false,"beforeStages":[],"testStage":{"status":"broken","statusMessage":"System.Reflection.TargetInvocationException : Exception has been thrown by the target of an invocation.\n  ----> OpenQA.Selenium.WebDriverTimeoutException : Timed out after 30 seconds\n  ----> OpenQA.Selenium.NoSuchElementException : no such element: Unable to locate element: {\"method\":\"css selector\",\"selector\":\".q-notification__message\"}\n  (Session info: chrome=140.0.7339.127); For documentation on this error, please visit: https://www.selenium.dev/documentation/webdriver/troubleshooting/errors#no-such-element-exception","statusTrace":"   at System.Reflection.MethodBaseInvoker.InvokeWithManyArgs(Object obj, BindingFlags invokeAttr, Binder binder, Object[] parameters, CultureInfo culture)\n   at Allure.Net.Commons.Steps.AllureStepAspectBase.Around(String name, Object[] args, Func`2 target, MethodBase metadata, Type returnType)\n   at OdinUiTests.Pages.EducationCompletionPage.__a$_around_CheckSelectedResolutionIsSaved_100666922_w_0(Object[])\n   at OdinUiTests.Pages.EducationCompletionPage.CheckSelectedResolutionIsSaved(Dictionary`2 resInfo)\n   at OdinUiTests.Tests.Cohort.EducationCompletionPageTests.CheckSelectCreatedResolutionToStudentLearningStatus() in /azp/_work/1/s/Tests/Cohort/EducationCompletionPageTests.cs:line 73\n   at System.RuntimeMethodHandle.InvokeMethod(Object target, Void** arguments, Signature sig, Boolean isConstructor)\n   at System.Reflection.MethodBaseInvoker.InvokeWithNoArgs(Object obj, BindingFlags invokeAttr)\n--WebDriverTimeoutException\n   at OpenQA.Selenium.Support.UI.DefaultWait`1.ThrowTimeoutException(String exceptionMessage, Exception lastException)\n   at OpenQA.Selenium.Support.UI.DefaultWait`1.Until[TResult](Func`2 condition, CancellationToken token)\n   at OpenQA.Selenium.Support.UI.DefaultWait`1.Until[TResult](Func`2 condition)\n   at OdinUiTests.Pages.EducationCompletionPage.__a$_around_CheckSelectedResolutionIsSaved_100666922_o(Dictionary`2 resInfo) in /azp/_work/1/s/Pages/EducationCompletionPage.cs:line 254\n   at OdinUiTests.Pages.EducationCompletionPage.__a$_around_CheckSelectedResolutionIsSaved_100666922_u(Object[])\n   at Allure.Net.Commons.Steps.AllureAbstractStepAspect.WrapSync[T](Func`2 target, Object[] args, MethodBase metadata, String stepName, List`1 stepParameters)\n   at InvokeStub_AllureAbstractStepAspect.WrapSync(Object, Span`1)\n   at System.Reflection.MethodBaseInvoker.InvokeWithManyArgs(Object obj, BindingFlags invokeAttr, Binder binder, Object[] parameters, CultureInfo culture)\n--NoSuchElementException\n   at OpenQA.Selenium.WebDriver.UnpackAndThrowOnError(Response errorResponse, String commandToExecute)\n   at OpenQA.Selenium.WebDriver.ExecuteAsync(String driverCommandToExecute, Dictionary`2 parameters)\n   at SeleniumExtras.WaitHelpers.ExpectedConditions.<>c__DisplayClass19_0.<ElementToBeClickable>b__0(IWebDriver driver)\n   at OpenQA.Selenium.Support.UI.DefaultWait`1.Until[TResult](Func`2 condition, CancellationToken token)","steps":[{"name":"Открыть страницу завершения обучения потока","time":{"start":1766555940486,"stop":1766555943570,"duration":3084},"status":"passed","steps":[],"attachments":[],"parameters":[{"name":"id","value":"\"9038\""}],"stepsCount":0,"attachmentsCount":0,"shouldDisplayMessage":false,"hasContent":true},{"name":"Выбрать первого студента из списка","time":{"start":1766555943571,"stop":1766555951383,"duration":7812},"status":"passed","steps":[],"attachments":[],"parameters":[],"stepsCount":0,"attachmentsCount":0,"shouldDisplayMessage":false,"hasContent":false},{"name":"Выбрать созданную резолюцию в статусе завершения обучения студента","time":{"start":1766555951385,"stop":1766555954194,"duration":2809},"status":"passed","steps":[],"attachments":[],"parameters":[{"name":"resInfo","value":"{\"block\":\"Не завершил\",\"text\":\"бю шщ щпуус\"}"}],"stepsCount":0,"attachmentsCount":0,"shouldDisplayMessage":false,"hasContent":true},{"name":"Нажать на кнопку Сохранить","time":{"start":1766555954195,"stop":1766555961078,"duration":6883},"status":"passed","steps":[],"attachments":[],"parameters":[],"stepsCount":0,"attachmentsCount":0,"shouldDisplayMessage":false,"hasContent":false},{"name":"Проверка того, что выбранная резолюция сохранился в статусе завершения обучения студента","time":{"start":1766555961078,"stop":1766555991597,"duration":30519},"status":"broken","statusMessage":"Timed out after 30 seconds","statusTrace":"OpenQA.Selenium.WebDriverTimeoutException: Timed out after 30 seconds\n ---> OpenQA.Selenium.NoSuchElementException: no such element: Unable to locate element: {\"method\":\"css selector\",\"selector\":\".q-notification__message\"}\n  (Session info: chrome=140.0.7339.127); For documentation on this error, please visit: https://www.selenium.dev/documentation/webdriver/troubleshooting/errors#no-such-element-exception\n   at OpenQA.Selenium.WebDriver.UnpackAndThrowOnError(Response errorResponse, String commandToExecute)\n   at OpenQA.Selenium.WebDriver.ExecuteAsync(String driverCommandToExecute, Dictionary`2 parameters)\n   at SeleniumExtras.WaitHelpers.ExpectedConditions.<>c__DisplayClass19_0.<ElementToBeClickable>b__0(IWebDriver driver)\n   at OpenQA.Selenium.Support.UI.DefaultWait`1.Until[TResult](Func`2 condition, CancellationToken token)\n   --- End of inner exception stack trace ---\n   at OpenQA.Selenium.Support.UI.DefaultWait`1.ThrowTimeoutException(String exceptionMessage, Exception lastException)\n   at OpenQA.Selenium.Support.UI.DefaultWait`1.Until[TResult](Func`2 condition, CancellationToken token)\n   at OpenQA.Selenium.Support.UI.DefaultWait`1.Until[TResult](Func`2 condition)\n   at OdinUiTests.Pages.EducationCompletionPage.__a$_around_CheckSelectedResolutionIsSaved_100666922_o(Dictionary`2 resInfo) in /azp/_work/1/s/Pages/EducationCompletionPage.cs:line 254\n   at OdinUiTests.Pages.EducationCompletionPage.__a$_around_CheckSelectedResolutionIsSaved_100666922_u(Object[])\n   at Allure.Net.Commons.Steps.AllureAbstractStepAspect.WrapSync[T](Func`2 target, Object[] args, MethodBase metadata, String stepName, List`1 stepParameters)","steps":[],"attachments":[],"parameters":[{"name":"resInfo","value":"{\"block\":\"Не завершил\",\"text\":\"бю шщ щпуус\"}"}],"stepsCount":0,"attachmentsCount":0,"shouldDisplayMessage":true,"hasContent":true}],"attachments":[{"uid":"94532cb5fbb9e073","name":"CheckSelectCreatedResolutionToStudentLearningStatus.jpg","source":"94532cb5fbb9e073.jpg","type":"image/jpeg","size":139514},{"uid":"a79ba01b4c23bd98","name":"Console Output","source":"a79ba01b4c23bd98.txt","type":"text/plain","size":77}],"parameters":[],"stepsCount":5,"attachmentsCount":2,"shouldDisplayMessage":true,"hasContent":true},"afterStages":[],"labels":[{"name":"thread","value":"NUnit.Fw.ParallelWorker#6"},{"name":"host","value":"11dafa908bc4"},{"name":"language","value":"C#"},{"name":"framework","value":"NUnit 3"},{"name":"package","value":"OdinUiTests.Tests.Cohort"},{"name":"testMethod","value":"CheckSelectCreatedResolutionToStudentLearningStatus"},{"name":"testClass","value":"EducationCompletionPageTests"},{"name":"suite","value":"Поток"},{"name":"subSuite","value":"Завершение обучения"},{"name":"severity","value":"normal"},{"name":"tag","value":"Поток"},{"name":"tag","value":"Дежурство"},{"name":"tag","value":"Регресс"},{"name":"resultFormat","value":"allure2"}],"parameters":[],"links":[],"hidden":false,"retry":false,"extra":{"severity":"normal","retries":[{"uid":"654a4af494ecd507","status":"broken","statusDetails":"System.Reflection.TargetInvocationException : Exception has been thrown by the target of an invocation.\n  ----> OpenQA.Selenium.WebDriverTimeoutException : Timed out after 30 seconds\n  ----> OpenQA.Selenium.NoSuchElementException : no such element: Unable to locate element: {\"method\":\"css selector\",\"selector\":\".q-notification__message\"}\n  (Session info: chrome=140.0.7339.127); For documentation on this error, please visit: https://www.selenium.dev/documentation/webdriver/troubleshooting/errors#no-such-element-exception","time":{"start":1766554666216,"stop":1766554712756,"duration":46540}}],"categories":[{"name":"Test defects","matchedStatuses":[],"flaky":false}],"history":{"statistic":{"failed":0,"broken":1,"skipped":0,"passed":7,"unknown":0,"total":8},"items":[{"uid":"5efddd0182b0d262","status":"passed","time":{"start":1761544091261,"stop":1761544115158,"duration":23897}},{"uid":"d317f416a2ec385a","status":"passed","time":{"start":1760921374892,"stop":1760921391805,"duration":16913}},{"uid":"b38e6213c40fb7bb","status":"passed","time":{"start":1759904290167,"stop":1759904308353,"duration":18186}},{"uid":"ac127fda6d75eb93","status":"passed","time":{"start":1759871725845,"stop":1759871743445,"duration":17600}},{"uid":"bc5b84584b223660","status":"passed","time":{"start":1759819105706,"stop":1759819122909,"duration":17203}},{"uid":"a23366e21d034c1","status":"passed","time":{"start":1759803985662,"stop":1759804002591,"duration":16929}},{"uid":"403bd1ed52157546","status":"passed","time":{"start":1759473924700,"stop":1759473945997,"duration":21297}}]},"tags":["Регресс","Дежурство","Поток"]},"source":"cf9123010f959e3c.json","parameterValues":[]}