{"uid":"d5d4cc78465cac6c","name":"Можно добавить новый групповой чат для групп и студентов","fullName":"OdinUiTests:OdinUiTests.Tests.Chat.GroupChatTests.CheckAddGroupChatWithUsers()","historyId":"9f70348833465ec9075236a1dac4b6b8","time":{"start":1766555943092,"stop":1766555996493,"duration":53401},"status":"broken","statusMessage":"System.Reflection.TargetInvocationException : Exception has been thrown by the target of an invocation.\n  ----> OpenQA.Selenium.WebDriverTimeoutException : Timed out after 30 seconds\n  ----> OpenQA.Selenium.NoSuchElementException : no such element: Unable to locate element: {\"method\":\"css selector\",\"selector\":\"[aria-label='Пользователи']\"}\n  (Session info: chrome=140.0.7339.127); For documentation on this error, please visit: https://www.selenium.dev/documentation/webdriver/troubleshooting/errors#no-such-element-exception","statusTrace":"   at System.Reflection.MethodBaseInvoker.InvokeWithManyArgs(Object obj, BindingFlags invokeAttr, Binder binder, Object[] parameters, CultureInfo culture)\n   at Allure.Net.Commons.Steps.AllureStepAspectBase.Around(String name, Object[] args, Func`2 target, MethodBase metadata, Type returnType)\n   at OdinUiTests.Pages.ChatCommonPage.__a$_around_FillCohortAndGroupsAndUsersField_100666413_w_0(Object[])\n   at OdinUiTests.Pages.ChatCommonPage.FillCohortAndGroupsAndUsersField(String cohortName, String groupName, String userName)\n   at OdinUiTests.Tests.Chat.ChatCommon.AddGroupChatWithUsers(IWebDriver driver, Int32 cohortId, Int32 groupId) in /azp/_work/1/s/Tests/Chat/ChatCommon.cs:line 757\n   at OdinUiTests.Tests.Chat.GroupChatTests.CheckAddGroupChatWithUsers() in /azp/_work/1/s/Tests/Chat/ChatTests.cs:line 788\n   at System.RuntimeMethodHandle.InvokeMethod(Object target, Void** arguments, Signature sig, Boolean isConstructor)\n   at System.Reflection.MethodBaseInvoker.InvokeWithNoArgs(Object obj, BindingFlags invokeAttr)\n--WebDriverTimeoutException\n   at OpenQA.Selenium.Support.UI.DefaultWait`1.ThrowTimeoutException(String exceptionMessage, Exception lastException)\n   at OpenQA.Selenium.Support.UI.DefaultWait`1.Until[TResult](Func`2 condition, CancellationToken token)\n   at OpenQA.Selenium.Support.UI.DefaultWait`1.Until[TResult](Func`2 condition)\n   at OdinUiTests.Pages.ChatCommonPage.FillContingentField(String contingent, String name) in /azp/_work/1/s/Pages/ChatCommonPage.cs:line 910\n   at OdinUiTests.Pages.ChatCommonPage.__a$_around_FillCohortAndGroupsAndUsersField_100666413_o(String cohortName, String groupName, String userName) in /azp/_work/1/s/Pages/ChatCommonPage.cs:line 935\n   at OdinUiTests.Pages.ChatCommonPage.__a$_around_FillCohortAndGroupsAndUsersField_100666413_u(Object[])\n   at Allure.Net.Commons.Steps.AllureAbstractStepAspect.WrapSync[T](Func`2 target, Object[] args, MethodBase metadata, String stepName, List`1 stepParameters)\n   at InvokeStub_AllureAbstractStepAspect.WrapSync(Object, Span`1)\n   at System.Reflection.MethodBaseInvoker.InvokeWithManyArgs(Object obj, BindingFlags invokeAttr, Binder binder, Object[] parameters, CultureInfo culture)\n--NoSuchElementException\n   at OpenQA.Selenium.WebDriver.UnpackAndThrowOnError(Response errorResponse, String commandToExecute)\n   at OpenQA.Selenium.WebDriver.ExecuteAsync(String driverCommandToExecute, Dictionary`2 parameters)\n   at SeleniumExtras.WaitHelpers.ExpectedConditions.<>c__DisplayClass19_0.<ElementToBeClickable>b__0(IWebDriver driver)\n   at OpenQA.Selenium.Support.UI.DefaultWait`1.Until[TResult](Func`2 condition, CancellationToken token)","flaky":false,"newFailed":false,"newBroken":true,"newPassed":false,"retriesCount":1,"retriesStatusChange":false,"beforeStages":[],"testStage":{"status":"broken","statusMessage":"System.Reflection.TargetInvocationException : Exception has been thrown by the target of an invocation.\n  ----> OpenQA.Selenium.WebDriverTimeoutException : Timed out after 30 seconds\n  ----> OpenQA.Selenium.NoSuchElementException : no such element: Unable to locate element: {\"method\":\"css selector\",\"selector\":\"[aria-label='Пользователи']\"}\n  (Session info: chrome=140.0.7339.127); For documentation on this error, please visit: https://www.selenium.dev/documentation/webdriver/troubleshooting/errors#no-such-element-exception","statusTrace":"   at System.Reflection.MethodBaseInvoker.InvokeWithManyArgs(Object obj, BindingFlags invokeAttr, Binder binder, Object[] parameters, CultureInfo culture)\n   at Allure.Net.Commons.Steps.AllureStepAspectBase.Around(String name, Object[] args, Func`2 target, MethodBase metadata, Type returnType)\n   at OdinUiTests.Pages.ChatCommonPage.__a$_around_FillCohortAndGroupsAndUsersField_100666413_w_0(Object[])\n   at OdinUiTests.Pages.ChatCommonPage.FillCohortAndGroupsAndUsersField(String cohortName, String groupName, String userName)\n   at OdinUiTests.Tests.Chat.ChatCommon.AddGroupChatWithUsers(IWebDriver driver, Int32 cohortId, Int32 groupId) in /azp/_work/1/s/Tests/Chat/ChatCommon.cs:line 757\n   at OdinUiTests.Tests.Chat.GroupChatTests.CheckAddGroupChatWithUsers() in /azp/_work/1/s/Tests/Chat/ChatTests.cs:line 788\n   at System.RuntimeMethodHandle.InvokeMethod(Object target, Void** arguments, Signature sig, Boolean isConstructor)\n   at System.Reflection.MethodBaseInvoker.InvokeWithNoArgs(Object obj, BindingFlags invokeAttr)\n--WebDriverTimeoutException\n   at OpenQA.Selenium.Support.UI.DefaultWait`1.ThrowTimeoutException(String exceptionMessage, Exception lastException)\n   at OpenQA.Selenium.Support.UI.DefaultWait`1.Until[TResult](Func`2 condition, CancellationToken token)\n   at OpenQA.Selenium.Support.UI.DefaultWait`1.Until[TResult](Func`2 condition)\n   at OdinUiTests.Pages.ChatCommonPage.FillContingentField(String contingent, String name) in /azp/_work/1/s/Pages/ChatCommonPage.cs:line 910\n   at OdinUiTests.Pages.ChatCommonPage.__a$_around_FillCohortAndGroupsAndUsersField_100666413_o(String cohortName, String groupName, String userName) in /azp/_work/1/s/Pages/ChatCommonPage.cs:line 935\n   at OdinUiTests.Pages.ChatCommonPage.__a$_around_FillCohortAndGroupsAndUsersField_100666413_u(Object[])\n   at Allure.Net.Commons.Steps.AllureAbstractStepAspect.WrapSync[T](Func`2 target, Object[] args, MethodBase metadata, String stepName, List`1 stepParameters)\n   at InvokeStub_AllureAbstractStepAspect.WrapSync(Object, Span`1)\n   at System.Reflection.MethodBaseInvoker.InvokeWithManyArgs(Object obj, BindingFlags invokeAttr, Binder binder, Object[] parameters, CultureInfo culture)\n--NoSuchElementException\n   at OpenQA.Selenium.WebDriver.UnpackAndThrowOnError(Response errorResponse, String commandToExecute)\n   at OpenQA.Selenium.WebDriver.ExecuteAsync(String driverCommandToExecute, Dictionary`2 parameters)\n   at SeleniumExtras.WaitHelpers.ExpectedConditions.<>c__DisplayClass19_0.<ElementToBeClickable>b__0(IWebDriver driver)\n   at OpenQA.Selenium.Support.UI.DefaultWait`1.Until[TResult](Func`2 condition, CancellationToken token)","steps":[{"name":"Открыть список чатов","time":{"start":1766555945865,"stop":1766555949189,"duration":3324},"status":"passed","steps":[],"attachments":[],"parameters":[],"stepsCount":0,"attachmentsCount":0,"shouldDisplayMessage":false,"hasContent":false},{"name":"Нажать на кнопку добавления чата","time":{"start":1766555949190,"stop":1766555957297,"duration":8107},"status":"passed","steps":[],"attachments":[],"parameters":[],"stepsCount":0,"attachmentsCount":0,"shouldDisplayMessage":false,"hasContent":false},{"name":"Выбрать групповой чат","time":{"start":1766555957297,"stop":1766555957880,"duration":583},"status":"passed","steps":[],"attachments":[],"parameters":[],"stepsCount":0,"attachmentsCount":0,"shouldDisplayMessage":false,"hasContent":false},{"name":"Ввести значение в поле 'Название чата' в появившемся окне","time":{"start":1766555957880,"stop":1766555958496,"duration":616},"status":"passed","steps":[],"attachments":[],"parameters":[],"stepsCount":0,"attachmentsCount":0,"shouldDisplayMessage":false,"hasContent":false},{"name":"Заполнить поля 'Поток', 'Группы', 'Пользователи'","time":{"start":1766555958497,"stop":1766555995793,"duration":37296},"status":"broken","statusMessage":"Timed out after 30 seconds","statusTrace":"OpenQA.Selenium.WebDriverTimeoutException: Timed out after 30 seconds\n ---> OpenQA.Selenium.NoSuchElementException: no such element: Unable to locate element: {\"method\":\"css selector\",\"selector\":\"[aria-label='Пользователи']\"}\n  (Session info: chrome=140.0.7339.127); For documentation on this error, please visit: https://www.selenium.dev/documentation/webdriver/troubleshooting/errors#no-such-element-exception\n   at OpenQA.Selenium.WebDriver.UnpackAndThrowOnError(Response errorResponse, String commandToExecute)\n   at OpenQA.Selenium.WebDriver.ExecuteAsync(String driverCommandToExecute, Dictionary`2 parameters)\n   at SeleniumExtras.WaitHelpers.ExpectedConditions.<>c__DisplayClass19_0.<ElementToBeClickable>b__0(IWebDriver driver)\n   at OpenQA.Selenium.Support.UI.DefaultWait`1.Until[TResult](Func`2 condition, CancellationToken token)\n   --- End of inner exception stack trace ---\n   at OpenQA.Selenium.Support.UI.DefaultWait`1.ThrowTimeoutException(String exceptionMessage, Exception lastException)\n   at OpenQA.Selenium.Support.UI.DefaultWait`1.Until[TResult](Func`2 condition, CancellationToken token)\n   at OpenQA.Selenium.Support.UI.DefaultWait`1.Until[TResult](Func`2 condition)\n   at OdinUiTests.Pages.ChatCommonPage.FillContingentField(String contingent, String name) in /azp/_work/1/s/Pages/ChatCommonPage.cs:line 910\n   at OdinUiTests.Pages.ChatCommonPage.__a$_around_FillCohortAndGroupsAndUsersField_100666413_o(String cohortName, String groupName, String userName) in /azp/_work/1/s/Pages/ChatCommonPage.cs:line 935\n   at OdinUiTests.Pages.ChatCommonPage.__a$_around_FillCohortAndGroupsAndUsersField_100666413_u(Object[])\n   at Allure.Net.Commons.Steps.AllureAbstractStepAspect.WrapSync[T](Func`2 target, Object[] args, MethodBase metadata, String stepName, List`1 stepParameters)","steps":[],"attachments":[],"parameters":[{"name":"cohortName","value":"\"23-09 Первый поток\""},{"name":"groupName","value":"\"Группа для удаления\""},{"name":"userName","value":"\"Salvation John\""}],"stepsCount":0,"attachmentsCount":0,"shouldDisplayMessage":true,"hasContent":true}],"attachments":[{"uid":"61d848613648e521","name":"CheckAddGroupChatWithUsers.jpg","source":"61d848613648e521.jpg","type":"image/jpeg","size":464930},{"uid":"c152b7648945c767","name":"Console Output","source":"c152b7648945c767.txt","type":"text/plain","size":41}],"parameters":[],"stepsCount":5,"attachmentsCount":2,"shouldDisplayMessage":true,"hasContent":true},"afterStages":[],"labels":[{"name":"thread","value":"NUnit.Fw.ParallelWorker#4"},{"name":"host","value":"11dafa908bc4"},{"name":"language","value":"C#"},{"name":"framework","value":"NUnit 3"},{"name":"package","value":"OdinUiTests.Tests.Chat"},{"name":"testMethod","value":"CheckAddGroupChatWithUsers"},{"name":"testClass","value":"GroupChatTests"},{"name":"suite","value":"Чат"},{"name":"subSuite","value":"Групповой чат"},{"name":"severity","value":"normal"},{"name":"tag","value":"Чат"},{"name":"tag","value":"Дежурство"},{"name":"tag","value":"Регресс"},{"name":"resultFormat","value":"allure2"}],"parameters":[],"links":[],"hidden":false,"retry":false,"extra":{"severity":"normal","retries":[{"uid":"487d27a6de6d93f6","status":"broken","statusDetails":"System.Reflection.TargetInvocationException : Exception has been thrown by the target of an invocation.\n  ----> OpenQA.Selenium.WebDriverTimeoutException : Timed out after 30 seconds\n  ----> OpenQA.Selenium.NoSuchElementException : no such element: Unable to locate element: {\"method\":\"css selector\",\"selector\":\"[aria-label='Пользователи']\"}\n  (Session info: chrome=140.0.7339.127); For documentation on this error, please visit: https://www.selenium.dev/documentation/webdriver/troubleshooting/errors#no-such-element-exception","time":{"start":1766554514104,"stop":1766554559710,"duration":45606}}],"categories":[{"name":"Test defects","matchedStatuses":[],"flaky":false}],"history":{"statistic":{"failed":0,"broken":4,"skipped":0,"passed":6,"unknown":0,"total":10},"items":[{"uid":"d7d94c7f2942883c","status":"passed","time":{"start":1761543905645,"stop":1761543935529,"duration":29884}},{"uid":"5afb7ca9b8193d05","status":"passed","time":{"start":1760920949302,"stop":1760920985479,"duration":36177}},{"uid":"312457cc8714cb2","status":"passed","time":{"start":1759987890476,"stop":1759987934392,"duration":43916}},{"uid":"3ae9e3c0fd1898fd","status":"passed","time":{"start":1759982676151,"stop":1759982738424,"duration":62273}},{"uid":"fd2bb38a660ec133","status":"passed","time":{"start":1759903836266,"stop":1759903876551,"duration":40285}},{"uid":"950d67b6c5aa0c16","status":"passed","time":{"start":1759871240375,"stop":1759871278636,"duration":38261}},{"uid":"501eeacb79ca9e1c","status":"broken","statusDetails":"System.Reflection.TargetInvocationException : Exception has been thrown by the target of an invocation.\n  ----> OpenQA.Selenium.WebDriverTimeoutException : Timed out after 30 seconds\n  ----> OpenQA.Selenium.NoSuchElementException : no such element: Unable to locate element: {\"method\":\"xpath\",\"selector\":\"//span[contains(text(),'Создать')]\"}\n  (Session info: chrome=140.0.7339.127); For documentation on this error, please visit: https://www.selenium.dev/documentation/webdriver/troubleshooting/errors#no-such-element-exception","time":{"start":1759820415223,"stop":1759820455509,"duration":40286}},{"uid":"1de917ff65dcba0f","status":"broken","statusDetails":"System.Reflection.TargetInvocationException : Exception has been thrown by the target of an invocation.\n  ----> OpenQA.Selenium.WebDriverTimeoutException : Timed out after 30 seconds\n  ----> OpenQA.Selenium.NoSuchElementException : no such element: Unable to locate element: {\"method\":\"xpath\",\"selector\":\"//span[contains(text(),'Создать')]\"}\n  (Session info: chrome=140.0.7339.127); For documentation on this error, please visit: https://www.selenium.dev/documentation/webdriver/troubleshooting/errors#no-such-element-exception","time":{"start":1759805377722,"stop":1759805419497,"duration":41775}},{"uid":"d3b77fc0600fc862","status":"broken","statusDetails":"System.Reflection.TargetInvocationException : Exception has been thrown by the target of an invocation.\n  ----> OpenQA.Selenium.WebDriverTimeoutException : Timed out after 30 seconds\n  ----> OpenQA.Selenium.NoSuchElementException : no such element: Unable to locate element: {\"method\":\"xpath\",\"selector\":\"//span[contains(text(),'Создать')]\"}\n  (Session info: chrome=140.0.7339.127); For documentation on this error, please visit: https://www.selenium.dev/documentation/webdriver/troubleshooting/errors#no-such-element-exception","time":{"start":1759475379512,"stop":1759475421088,"duration":41576}}]},"tags":["Регресс","Дежурство","Чат"]},"source":"d5d4cc78465cac6c.json","parameterValues":[]}