{"uid":"dad603928eaff091","name":"Чекбокс Многокритериальная проверка отображается, если выбрана опция Стандартная проверка","fullName":"OdinUiTests:OdinUiTests.Tests.Activity.TaskActivityMulticriteriaTests.CheckMultiCriteriaCheckboxIsDisplayed()","historyId":"7a44bac138149bb0ac6b88abd73e302d","time":{"start":1764825519156,"stop":1764825549556,"duration":30400},"status":"broken","statusMessage":"OpenQA.Selenium.WebDriverTimeoutException : Timed out after 30 seconds\n  ----> OpenQA.Selenium.NoSuchElementException : no such element: Unable to locate element: {\"method\":\"xpath\",\"selector\":\"//div[contains(text(),'Тип активности')]/parent::div\"}\n  (Session info: chrome=140.0.7339.127); For documentation on this error, please visit: https://www.selenium.dev/documentation/webdriver/troubleshooting/errors#no-such-element-exception","statusTrace":"   at OpenQA.Selenium.Support.UI.DefaultWait`1.ThrowTimeoutException(String exceptionMessage, Exception lastException)\n   at OpenQA.Selenium.Support.UI.DefaultWait`1.Until[TResult](Func`2 condition, CancellationToken token)\n   at OpenQA.Selenium.Support.UI.DefaultWait`1.Until[TResult](Func`2 condition)\n   at OdinUiTests.Services.CommonService.SelectValueFromDropdown(IWebDriver driver, By selector, String value) in /azp/_work/2/s/Services/CommonService.cs:line 801\n   at OdinUiTests.Pages.ActivityCommonEditPage.<>c__DisplayClass92_0.<SetActivityType>b__0() in /azp/_work/2/s/Pages/ActivityCommonEditPage.cs:line 345\n   at Allure.Net.Commons.AllureApi.<>c__DisplayClass34_0.<Step>b__0()\n   at Allure.Net.Commons.AllureApi.ExecuteAction[T](String name, Action`1 start, Func`1 action, Action`1 resolve)\n   at Allure.Net.Commons.AllureApi.ExecuteStep[T](String name, Func`1 action)\n   at Allure.Net.Commons.AllureApi.Step(String name, Action action)\n   at OdinUiTests.Pages.ActivityCommonEditPage.SetActivityType(String type) in /azp/_work/2/s/Pages/ActivityCommonEditPage.cs:line 343\n   at OdinUiTests.Tests.Activity.TaskActivityMulticriteriaTests.Setup() in /azp/_work/2/s/Tests/Activity/TaskActivityTests.cs:line 492\n   at System.RuntimeMethodHandle.InvokeMethod(Object target, Void** arguments, Signature sig, Boolean isConstructor)\n   at System.Reflection.MethodBaseInvoker.InvokeWithNoArgs(Object obj, BindingFlags invokeAttr)\n--NoSuchElementException\n   at OpenQA.Selenium.WebDriver.UnpackAndThrowOnError(Response errorResponse, String commandToExecute)\n   at OpenQA.Selenium.WebDriver.ExecuteAsync(String driverCommandToExecute, Dictionary`2 parameters)\n   at SeleniumExtras.WaitHelpers.ExpectedConditions.<>c__DisplayClass19_0.<ElementToBeClickable>b__0(IWebDriver driver)\n   at OpenQA.Selenium.Support.UI.DefaultWait`1.Until[TResult](Func`2 condition, CancellationToken token)","flaky":false,"newFailed":false,"newBroken":true,"newPassed":false,"retriesCount":0,"retriesStatusChange":false,"beforeStages":[],"testStage":{"status":"broken","statusMessage":"OpenQA.Selenium.WebDriverTimeoutException : Timed out after 30 seconds\n  ----> OpenQA.Selenium.NoSuchElementException : no such element: Unable to locate element: {\"method\":\"xpath\",\"selector\":\"//div[contains(text(),'Тип активности')]/parent::div\"}\n  (Session info: chrome=140.0.7339.127); For documentation on this error, please visit: https://www.selenium.dev/documentation/webdriver/troubleshooting/errors#no-such-element-exception","statusTrace":"   at OpenQA.Selenium.Support.UI.DefaultWait`1.ThrowTimeoutException(String exceptionMessage, Exception lastException)\n   at OpenQA.Selenium.Support.UI.DefaultWait`1.Until[TResult](Func`2 condition, CancellationToken token)\n   at OpenQA.Selenium.Support.UI.DefaultWait`1.Until[TResult](Func`2 condition)\n   at OdinUiTests.Services.CommonService.SelectValueFromDropdown(IWebDriver driver, By selector, String value) in /azp/_work/2/s/Services/CommonService.cs:line 801\n   at OdinUiTests.Pages.ActivityCommonEditPage.<>c__DisplayClass92_0.<SetActivityType>b__0() in /azp/_work/2/s/Pages/ActivityCommonEditPage.cs:line 345\n   at Allure.Net.Commons.AllureApi.<>c__DisplayClass34_0.<Step>b__0()\n   at Allure.Net.Commons.AllureApi.ExecuteAction[T](String name, Action`1 start, Func`1 action, Action`1 resolve)\n   at Allure.Net.Commons.AllureApi.ExecuteStep[T](String name, Func`1 action)\n   at Allure.Net.Commons.AllureApi.Step(String name, Action action)\n   at OdinUiTests.Pages.ActivityCommonEditPage.SetActivityType(String type) in /azp/_work/2/s/Pages/ActivityCommonEditPage.cs:line 343\n   at OdinUiTests.Tests.Activity.TaskActivityMulticriteriaTests.Setup() in /azp/_work/2/s/Tests/Activity/TaskActivityTests.cs:line 492\n   at System.RuntimeMethodHandle.InvokeMethod(Object target, Void** arguments, Signature sig, Boolean isConstructor)\n   at System.Reflection.MethodBaseInvoker.InvokeWithNoArgs(Object obj, BindingFlags invokeAttr)\n--NoSuchElementException\n   at OpenQA.Selenium.WebDriver.UnpackAndThrowOnError(Response errorResponse, String commandToExecute)\n   at OpenQA.Selenium.WebDriver.ExecuteAsync(String driverCommandToExecute, Dictionary`2 parameters)\n   at SeleniumExtras.WaitHelpers.ExpectedConditions.<>c__DisplayClass19_0.<ElementToBeClickable>b__0(IWebDriver driver)\n   at OpenQA.Selenium.Support.UI.DefaultWait`1.Until[TResult](Func`2 condition, CancellationToken token)","steps":[{"name":"Открыть страницу создания активности","time":{"start":1764825519157,"stop":1764825519370,"duration":213},"status":"passed","steps":[],"attachments":[],"parameters":[{"name":"disciplineId","value":"\"203\""}],"stepsCount":0,"attachmentsCount":0,"shouldDisplayMessage":false,"hasContent":true},{"name":"В поле 'Тип активности' выбрать значение 'Задание'","time":{"start":1764825519370,"stop":1764825549453,"duration":30083},"status":"broken","statusMessage":"Timed out after 30 seconds","statusTrace":"OpenQA.Selenium.WebDriverTimeoutException: Timed out after 30 seconds\n ---> OpenQA.Selenium.NoSuchElementException: no such element: Unable to locate element: {\"method\":\"xpath\",\"selector\":\"//div[contains(text(),'Тип активности')]/parent::div\"}\n  (Session info: chrome=140.0.7339.127); For documentation on this error, please visit: https://www.selenium.dev/documentation/webdriver/troubleshooting/errors#no-such-element-exception\n   at OpenQA.Selenium.WebDriver.UnpackAndThrowOnError(Response errorResponse, String commandToExecute)\n   at OpenQA.Selenium.WebDriver.ExecuteAsync(String driverCommandToExecute, Dictionary`2 parameters)\n   at SeleniumExtras.WaitHelpers.ExpectedConditions.<>c__DisplayClass19_0.<ElementToBeClickable>b__0(IWebDriver driver)\n   at OpenQA.Selenium.Support.UI.DefaultWait`1.Until[TResult](Func`2 condition, CancellationToken token)\n   --- End of inner exception stack trace ---\n   at OpenQA.Selenium.Support.UI.DefaultWait`1.ThrowTimeoutException(String exceptionMessage, Exception lastException)\n   at OpenQA.Selenium.Support.UI.DefaultWait`1.Until[TResult](Func`2 condition, CancellationToken token)\n   at OpenQA.Selenium.Support.UI.DefaultWait`1.Until[TResult](Func`2 condition)\n   at OdinUiTests.Services.CommonService.SelectValueFromDropdown(IWebDriver driver, By selector, String value) in /azp/_work/2/s/Services/CommonService.cs:line 801\n   at OdinUiTests.Pages.ActivityCommonEditPage.<>c__DisplayClass92_0.<SetActivityType>b__0() in /azp/_work/2/s/Pages/ActivityCommonEditPage.cs:line 345\n   at Allure.Net.Commons.AllureApi.<>c__DisplayClass34_0.<Step>b__0()\n   at Allure.Net.Commons.AllureApi.ExecuteAction[T](String name, Action`1 start, Func`1 action, Action`1 resolve)\n   at Allure.Net.Commons.AllureApi.ExecuteStep[T](String name, Func`1 action)\n   at Allure.Net.Commons.AllureApi.Step(String name, Action action)\n   at OdinUiTests.Pages.ActivityCommonEditPage.SetActivityType(String type) in /azp/_work/2/s/Pages/ActivityCommonEditPage.cs:line 343\n   at OdinUiTests.Tests.Activity.TaskActivityMulticriteriaTests.Setup() in /azp/_work/2/s/Tests/Activity/TaskActivityTests.cs:line 492\n   at System.RuntimeMethodHandle.InvokeMethod(Object target, Void** arguments, Signature sig, Boolean isConstructor)\n   at System.Reflection.MethodBaseInvoker.InvokeWithNoArgs(Object obj, BindingFlags invokeAttr)","steps":[],"attachments":[],"parameters":[],"stepsCount":0,"attachmentsCount":0,"shouldDisplayMessage":true,"hasContent":true}],"attachments":[{"uid":"4563e9644da09df5","name":"CheckMultiCriteriaCheckboxIsDisplayed.jpg","source":"4563e9644da09df5.jpg","type":"image/jpeg","size":103433},{"uid":"b0053dd2f9c45519","name":"Console Output","source":"b0053dd2f9c45519.txt","type":"text/plain","size":74}],"parameters":[],"stepsCount":2,"attachmentsCount":2,"shouldDisplayMessage":true,"hasContent":true},"afterStages":[],"labels":[{"name":"thread","value":"NUnit.Fw.ParallelWorker#1"},{"name":"host","value":"fdadc9821b00"},{"name":"language","value":"C#"},{"name":"framework","value":"NUnit 3"},{"name":"package","value":"OdinUiTests.Tests.Activity"},{"name":"testMethod","value":"CheckMultiCriteriaCheckboxIsDisplayed"},{"name":"testClass","value":"TaskActivityMulticriteriaTests"},{"name":"parentSuite","value":"Активность"},{"name":"suite","value":"Задание"},{"name":"subSuite","value":"Создание задания"},{"name":"severity","value":"critical"},{"name":"tag","value":"Активность"},{"name":"tag","value":"Дежурство"},{"name":"tag","value":"Регресс"},{"name":"resultFormat","value":"allure2"}],"parameters":[],"links":[],"hidden":false,"retry":false,"extra":{"severity":"critical","retries":[],"categories":[{"name":"Test defects","matchedStatuses":[],"flaky":false}],"history":{"statistic":{"failed":0,"broken":1,"skipped":0,"passed":7,"unknown":0,"total":8},"items":[{"uid":"4d618bae746fd2bc","status":"passed","time":{"start":1761543288964,"stop":1761543323774,"duration":34810}},{"uid":"b4c72c345c4f7773","status":"passed","time":{"start":1760922622596,"stop":1760922646178,"duration":23582}},{"uid":"7a811cc46ef8d447","status":"passed","time":{"start":1759902892356,"stop":1759902926069,"duration":33713}},{"uid":"8a4e65dc6040203b","status":"passed","time":{"start":1759870287853,"stop":1759870320952,"duration":33099}},{"uid":"149e3041dd989b27","status":"passed","time":{"start":1759817785222,"stop":1759817819528,"duration":34306}},{"uid":"f18321078f30631c","status":"passed","time":{"start":1759802709469,"stop":1759802743864,"duration":34395}},{"uid":"eac73e0542f9d1fc","status":"passed","time":{"start":1759473024806,"stop":1759473065491,"duration":40685}}]},"tags":["Регресс","Дежурство","Активность"]},"source":"dad603928eaff091.json","parameterValues":[]}