{"uid":"fa601a9dce44b29c","name":"Проверка завершения обучения переключение статуса для админа подразделения","fullName":"OdinUiTests:OdinUiTests.Tests.Exams.ExamCreateEditTests.CheckEndStudySwitchStatusForAdminDepartment()","historyId":"1f0e52d45c49e9403992916717b55a42","time":{"start":1766981405193,"stop":1766981441319,"duration":36126},"status":"broken","statusMessage":"System.Reflection.TargetInvocationException : Exception has been thrown by the target of an invocation.\n  ----> OpenQA.Selenium.WebDriverTimeoutException : Timed out after 30 seconds\n  ----> OpenQA.Selenium.NoSuchElementException : no such element: Unable to locate element: {\"method\":\"xpath\",\"selector\":\"//table//i[text()='more_vert']\"}\n  (Session info: chrome=140.0.7339.127); For documentation on this error, please visit: https://www.selenium.dev/documentation/webdriver/troubleshooting/errors#no-such-element-exception","statusTrace":"   at System.Reflection.MethodBaseInvoker.InvokeWithManyArgs(Object obj, BindingFlags invokeAttr, Binder binder, Object[] parameters, CultureInfo culture)\n   at Allure.Net.Commons.Steps.AllureStepAspectBase.Around(String name, Object[] args, Func`2 target, MethodBase metadata, Type returnType)\n   at OdinUiTests.Pages.ProgramInfoPage.__a$_around_ClickOnResultTrainingButton_100667152_w_0(Object[])\n   at OdinUiTests.Pages.ProgramInfoPage.ClickOnResultTrainingButton()\n   at OdinUiTests.Tests.Exams.ExamCreateEditTests.CheckEndStudySwitchStatusForAdminDepartment() in /azp/_work/1/s/Tests/Exams/TestCenterTests.cs:line 333\n   at System.RuntimeMethodHandle.InvokeMethod(Object target, Void** arguments, Signature sig, Boolean isConstructor)\n   at System.Reflection.MethodBaseInvoker.InvokeWithNoArgs(Object obj, BindingFlags invokeAttr)\n--WebDriverTimeoutException\n   at OpenQA.Selenium.Support.UI.DefaultWait`1.ThrowTimeoutException(String exceptionMessage, Exception lastException)\n   at OpenQA.Selenium.Support.UI.DefaultWait`1.Until[TResult](Func`2 condition, CancellationToken token)\n   at OpenQA.Selenium.Support.UI.DefaultWait`1.Until[TResult](Func`2 condition)\n   at OdinUiTests.Pages.ProgramInfoPage.__a$_around_ClickOnResultTrainingButton_100667152_o() in /azp/_work/1/s/Pages/ProgramInfoPage.cs:line 465\n   at OdinUiTests.Pages.ProgramInfoPage.__a$_around_ClickOnResultTrainingButton_100667152_u(Object[])\n   at Allure.Net.Commons.Steps.AllureAbstractStepAspect.WrapSync[T](Func`2 target, Object[] args, MethodBase metadata, String stepName, List`1 stepParameters)\n   at InvokeStub_AllureAbstractStepAspect.WrapSync(Object, Span`1)\n   at System.Reflection.MethodBaseInvoker.InvokeWithManyArgs(Object obj, BindingFlags invokeAttr, Binder binder, Object[] parameters, CultureInfo culture)\n--NoSuchElementException\n   at OpenQA.Selenium.WebDriver.UnpackAndThrowOnError(Response errorResponse, String commandToExecute)\n   at OpenQA.Selenium.WebDriver.ExecuteAsync(String driverCommandToExecute, Dictionary`2 parameters)\n   at SeleniumExtras.WaitHelpers.ExpectedConditions.<>c__DisplayClass19_0.<ElementToBeClickable>b__0(IWebDriver driver)\n   at OpenQA.Selenium.Support.UI.DefaultWait`1.Until[TResult](Func`2 condition, CancellationToken token)","flaky":false,"newFailed":false,"newBroken":true,"newPassed":false,"retriesCount":1,"retriesStatusChange":false,"beforeStages":[],"testStage":{"status":"broken","statusMessage":"System.Reflection.TargetInvocationException : Exception has been thrown by the target of an invocation.\n  ----> OpenQA.Selenium.WebDriverTimeoutException : Timed out after 30 seconds\n  ----> OpenQA.Selenium.NoSuchElementException : no such element: Unable to locate element: {\"method\":\"xpath\",\"selector\":\"//table//i[text()='more_vert']\"}\n  (Session info: chrome=140.0.7339.127); For documentation on this error, please visit: https://www.selenium.dev/documentation/webdriver/troubleshooting/errors#no-such-element-exception","statusTrace":"   at System.Reflection.MethodBaseInvoker.InvokeWithManyArgs(Object obj, BindingFlags invokeAttr, Binder binder, Object[] parameters, CultureInfo culture)\n   at Allure.Net.Commons.Steps.AllureStepAspectBase.Around(String name, Object[] args, Func`2 target, MethodBase metadata, Type returnType)\n   at OdinUiTests.Pages.ProgramInfoPage.__a$_around_ClickOnResultTrainingButton_100667152_w_0(Object[])\n   at OdinUiTests.Pages.ProgramInfoPage.ClickOnResultTrainingButton()\n   at OdinUiTests.Tests.Exams.ExamCreateEditTests.CheckEndStudySwitchStatusForAdminDepartment() in /azp/_work/1/s/Tests/Exams/TestCenterTests.cs:line 333\n   at System.RuntimeMethodHandle.InvokeMethod(Object target, Void** arguments, Signature sig, Boolean isConstructor)\n   at System.Reflection.MethodBaseInvoker.InvokeWithNoArgs(Object obj, BindingFlags invokeAttr)\n--WebDriverTimeoutException\n   at OpenQA.Selenium.Support.UI.DefaultWait`1.ThrowTimeoutException(String exceptionMessage, Exception lastException)\n   at OpenQA.Selenium.Support.UI.DefaultWait`1.Until[TResult](Func`2 condition, CancellationToken token)\n   at OpenQA.Selenium.Support.UI.DefaultWait`1.Until[TResult](Func`2 condition)\n   at OdinUiTests.Pages.ProgramInfoPage.__a$_around_ClickOnResultTrainingButton_100667152_o() in /azp/_work/1/s/Pages/ProgramInfoPage.cs:line 465\n   at OdinUiTests.Pages.ProgramInfoPage.__a$_around_ClickOnResultTrainingButton_100667152_u(Object[])\n   at Allure.Net.Commons.Steps.AllureAbstractStepAspect.WrapSync[T](Func`2 target, Object[] args, MethodBase metadata, String stepName, List`1 stepParameters)\n   at InvokeStub_AllureAbstractStepAspect.WrapSync(Object, Span`1)\n   at System.Reflection.MethodBaseInvoker.InvokeWithManyArgs(Object obj, BindingFlags invokeAttr, Binder binder, Object[] parameters, CultureInfo culture)\n--NoSuchElementException\n   at OpenQA.Selenium.WebDriver.UnpackAndThrowOnError(Response errorResponse, String commandToExecute)\n   at OpenQA.Selenium.WebDriver.ExecuteAsync(String driverCommandToExecute, Dictionary`2 parameters)\n   at SeleniumExtras.WaitHelpers.ExpectedConditions.<>c__DisplayClass19_0.<ElementToBeClickable>b__0(IWebDriver driver)\n   at OpenQA.Selenium.Support.UI.DefaultWait`1.Until[TResult](Func`2 condition, CancellationToken token)","steps":[{"name":"Открыть страницу образовательной программы","time":{"start":1766981408106,"stop":1766981408246,"duration":140},"status":"passed","steps":[],"attachments":[],"parameters":[{"name":"programId","value":"\"17251\""}],"stepsCount":0,"attachmentsCount":0,"shouldDisplayMessage":false,"hasContent":true},{"name":"Нажать на кнопку Завершить обучение для студентов экзамена","time":{"start":1766981408246,"stop":1766981441191,"duration":32945},"status":"broken","statusMessage":"Timed out after 30 seconds","statusTrace":"OpenQA.Selenium.WebDriverTimeoutException: Timed out after 30 seconds\n ---> OpenQA.Selenium.NoSuchElementException: no such element: Unable to locate element: {\"method\":\"xpath\",\"selector\":\"//table//i[text()='more_vert']\"}\n  (Session info: chrome=140.0.7339.127); For documentation on this error, please visit: https://www.selenium.dev/documentation/webdriver/troubleshooting/errors#no-such-element-exception\n   at OpenQA.Selenium.WebDriver.UnpackAndThrowOnError(Response errorResponse, String commandToExecute)\n   at OpenQA.Selenium.WebDriver.ExecuteAsync(String driverCommandToExecute, Dictionary`2 parameters)\n   at SeleniumExtras.WaitHelpers.ExpectedConditions.<>c__DisplayClass19_0.<ElementToBeClickable>b__0(IWebDriver driver)\n   at OpenQA.Selenium.Support.UI.DefaultWait`1.Until[TResult](Func`2 condition, CancellationToken token)\n   --- End of inner exception stack trace ---\n   at OpenQA.Selenium.Support.UI.DefaultWait`1.ThrowTimeoutException(String exceptionMessage, Exception lastException)\n   at OpenQA.Selenium.Support.UI.DefaultWait`1.Until[TResult](Func`2 condition, CancellationToken token)\n   at OpenQA.Selenium.Support.UI.DefaultWait`1.Until[TResult](Func`2 condition)\n   at OdinUiTests.Pages.ProgramInfoPage.__a$_around_ClickOnResultTrainingButton_100667152_o() in /azp/_work/1/s/Pages/ProgramInfoPage.cs:line 465\n   at OdinUiTests.Pages.ProgramInfoPage.__a$_around_ClickOnResultTrainingButton_100667152_u(Object[])\n   at Allure.Net.Commons.Steps.AllureAbstractStepAspect.WrapSync[T](Func`2 target, Object[] args, MethodBase metadata, String stepName, List`1 stepParameters)","steps":[],"attachments":[],"parameters":[],"stepsCount":0,"attachmentsCount":0,"shouldDisplayMessage":true,"hasContent":true}],"attachments":[{"uid":"a616de24ad4e550d","name":"CheckEndStudySwitchStatusForAdminDepartment.jpg","source":"a616de24ad4e550d.jpg","type":"image/jpeg","size":118013},{"uid":"74cf8901970c61b8","name":"Console Output","source":"74cf8901970c61b8.txt","type":"text/plain","size":58}],"parameters":[],"stepsCount":2,"attachmentsCount":2,"shouldDisplayMessage":true,"hasContent":true},"afterStages":[],"labels":[{"name":"thread","value":"NUnit.Fw.ParallelWorker#3"},{"name":"host","value":"a3417370314a"},{"name":"language","value":"C#"},{"name":"framework","value":"NUnit 3"},{"name":"package","value":"OdinUiTests.Tests.Exams"},{"name":"testMethod","value":"CheckEndStudySwitchStatusForAdminDepartment"},{"name":"testClass","value":"ExamCreateEditTests"},{"name":"suite","value":"Экзамен"},{"name":"severity","value":"normal"},{"name":"tag","value":"Экзамен"},{"name":"tag","value":"Дежурство"},{"name":"tag","value":"Регресс"},{"name":"resultFormat","value":"allure2"}],"parameters":[],"links":[],"hidden":false,"retry":false,"extra":{"severity":"normal","retries":[{"uid":"d7afe3902a1d1bab","status":"broken","statusDetails":"System.Reflection.TargetInvocationException : Exception has been thrown by the target of an invocation.\n  ----> OpenQA.Selenium.WebDriverTimeoutException : Timed out after 30 seconds\n  ----> OpenQA.Selenium.NoSuchElementException : no such element: Unable to locate element: {\"method\":\"css selector\",\"selector\":\".block-title .cursor-pointer\"}\n  (Session info: chrome=140.0.7339.127); For documentation on this error, please visit: https://www.selenium.dev/documentation/webdriver/troubleshooting/errors#no-such-element-exception","time":{"start":1766980774599,"stop":1766980817001,"duration":42402}}],"categories":[{"name":"Test defects","matchedStatuses":[],"flaky":false}],"history":{"statistic":{"failed":0,"broken":1,"skipped":0,"passed":12,"unknown":0,"total":13},"items":[{"uid":"4affcbdc6b790b93","status":"passed","time":{"start":1766725910159,"stop":1766725928030,"duration":17871}},{"uid":"7ba544069bc01fd0","status":"passed","time":{"start":1766718788626,"stop":1766718814337,"duration":25711}},{"uid":"bbdce0c90e30fcf6","status":"passed","time":{"start":1766650727121,"stop":1766650745694,"duration":18573}},{"uid":"19762f2fca54d3bb","status":"passed","time":{"start":1766555358588,"stop":1766555374782,"duration":16194}},{"uid":"fd2b143ff834ff69","status":"passed","time":{"start":1766549412383,"stop":1766549426155,"duration":13772}},{"uid":"27febe5b36d54447","status":"passed","time":{"start":1761544736355,"stop":1761544766450,"duration":30095}},{"uid":"fac470b0f1d232c0","status":"passed","time":{"start":1760921936388,"stop":1760921968118,"duration":31730}},{"uid":"b6c39abf74c8aa21","status":"passed","time":{"start":1759904900589,"stop":1759904925675,"duration":25086}},{"uid":"fe92a73b780f97a","status":"passed","time":{"start":1759872342639,"stop":1759872376644,"duration":34005}},{"uid":"d72197c6908b6c5c","status":"passed","time":{"start":1759819740017,"stop":1759819768106,"duration":28089}},{"uid":"9b5be80efac24380","status":"passed","time":{"start":1759804658068,"stop":1759804688276,"duration":30208}},{"uid":"9295f31d89e08ec5","status":"passed","time":{"start":1759474594610,"stop":1759474630618,"duration":36008}}]},"tags":["Регресс","Дежурство","Экзамен"]},"source":"fa601a9dce44b29c.json","parameterValues":[]}