{"uid":"fce109e555ac5159","name":"Можно загрузить материал типа Файл с компьютера в активность","fullName":"OdinUiTests:OdinUiTests.Tests.Activity.ActivityAddingTests.CheckAddFileMaterialToActivity()","historyId":"5649a84fc462ef6e5844d1be8057a416","time":{"start":1766651376187,"stop":1766651446848,"duration":70661},"status":"broken","statusMessage":"OpenQA.Selenium.WebDriverTimeoutException : Timed out after 30 seconds\n  ----> OpenQA.Selenium.NoSuchElementException : no such element: Unable to locate element: {\"method\":\"css selector\",\"selector\":\"[class*='q-page activity'] [href*='Content/Info']\"}\n  (Session info: chrome=140.0.7339.127); For documentation on this error, please visit: https://www.selenium.dev/documentation/webdriver/troubleshooting/errors#no-such-element-exception","statusTrace":"   at OpenQA.Selenium.Support.UI.DefaultWait`1.ThrowTimeoutException(String exceptionMessage, Exception lastException)\n   at OpenQA.Selenium.Support.UI.DefaultWait`1.Until[TResult](Func`2 condition, CancellationToken token)\n   at OpenQA.Selenium.Support.UI.DefaultWait`1.Until[TResult](Func`2 condition)\n   at OdinUiTests.Services.CommonService.WaitAndFind(IWebDriver driver, By selector, Int32 timeoutSeconds) in /azp/_work/1/s/Services/CommonService.cs:line 848\n   at OdinUiTests.Pages.ActivityCommonPage.<>c__DisplayClass125_0.<CheckMaterialIsAdded>b__0() in /azp/_work/1/s/Pages/ActivityCommonPage.cs:line 800\n   at Allure.Net.Commons.AllureApi.<>c__DisplayClass34_0.<Step>b__0()\n   at Allure.Net.Commons.AllureApi.ExecuteAction[T](String name, Action`1 start, Func`1 action, Action`1 resolve)\n   at Allure.Net.Commons.AllureApi.ExecuteStep[T](String name, Func`1 action)\n   at Allure.Net.Commons.AllureApi.Step(String name, Action action)\n   at OdinUiTests.Pages.ActivityCommonPage.CheckMaterialIsAdded(String type, Boolean isUploading, Boolean isTemplate, String name) in /azp/_work/1/s/Pages/ActivityCommonPage.cs:line 798\n   at OdinUiTests.Tests.Activity.ActivityCommon.AddFileMaterial(IWebDriver driver, Boolean isTemplate, String id) in /azp/_work/1/s/Tests/Activity/ActivityCommon.cs:line 62\n   at OdinUiTests.Tests.Activity.ActivityCommon.AddFileMaterialToActivity(IWebDriver driver, String activityId) in /azp/_work/1/s/Tests/Activity/ActivityCommon.cs:line 72\n   at OdinUiTests.Tests.Activity.ActivityAddingTests.CheckAddFileMaterialToActivity() in /azp/_work/1/s/Tests/Activity/ActivityTests.cs:line 354\n   at System.RuntimeMethodHandle.InvokeMethod(Object target, Void** arguments, Signature sig, Boolean isConstructor)\n   at System.Reflection.MethodBaseInvoker.InvokeWithNoArgs(Object obj, BindingFlags invokeAttr)\n--NoSuchElementException\n   at OpenQA.Selenium.WebDriver.UnpackAndThrowOnError(Response errorResponse, String commandToExecute)\n   at OpenQA.Selenium.WebDriver.ExecuteAsync(String driverCommandToExecute, Dictionary`2 parameters)\n   at SeleniumExtras.WaitHelpers.ExpectedConditions.<>c__DisplayClass19_0.<ElementToBeClickable>b__0(IWebDriver driver)\n   at OpenQA.Selenium.Support.UI.DefaultWait`1.Until[TResult](Func`2 condition, CancellationToken token)","flaky":false,"newFailed":false,"newBroken":true,"newPassed":false,"retriesCount":1,"retriesStatusChange":false,"beforeStages":[],"testStage":{"status":"broken","statusMessage":"OpenQA.Selenium.WebDriverTimeoutException : Timed out after 30 seconds\n  ----> OpenQA.Selenium.NoSuchElementException : no such element: Unable to locate element: {\"method\":\"css selector\",\"selector\":\"[class*='q-page activity'] [href*='Content/Info']\"}\n  (Session info: chrome=140.0.7339.127); For documentation on this error, please visit: https://www.selenium.dev/documentation/webdriver/troubleshooting/errors#no-such-element-exception","statusTrace":"   at OpenQA.Selenium.Support.UI.DefaultWait`1.ThrowTimeoutException(String exceptionMessage, Exception lastException)\n   at OpenQA.Selenium.Support.UI.DefaultWait`1.Until[TResult](Func`2 condition, CancellationToken token)\n   at OpenQA.Selenium.Support.UI.DefaultWait`1.Until[TResult](Func`2 condition)\n   at OdinUiTests.Services.CommonService.WaitAndFind(IWebDriver driver, By selector, Int32 timeoutSeconds) in /azp/_work/1/s/Services/CommonService.cs:line 848\n   at OdinUiTests.Pages.ActivityCommonPage.<>c__DisplayClass125_0.<CheckMaterialIsAdded>b__0() in /azp/_work/1/s/Pages/ActivityCommonPage.cs:line 800\n   at Allure.Net.Commons.AllureApi.<>c__DisplayClass34_0.<Step>b__0()\n   at Allure.Net.Commons.AllureApi.ExecuteAction[T](String name, Action`1 start, Func`1 action, Action`1 resolve)\n   at Allure.Net.Commons.AllureApi.ExecuteStep[T](String name, Func`1 action)\n   at Allure.Net.Commons.AllureApi.Step(String name, Action action)\n   at OdinUiTests.Pages.ActivityCommonPage.CheckMaterialIsAdded(String type, Boolean isUploading, Boolean isTemplate, String name) in /azp/_work/1/s/Pages/ActivityCommonPage.cs:line 798\n   at OdinUiTests.Tests.Activity.ActivityCommon.AddFileMaterial(IWebDriver driver, Boolean isTemplate, String id) in /azp/_work/1/s/Tests/Activity/ActivityCommon.cs:line 62\n   at OdinUiTests.Tests.Activity.ActivityCommon.AddFileMaterialToActivity(IWebDriver driver, String activityId) in /azp/_work/1/s/Tests/Activity/ActivityCommon.cs:line 72\n   at OdinUiTests.Tests.Activity.ActivityAddingTests.CheckAddFileMaterialToActivity() in /azp/_work/1/s/Tests/Activity/ActivityTests.cs:line 354\n   at System.RuntimeMethodHandle.InvokeMethod(Object target, Void** arguments, Signature sig, Boolean isConstructor)\n   at System.Reflection.MethodBaseInvoker.InvokeWithNoArgs(Object obj, BindingFlags invokeAttr)\n--NoSuchElementException\n   at OpenQA.Selenium.WebDriver.UnpackAndThrowOnError(Response errorResponse, String commandToExecute)\n   at OpenQA.Selenium.WebDriver.ExecuteAsync(String driverCommandToExecute, Dictionary`2 parameters)\n   at SeleniumExtras.WaitHelpers.ExpectedConditions.<>c__DisplayClass19_0.<ElementToBeClickable>b__0(IWebDriver driver)\n   at OpenQA.Selenium.Support.UI.DefaultWait`1.Until[TResult](Func`2 condition, CancellationToken token)","steps":[{"name":"Открыть страницу редактирования активности","time":{"start":1766651378955,"stop":1766651383271,"duration":4316},"status":"passed","steps":[{"name":"Открыть страницу редактирования активности","time":{"start":1766651378955,"stop":1766651383271,"duration":4316},"status":"passed","steps":[],"attachments":[],"parameters":[{"name":"activityId","value":"\"57\""}],"stepsCount":0,"attachmentsCount":0,"shouldDisplayMessage":false,"hasContent":true}],"attachments":[],"parameters":[{"name":"isTemplate","value":"false"},{"name":"id","value":"\"57\""}],"stepsCount":1,"attachmentsCount":0,"shouldDisplayMessage":false,"hasContent":true},{"name":"Нажать на кнопку 'Добавить материалы'","time":{"start":1766651383271,"stop":1766651400276,"duration":17005},"status":"passed","steps":[],"attachments":[],"parameters":[],"stepsCount":0,"attachmentsCount":0,"shouldDisplayMessage":false,"hasContent":false},{"name":"Загрузить материал типа 'Файл' с компьютера","time":{"start":1766651400277,"stop":1766651409067,"duration":8790},"status":"passed","steps":[],"attachments":[],"parameters":[{"name":"name","value":"\"download.jpg\""}],"stepsCount":0,"attachmentsCount":0,"shouldDisplayMessage":false,"hasContent":true},{"name":"Нажать на кнопку ‘Сохранить’","time":{"start":1766651409067,"stop":1766651416567,"duration":7500},"status":"passed","steps":[{"name":"Нажать на кнопку 'Сохранить' и подтвердить сохранение","time":{"start":1766651409067,"stop":1766651416567,"duration":7500},"status":"passed","steps":[],"attachments":[],"parameters":[],"stepsCount":0,"attachmentsCount":0,"shouldDisplayMessage":false,"hasContent":false}],"attachments":[],"parameters":[{"name":"isTemplate","value":"false"}],"stepsCount":1,"attachmentsCount":0,"shouldDisplayMessage":false,"hasContent":true},{"name":"Проверка того, что материал типа 'Файл' был загружен в активность","time":{"start":1766651416567,"stop":1766651446608,"duration":30041},"status":"broken","statusMessage":"Timed out after 30 seconds","statusTrace":"OpenQA.Selenium.WebDriverTimeoutException: Timed out after 30 seconds\n ---> OpenQA.Selenium.NoSuchElementException: no such element: Unable to locate element: {\"method\":\"css selector\",\"selector\":\"[class*='q-page activity'] [href*='Content/Info']\"}\n  (Session info: chrome=140.0.7339.127); For documentation on this error, please visit: https://www.selenium.dev/documentation/webdriver/troubleshooting/errors#no-such-element-exception\n   at OpenQA.Selenium.WebDriver.UnpackAndThrowOnError(Response errorResponse, String commandToExecute)\n   at OpenQA.Selenium.WebDriver.ExecuteAsync(String driverCommandToExecute, Dictionary`2 parameters)\n   at SeleniumExtras.WaitHelpers.ExpectedConditions.<>c__DisplayClass19_0.<ElementToBeClickable>b__0(IWebDriver driver)\n   at OpenQA.Selenium.Support.UI.DefaultWait`1.Until[TResult](Func`2 condition, CancellationToken token)\n   --- End of inner exception stack trace ---\n   at OpenQA.Selenium.Support.UI.DefaultWait`1.ThrowTimeoutException(String exceptionMessage, Exception lastException)\n   at OpenQA.Selenium.Support.UI.DefaultWait`1.Until[TResult](Func`2 condition, CancellationToken token)\n   at OpenQA.Selenium.Support.UI.DefaultWait`1.Until[TResult](Func`2 condition)\n   at OdinUiTests.Services.CommonService.WaitAndFind(IWebDriver driver, By selector, Int32 timeoutSeconds) in /azp/_work/1/s/Services/CommonService.cs:line 848\n   at OdinUiTests.Pages.ActivityCommonPage.<>c__DisplayClass125_0.<CheckMaterialIsAdded>b__0() in /azp/_work/1/s/Pages/ActivityCommonPage.cs:line 800\n   at Allure.Net.Commons.AllureApi.<>c__DisplayClass34_0.<Step>b__0()\n   at Allure.Net.Commons.AllureApi.ExecuteAction[T](String name, Action`1 start, Func`1 action, Action`1 resolve)\n   at Allure.Net.Commons.AllureApi.ExecuteStep[T](String name, Func`1 action)\n   at Allure.Net.Commons.AllureApi.Step(String name, Action action)\n   at OdinUiTests.Pages.ActivityCommonPage.CheckMaterialIsAdded(String type, Boolean isUploading, Boolean isTemplate, String name) in /azp/_work/1/s/Pages/ActivityCommonPage.cs:line 798\n   at OdinUiTests.Tests.Activity.ActivityCommon.AddFileMaterial(IWebDriver driver, Boolean isTemplate, String id) in /azp/_work/1/s/Tests/Activity/ActivityCommon.cs:line 62\n   at OdinUiTests.Tests.Activity.ActivityCommon.AddFileMaterialToActivity(IWebDriver driver, String activityId) in /azp/_work/1/s/Tests/Activity/ActivityCommon.cs:line 72\n   at OdinUiTests.Tests.Activity.ActivityAddingTests.CheckAddFileMaterialToActivity() in /azp/_work/1/s/Tests/Activity/ActivityTests.cs:line 354\n   at System.RuntimeMethodHandle.InvokeMethod(Object target, Void** arguments, Signature sig, Boolean isConstructor)\n   at System.Reflection.MethodBaseInvoker.InvokeWithNoArgs(Object obj, BindingFlags invokeAttr)","steps":[],"attachments":[],"parameters":[],"stepsCount":0,"attachmentsCount":0,"shouldDisplayMessage":true,"hasContent":true}],"attachments":[{"uid":"bc659d7d6e19845","name":"CheckAddFileMaterialToActivity.jpg","source":"bc659d7d6e19845.jpg","type":"image/jpeg","size":55204},{"uid":"cac4157691ede62a","name":"Console Output","source":"cac4157691ede62a.txt","type":"text/plain","size":46}],"parameters":[],"stepsCount":7,"attachmentsCount":2,"shouldDisplayMessage":true,"hasContent":true},"afterStages":[],"labels":[{"name":"thread","value":"NUnit.Fw.ParallelWorker#6"},{"name":"host","value":"df2e3ed18520"},{"name":"language","value":"C#"},{"name":"framework","value":"NUnit 3"},{"name":"package","value":"OdinUiTests.Tests.Activity"},{"name":"testMethod","value":"CheckAddFileMaterialToActivity"},{"name":"testClass","value":"ActivityAddingTests"},{"name":"parentSuite","value":"Активность"},{"name":"suite","value":"Обычная активность"},{"name":"subSuite","value":"Редактирование активности"},{"name":"severity","value":"critical"},{"name":"tag","value":"Активность"},{"name":"tag","value":"Дежурство"},{"name":"tag","value":"Регресс"},{"name":"resultFormat","value":"allure2"}],"parameters":[],"links":[],"hidden":false,"retry":false,"extra":{"severity":"critical","retries":[{"uid":"e29791b3afad1042","status":"broken","statusDetails":"System.Reflection.TargetInvocationException : Exception has been thrown by the target of an invocation.\n  ----> OpenQA.Selenium.WebDriverTimeoutException : Timed out after 30 seconds","time":{"start":1766649286837,"stop":1766649346850,"duration":60013}}],"categories":[{"name":"Test defects","matchedStatuses":[],"flaky":false}],"history":{"statistic":{"failed":2,"broken":1,"skipped":0,"passed":11,"unknown":0,"total":14},"items":[{"uid":"ccbbb37813d95686","status":"passed","time":{"start":1766553877988,"stop":1766553918907,"duration":40919}},{"uid":"3cb128021ec93f9e","status":"passed","time":{"start":1766134695006,"stop":1766134724382,"duration":29376}},{"uid":"ae972eb255287c64","status":"passed","time":{"start":1766133313847,"stop":1766133358482,"duration":44635}},{"uid":"622192c65eeca70a","status":"passed","time":{"start":1766033073425,"stop":1766033120504,"duration":47079}},{"uid":"cdd6483ee0de935e","status":"passed","time":{"start":1765781982981,"stop":1765782045485,"duration":62504}},{"uid":"fe7d0d2991f1cfef","status":"failed","statusDetails":"  {\"httpStatusCode\":400,\"errors\":[{\"key\":\"\",\"value\":\"Sequence contains no elements.\"}],\"isSuccess\":false}\nAssert.That(actual, Is.EqualTo(expected))\n  Expected: 200\n  But was:  400\n","time":{"start":1764825168680,"stop":1764825170178,"duration":1498}},{"uid":"cdecbb55bc6f4366","status":"failed","statusDetails":"  {\"httpStatusCode\":400,\"errors\":[{\"key\":\"\",\"value\":\"Sequence contains no elements.\"}],\"isSuccess\":false}\nAssert.That(actual, Is.EqualTo(expected))\n  Expected: 200\n  But was:  400\n","time":{"start":1761543293427,"stop":1761543299463,"duration":6036}},{"uid":"a19e44d6de83ce7f","status":"passed","time":{"start":1760919864908,"stop":1760919910010,"duration":45102}},{"uid":"974a9816d718d51","status":"passed","time":{"start":1759902893879,"stop":1759902934476,"duration":40597}},{"uid":"2b310cb8d168cb7e","status":"passed","time":{"start":1759870291848,"stop":1759870331442,"duration":39594}},{"uid":"fa854f6f5f07510d","status":"passed","time":{"start":1759817790923,"stop":1759817825925,"duration":35002}},{"uid":"c60e3a81a412169","status":"passed","time":{"start":1759802713458,"stop":1759802757059,"duration":43601}},{"uid":"c24c862314608bab","status":"passed","time":{"start":1759473024195,"stop":1759473074688,"duration":50493}}]},"tags":["Регресс","Дежурство","Активность"]},"source":"fce109e555ac5159.json","parameterValues":[]}